This is pdfTeX, Version 3.141592653-2.6-1.40.24 (TeX Live 2022/Debian) (preloaded format=pdflatex 2023.9.22)  10 APR 2024 20:55
entering extended mode
 restricted \write18 enabled.
 file:line:error style messages enabled.
 %&-line parsing enabled.
**Discrete.tex
(./Discrete.tex
LaTeX2e <2022-11-01> patch level 1
L3 programming layer <2023-01-16> (/usr/share/texlive/texmf-dist/tex/latex/base/article.cls
Document Class: article 2022/07/02 v1.4n Standard LaTeX document class
(/usr/share/texlive/texmf-dist/tex/latex/base/size10.clo
File: size10.clo 2022/07/02 v1.4n Standard LaTeX file (size option)
)
\c@part=\count185
\c@section=\count186
\c@subsection=\count187
\c@subsubsection=\count188
\c@paragraph=\count189
\c@subparagraph=\count190
\c@figure=\count191
\c@table=\count192
\abovecaptionskip=\skip48
\belowcaptionskip=\skip49
\bibindent=\dimen140
) (/usr/share/texlive/texmf-dist/tex/latex/graphics/graphicx.sty
Package: graphicx 2021/09/16 v1.2d Enhanced LaTeX Graphics (DPC,SPQR)
 (/usr/share/texlive/texmf-dist/tex/latex/graphics/keyval.sty
Package: keyval 2022/05/29 v1.15 key=value parser (DPC)
\KV@toks@=\toks16
) (/usr/share/texlive/texmf-dist/tex/latex/graphics/graphics.sty
Package: graphics 2022/03/10 v1.4e Standard LaTeX Graphics (DPC,SPQR)
 (/usr/share/texlive/texmf-dist/tex/latex/graphics/trig.sty
Package: trig 2021/08/11 v1.11 sin cos tan (DPC)
) (/usr/share/texlive/texmf-dist/tex/latex/graphics-cfg/graphics.cfg
File: graphics.cfg 2016/06/04 v1.11 sample graphics configuration
)
Package graphics Info: Driver file: pdftex.def on input line 107.
 (/usr/share/texlive/texmf-dist/tex/latex/graphics-def/pdftex.def
File: pdftex.def 2022/09/22 v1.2b Graphics/color driver for pdftex
))
\Gin@req@height=\dimen141
\Gin@req@width=\dimen142
) (/usr/share/texlive/texmf-dist/tex/latex/base/inputenc.sty
Package: inputenc 2021/02/14 v1.3d Input encoding file
\inpenc@prehook=\toks17
\inpenc@posthook=\toks18
) (/usr/share/texlive/texmf-dist/tex/latex/base/fontenc.sty
Package: fontenc 2021/04/29 v2.0v Standard LaTeX package
) (/usr/share/texlive/texmf-dist/tex/latex/base/textcomp.sty
Package: textcomp 2020/02/02 v2.0n Standard LaTeX package
) (/usr/share/texlive/texmf-dist/tex/latex/amsfonts/amssymb.sty
Package: amssymb 2013/01/14 v3.01 AMS font symbols
 (/usr/share/texlive/texmf-dist/tex/latex/amsfonts/amsfonts.sty
Package: amsfonts 2013/01/14 v3.01 Basic AMSFonts support
\@emptytoks=\toks19
\symAMSa=\mathgroup4
\symAMSb=\mathgroup5
LaTeX Font Info:    Redeclaring math symbol \hbar on input line 98.
LaTeX Font Info:    Overwriting math alphabet `\mathfrak' in version `bold'
(Font)                  U/euf/m/n --> U/euf/b/n on input line 106.
)) (/usr/share/texlive/texmf-dist/tex/latex/amsmath/amsmath.sty
Package: amsmath 2022/04/08 v2.17n AMS math features
\@mathmargin=\skip50

For additional information on amsmath, use the `?' option.
(/usr/share/texlive/texmf-dist/tex/latex/amsmath/amstext.sty
Package: amstext 2021/08/26 v2.01 AMS text
 (/usr/share/texlive/texmf-dist/tex/latex/amsmath/amsgen.sty
File: amsgen.sty 1999/11/30 v2.0 generic functions
\@emptytoks=\toks20
\ex@=\dimen143
)) (/usr/share/texlive/texmf-dist/tex/latex/amsmath/amsbsy.sty
Package: amsbsy 1999/11/29 v1.2d Bold Symbols
\pmbraise@=\dimen144
) (/usr/share/texlive/texmf-dist/tex/latex/amsmath/amsopn.sty
Package: amsopn 2022/04/08 v2.04 operator names
)
\inf@bad=\count193
LaTeX Info: Redefining \frac on input line 234.
\uproot@=\count194
\leftroot@=\count195
LaTeX Info: Redefining \overline on input line 399.
LaTeX Info: Redefining \colon on input line 410.
\classnum@=\count196
\DOTSCASE@=\count197
LaTeX Info: Redefining \ldots on input line 496.
LaTeX Info: Redefining \dots on input line 499.
LaTeX Info: Redefining \cdots on input line 620.
\Mathstrutbox@=\box51
\strutbox@=\box52
LaTeX Info: Redefining \big on input line 722.
LaTeX Info: Redefining \Big on input line 723.
LaTeX Info: Redefining \bigg on input line 724.
LaTeX Info: Redefining \Bigg on input line 725.
\big@size=\dimen145
LaTeX Font Info:    Redeclaring font encoding OML on input line 743.
LaTeX Font Info:    Redeclaring font encoding OMS on input line 744.
\macc@depth=\count198
LaTeX Info: Redefining \bmod on input line 905.
LaTeX Info: Redefining \pmod on input line 910.
LaTeX Info: Redefining \smash on input line 940.
LaTeX Info: Redefining \relbar on input line 970.
LaTeX Info: Redefining \Relbar on input line 971.
\c@MaxMatrixCols=\count199
\dotsspace@=\muskip16
\c@parentequation=\count266
\dspbrk@lvl=\count267
\tag@help=\toks21
\row@=\count268
\column@=\count269
\maxfields@=\count270
\andhelp@=\toks22
\eqnshift@=\dimen146
\alignsep@=\dimen147
\tagshift@=\dimen148
\tagwidth@=\dimen149
\totwidth@=\dimen150
\lineht@=\dimen151
\@envbody=\toks23
\multlinegap=\skip51
\multlinetaggap=\skip52
\mathdisplay@stack=\toks24
LaTeX Info: Redefining \[ on input line 2953.
LaTeX Info: Redefining \] on input line 2954.
)
\c@problem=\count271
\c@example=\count272
\c@lemma=\count273
\c@theorem=\count274


./Discrete.tex:15: LaTeX Error: Command \problem already defined.
               Or name \end... illegal, see p.192 of the manual.

See the LaTeX manual or LaTeX Companion for explanation.
Type  H <return>  for immediate help.
 ...                                              
                                                  
l.15 \newtheorem
                {example}{Example} \newtheorem{definition}{Definition}
Your command was ignored.
Type  I <command> <return>  to replace it with another command,
or  <return>  to continue without it.


./Discrete.tex:15: LaTeX Error: Command \example already defined.
               Or name \end... illegal, see p.192 of the manual.

See the LaTeX manual or LaTeX Companion for explanation.
Type  H <return>  for immediate help.
 ...                                              
                                                  
l.15 \newtheorem{example}{Example} \newtheorem
                                              {definition}{Definition}
Your command was ignored.
Type  I <command> <return>  to replace it with another command,
or  <return>  to continue without it.

\c@definition=\count275

./Discrete.tex:17: LaTeX Error: Command \lemma already defined.
               Or name \end... illegal, see p.192 of the manual.

See the LaTeX manual or LaTeX Companion for explanation.
Type  H <return>  for immediate help.
 ...                                              
                                                  
l.17 \newtheorem
                {theorem}{Theorem}
Your command was ignored.
Type  I <command> <return>  to replace it with another command,
or  <return>  to continue without it.


./Discrete.tex:18: LaTeX Error: Command \theorem already defined.
               Or name \end... illegal, see p.192 of the manual.

See the LaTeX manual or LaTeX Companion for explanation.
Type  H <return>  for immediate help.
 ...                                              
                                                  
l.18 
     
Your command was ignored.
Type  I <command> <return>  to replace it with another command,
or  <return>  to continue without it.

(/usr/share/texlive/texmf-dist/tex/latex/l3backend/l3backend-pdftex.def
File: l3backend-pdftex.def 2023-01-16 L3 backend support: PDF output (pdfTeX)
\l__color_backend_stack_int=\count276
\l__pdf_internal_box=\box53
) (./Discrete.aux)
\openout1 = `Discrete.aux'.

LaTeX Font Info:    Checking defaults for OML/cmm/m/it on input line 20.
LaTeX Font Info:    ... okay on input line 20.
LaTeX Font Info:    Checking defaults for OMS/cmsy/m/n on input line 20.
LaTeX Font Info:    ... okay on input line 20.
LaTeX Font Info:    Checking defaults for OT1/cmr/m/n on input line 20.
LaTeX Font Info:    ... okay on input line 20.
LaTeX Font Info:    Checking defaults for T1/cmr/m/n on input line 20.
LaTeX Font Info:    ... okay on input line 20.
LaTeX Font Info:    Checking defaults for TS1/cmr/m/n on input line 20.
LaTeX Font Info:    ... okay on input line 20.
LaTeX Font Info:    Checking defaults for OMX/cmex/m/n on input line 20.
LaTeX Font Info:    ... okay on input line 20.
LaTeX Font Info:    Checking defaults for U/cmr/m/n on input line 20.
LaTeX Font Info:    ... okay on input line 20.
 (/usr/share/texlive/texmf-dist/tex/context/base/mkii/supp-pdf.mkii
[Loading MPS to PDF converter (version 2006.09.02).]
\scratchcounter=\count277
\scratchdimen=\dimen152
\scratchbox=\box54
\nofMPsegments=\count278
\nofMParguments=\count279
\everyMPshowfont=\toks25
\MPscratchCnt=\count280
\MPscratchDim=\dimen153
\MPnumerator=\count281
\makeMPintoPDFobject=\count282
\everyMPtoPDFconversion=\toks26
) (/usr/share/texlive/texmf-dist/tex/latex/epstopdf-pkg/epstopdf-base.sty
Package: epstopdf-base 2020-01-24 v2.11 Base part for package epstopdf
 (/usr/share/texlive/texmf-dist/tex/generic/infwarerr/infwarerr.sty
Package: infwarerr 2019/12/03 v1.5 Providing info/warning/error messages (HO)
) (/usr/share/texlive/texmf-dist/tex/latex/grfext/grfext.sty
Package: grfext 2019/12/03 v1.3 Manage graphics extensions (HO)
 (/usr/share/texlive/texmf-dist/tex/generic/kvdefinekeys/kvdefinekeys.sty
Package: kvdefinekeys 2019-12-19 v1.6 Define keys (HO)
)) (/usr/share/texlive/texmf-dist/tex/latex/kvoptions/kvoptions.sty
Package: kvoptions 2022-06-15 v3.15 Key value format for package options (HO)
 (/usr/share/texlive/texmf-dist/tex/generic/ltxcmds/ltxcmds.sty
Package: ltxcmds 2020-05-10 v1.25 LaTeX kernel commands for general use (HO)
) (/usr/share/texlive/texmf-dist/tex/latex/kvsetkeys/kvsetkeys.sty
Package: kvsetkeys 2022-10-05 v1.19 Key value parser (HO)
)) (/usr/share/texlive/texmf-dist/tex/generic/pdftexcmds/pdftexcmds.sty
Package: pdftexcmds 2020-06-27 v0.33 Utility functions of pdfTeX for LuaTeX (HO)
 (/usr/share/texlive/texmf-dist/tex/generic/iftex/iftex.sty
Package: iftex 2022/02/03 v1.0f TeX engine tests
)
Package pdftexcmds Info: \pdf@primitive is available.
Package pdftexcmds Info: \pdf@ifprimitive is available.
Package pdftexcmds Info: \pdfdraftmode found.
)
Package epstopdf-base Info: Redefining graphics rule for `.eps' on input line 485.
Package grfext Info: Graphics extension search list:
(grfext)             [.pdf,.png,.jpg,.mps,.jpeg,.jbig2,.jb2,.PDF,.PNG,.JPG,.JPEG,.JBIG2,.JB2,.eps]
(grfext)             \AppendGraphicsExtensions on input line 504.
 (/usr/share/texlive/texmf-dist/tex/latex/latexconfig/epstopdf-sys.cfg
File: epstopdf-sys.cfg 2010/07/13 v1.3 Configuration of (r)epstopdf for TeX Live
))
LaTeX Font Info:    Trying to load font information for U+msa on input line 49.
 (/usr/share/texlive/texmf-dist/tex/latex/amsfonts/umsa.fd
File: umsa.fd 2013/01/14 v3.01 AMS symbols A
)
LaTeX Font Info:    Trying to load font information for U+msb on input line 49.
 (/usr/share/texlive/texmf-dist/tex/latex/amsfonts/umsb.fd
File: umsb.fd 2013/01/14 v3.01 AMS symbols B
)
<../Images//graph.png, id=1, 764.8575pt x 764.8575pt>
File: ../Images//graph.png Graphic file (type png)
<use ../Images//graph.png>
Package pdftex.def Info: ../Images//graph.png  used on input line 75.
(pdftex.def)             Requested size: 382.42781pt x 382.42781pt.

Overfull \hbox (37.42781pt too wide) in paragraph at lines 75--76
 [] 
 []

[1

{/var/lib/texmf/fonts/map/pdftex/updmap/pdftex.map}] [2 <../Images//graph.png>]
<../Images//equiv.png, id=26, 542.025pt x 542.025pt>
File: ../Images//equiv.png Graphic file (type png)
<use ../Images//equiv.png>
Package pdftex.def Info: ../Images//equiv.png  used on input line 116.
(pdftex.def)             Requested size: 135.5059pt x 135.5059pt.

./Discrete.tex:155: Missing $ inserted.
<inserted text> 
                $
l.155 https://en.wikipedia.org/wiki/Three_
                                          Witches
I've inserted a begin-math/end-math symbol since I think
you left one out. Proceed, with fingers crossed.

./Discrete.tex:156: Missing $ inserted.
<inserted text> 
                $
l.156 
      
I've inserted a begin-math/end-math symbol since I think
you left one out. Proceed, with fingers crossed.

./Discrete.tex:156: Missing } inserted.
<inserted text> 
                }
l.156 
      
I've inserted something that you may have forgotten.
(See the <inserted text> above.)
With luck, this will get me unwedged. But if you
really didn't forget anything, try typing `2' now; then
my insertion and my current dilemma will both disappear.

./Discrete.tex:156: Extra }, or forgotten \endgroup.
\par ...m \@noitemerr {\@@par }\fi \else {\@@par }
                                                  \fi 
l.156 
      
I've deleted a group-closing symbol because it seems to be
spurious, as in `$x}$'. But perhaps the } is legitimate and
you forgot something else, as in `\hbox{$x}'. In such cases
the way to recover is to insert both the forgotten and the
deleted material, e.g., by typing `I$}'.

[3 <../Images//equiv.png>]
./Discrete.tex:209: Missing delimiter (. inserted).
<to be read again> 
                   {
l.209         $$C_n = \left( \left{
                                    1, 2, \ldots, n \right},
I was expecting to see something like `(' or `\{' or
`\}' here. If you typed, e.g., `{' instead of `\{', you
should probably delete the `{' by typing `1' now, so that
braces don't get unbalanced. Otherwise just proceed.
Acceptable delimiters are characters whose \delcode is
nonnegative, or you can use `\delimiter <delimiter code>'.

./Discrete.tex:209: Missing } inserted.
<inserted text> 
                }
l.209 ..._n = \left( \left{ 1, 2, \ldots, n \right
                                                  },
I've inserted something that you may have forgotten.
(See the <inserted text> above.)
With luck, this will get me unwedged. But if you
really didn't forget anything, try typing `2' now; then
my insertion and my current dilemma will both disappear.

./Discrete.tex:209: Missing delimiter (. inserted).
<to be read again> 
                   }
l.209 ...n = \left( \left{ 1, 2, \ldots, n \right}
                                                  ,
I was expecting to see something like `(' or `\{' or
`\}' here. If you typed, e.g., `{' instead of `\{', you
should probably delete the `{' by typing `1' now, so that
braces don't get unbalanced. Otherwise just proceed.
Acceptable delimiters are characters whose \delcode is
nonnegative, or you can use `\delimiter <delimiter code>'.

./Discrete.tex:209: Extra }, or forgotten \right.
<recently read> }
                 
l.209 ...n = \left( \left{ 1, 2, \ldots, n \right}
                                                  ,
I've deleted a group-closing symbol because it seems to be
spurious, as in `$x}$'. But perhaps the } is legitimate and
you forgot something else, as in `\hbox{$x}'. In such cases
the way to recover is to insert both the forgotten and the
deleted material, e.g., by typing `I$}'.

[4]
<../Images//coloring.png, id=40, 907.39pt x 515.9275pt>
File: ../Images//coloring.png Graphic file (type png)
<use ../Images//coloring.png>
Package pdftex.def Info: ../Images//coloring.png  used on input line 284.
(pdftex.def)             Requested size: 317.59126pt x 180.57733pt.
 [5 <../Images//coloring.png>] [6]

./Discrete.tex:414: LaTeX Error: \begin{document} ended by \end{quote}.

See the LaTeX manual or LaTeX Companion for explanation.
Type  H <return>  for immediate help.
 ...                                              
                                                  
l.414 \end{quote}
                 
Your command was ignored.
Type  I <command> <return>  to replace it with another command,
or  <return>  to continue without it.

./Discrete.tex:414: Extra \endgroup.
<recently read> \endgroup 
                          
l.414 \end{quote}
                 
Things are pretty mixed up, but I think the worst is over.

./Discrete.tex:425: Undefined control sequence.
<recently read> \mathscr 
                         
l.425 \textbf{Proof.} $\mathscr
                               {G}$ siempre colorea con $\Delta + 1$  colore...
The control sequence at the end of the top line
of your error message was never \def'ed. If you have
misspelled it (e.g., `\hobx'), type `I' and the correct
spelling (e.g., `I\hbox'). Otherwise just continue,
and I'll forget about whatever was undefined.

./Discrete.tex:430: Undefined control sequence.
<recently read> \mathscr 
                         
l.430 ...colores distintos. En ese caso, $\mathscr
                                                  {G}$ descarta $d(v_i)$ col...
The control sequence at the end of the top line
of your error message was never \def'ed. If you have
misspelled it (e.g., `\hobx'), type `I' and the correct
spelling (e.g., `I\hbox'). Otherwise just continue,
and I'll forget about whatever was undefined.

./Discrete.tex:431: Undefined control sequence.
<recently read> \mathscr 
                         
l.431 ... $d(v_i) \leq \Delta$, entonces $\mathscr
                                                  {G}$ descarta a lo sumo $\...
The control sequence at the end of the top line
of your error message was never \def'ed. If you have
misspelled it (e.g., `\hobx'), type `I' and the correct
spelling (e.g., `I\hbox'). Otherwise just continue,
and I'll forget about whatever was undefined.

./Discrete.tex:479: Undefined control sequence.
<recently read> \mathscr 
                         
l.479 ...(que no es el anterior) tal que $\mathscr
                                                  {G}$ colorea $G$ con a lo
The control sequence at the end of the top line
of your error message was never \def'ed. If you have
misspelled it (e.g., `\hobx'), type `I' and the correct
spelling (e.g., `I\hbox'). Otherwise just continue,
and I'll forget about whatever was undefined.

./Discrete.tex:484: Undefined control sequence.
<recently read> \mathscr 
                         
l.484 del $\mathscr
                   {G}$). El peor caso posible, que $z$ tenga como vecinos a...
The control sequence at the end of the top line
of your error message was never \def'ed. If you have
misspelled it (e.g., `\hobx'), type `I' and the correct
spelling (e.g., `I\hbox'). Otherwise just continue,
and I'll forget about whatever was undefined.

./Discrete.tex:495: Undefined control sequence.
<recently read> \mathscr 
                         
l.495 Cuando llega a $x$, $\mathscr
                                   {G}$ elimina a lo sumo $d(x) = \delta$ co...
The control sequence at the end of the top line
of your error message was never \def'ed. If you have
misspelled it (e.g., `\hobx'), type `I' and the correct
spelling (e.g., `I\hbox'). Otherwise just continue,
and I'll forget about whatever was undefined.

[7] [8]
./Discrete.tex:515: Undefined control sequence.
<recently read> \mathscr 
                         
l.515 \subsection{Limitaciones de $\mathscr{G}$}
                                                
The control sequence at the end of the top line
of your error message was never \def'ed. If you have
misspelled it (e.g., `\hobx'), type `I' and the correct
spelling (e.g., `I\hbox'). Otherwise just continue,
and I'll forget about whatever was undefined.

./Discrete.tex:515: Undefined control sequence.
<argument> ...name }\fi Limitaciones de $\mathscr 
                                                  {G}$}{\thepage }{}\protect...
l.515 \subsection{Limitaciones de $\mathscr{G}$}
                                                
The control sequence at the end of the top line
of your error message was never \def'ed. If you have
misspelled it (e.g., `\hobx'), type `I' and the correct
spelling (e.g., `I\hbox'). Otherwise just continue,
and I'll forget about whatever was undefined.

./Discrete.tex:518: Undefined control sequence.
<recently read> \mathscr 
                         
l.518 \textbf{Ejemplo de $\mathscr{G}$ mal.}
                                             Sea $G = (V, E)$ un grafo tal q...
The control sequence at the end of the top line
of your error message was never \def'ed. If you have
misspelled it (e.g., `\hobx'), type `I' and the correct
spelling (e.g., `I\hbox'). Otherwise just continue,
and I'll forget about whatever was undefined.

./Discrete.tex:527: Undefined control sequence.
<recently read> \mathscr 
                         
l.527 $\mathscr
               {G}$ sobre este grafo, obtenemos un coloreo sub-√≥ptimo.
The control sequence at the end of the top line
of your error message was never \def'ed. If you have
misspelled it (e.g., `\hobx'), type `I' and the correct
spelling (e.g., `I\hbox'). Otherwise just continue,
and I'll forget about whatever was undefined.

./Discrete.tex:536: Undefined control sequence.
<recently read> \mathscr 
                         
l.536 ...ductiva}. Para todo $j \leq k$, $\mathscr
                                                  {G}$ colorea el grafo con
The control sequence at the end of the top line
of your error message was never \def'ed. If you have
misspelled it (e.g., `\hobx'), type `I' and the correct
spelling (e.g., `I\hbox'). Otherwise just continue,
and I'll forget about whatever was undefined.

./Discrete.tex:578: Undefined control sequence.
<recently read> \mathscr 
                         
l.578 ... arbitrario y se lo colorea con $\mathscr
                                                  {G}$. Luego hacer una pequ...
The control sequence at the end of the top line
of your error message was never \def'ed. If you have
misspelled it (e.g., `\hobx'), type `I' and the correct
spelling (e.g., `I\hbox'). Otherwise just continue,
and I'll forget about whatever was undefined.

./Discrete.tex:600: Undefined control sequence.
<recently read> \mathscr 
                         
l.600     color. Entonces $\mathscr
                                   {G}$ con ese orden usa a lo sumo $r$ colo...
The control sequence at the end of the top line
of your error message was never \def'ed. If you have
misspelled it (e.g., `\hobx'), type `I' and the correct
spelling (e.g., `I\hbox'). Otherwise just continue,
and I'll forget about whatever was undefined.

[9]
./Discrete.tex:612: Undefined control sequence.
<recently read> \mathscr 
                         
l.612 formar lados entre s√≠, $\mathscr
                                       {G}$ los colorea a todos con el color...
The control sequence at the end of the top line
of your error message was never \def'ed. If you have
misspelled it (e.g., `\hobx'), type `I' and the correct
spelling (e.g., `I\hbox'). Otherwise just continue,
and I'll forget about whatever was undefined.

./Discrete.tex:617: Undefined control sequence.
<recently read> \mathscr 
                         
l.617 ...no de los primeros $i$ bloques, $\mathscr
                                                  {G}$ lo
The control sequence at the end of the top line
of your error message was never \def'ed. If you have
misspelled it (e.g., `\hobx'), type `I' and the correct
spelling (e.g., `I\hbox'). Otherwise just continue,
and I'll forget about whatever was undefined.

./Discrete.tex:621: Undefined control sequence.
<recently read> \mathscr 
                         
l.621 caso en que $\mathscr
                           {G}$ lo colorea con un color menor o igual a $i +...
The control sequence at the end of the top line
of your error message was never \def'ed. If you have
misspelled it (e.g., `\hobx'), type `I' and the correct
spelling (e.g., `I\hbox'). Otherwise just continue,
and I'll forget about whatever was undefined.

[10] [11] [12]
Overfull \hbox (15.9849pt too wide) in paragraph at lines 804--806
[]\T1/cmr/m/it/10 Sea $\OML/cmm/m/it/10 f$ \T1/cmr/m/it/10 un flujo so-bre $\OMS/cmsy/m/n/10 N \OT1/cmr/m/n/10 = (\OML/cmm/m/it/10 G; E; c\OT1/cmr/m/n/10 )$
 []

./Discrete.tex:825: Undefined control sequence.
<recently read> \mathscr 
                         
l.825 ...ction{Algoritmo $\mathscr{G}$ para flujo}
                                                  
The control sequence at the end of the top line
of your error message was never \def'ed. If you have
misspelled it (e.g., `\hobx'), type `I' and the correct
spelling (e.g., `I\hbox'). Otherwise just continue,
and I'll forget about whatever was undefined.

./Discrete.tex:825: Undefined control sequence.
<argument> ...\endcsname }\fi Algoritmo $\mathscr 
                                                  {G}$ para flujo}{\thepage ...
l.825 ...ction{Algoritmo $\mathscr{G}$ para flujo}
                                                  
The control sequence at the end of the top line
of your error message was never \def'ed. If you have
misspelled it (e.g., `\hobx'), type `I' and the correct
spelling (e.g., `I\hbox'). Otherwise just continue,
and I'll forget about whatever was undefined.

./Discrete.tex:863: Undefined control sequence.
<recently read> \mathscr 
                         
l.863 ...ropiedades buenas del algoritmo $\mathscr
                                                  {G}$ para flujos son las s...
The control sequence at the end of the top line
of your error message was never \def'ed. If you have
misspelled it (e.g., `\hobx'), type `I' and the correct
spelling (e.g., `I\hbox'). Otherwise just continue,
and I'll forget about whatever was undefined.

[13]
./Discrete.tex:874: Undefined control sequence.
<recently read> \mathscr 
                         
l.874 ...aptamos un poco el algoritmo de $\mathscr
                                                  {G}$. Para dar con la
The control sequence at the end of the top line
of your error message was never \def'ed. If you have
misspelled it (e.g., `\hobx'), type `I' and the correct
spelling (e.g., `I\hbox'). Otherwise just continue,
and I'll forget about whatever was undefined.

[14] [15] [16]
Overfull \hbox (16.9739pt too wide) in paragraph at lines 1129--1131
[]\T1/cmr/m/it/10 Si las ca-paci-dades son to-das en-teras, Ford-Fulkerson
 []

[17]
Overfull \hbox (3.25977pt too wide) in paragraph at lines 1174--1175
[]\T1/cmr/m/it/10 Edmonds-Karp siem-pre ter-mina y opera con com-ple-ji-dad $\OML/cmm/m/it/10 O\OT1/cmr/m/n/10 (\OML/cmm/m/it/10 nm[]\OT1/cmr/m/n/10 )$\T1/cmr/m/it/10 . 
 []


Overfull \hbox (14.42993pt too wide) in paragraph at lines 1180--1181
[]\T1/cmr/m/it/10 Un lado es (o se vuelve)
 []


Overfull \hbox (5.4884pt too wide) detected at line 1197
[]
 []

[18] [19]
./Discrete.tex:1311: Double subscript.
l.1311 ...cientes respecto a los flujos $f_0, f_1_
                                                  , \ldots$. Hacemos la prue...
I treat `x_1_2' essentially like `x_1{}_2'.


Overfull \hbox (2.01329pt too wide) in paragraph at lines 1322--1328
\T1/cmr/m/n/9 Edmonds-Karp, este camino es de lon-gi-tud mÌn-ima. $\U/msa/m/n/9 )$ $\OML/cmm/m/it/9 d[]\OT1/cmr/m/n/9 (\OML/cmm/m/it/9 y\OT1/cmr/m/n/9 ) =
 []

[20]
Overfull \hbox (45.04027pt too wide) in paragraph at lines 1418--1419
[]$\OML/cmm/m/it/10 E \OT1/cmr/m/n/10 = []$ 
 []

[21]
./Discrete.tex:1444: Undefined control sequence.
<recently read> \mathscr 
                         
l.1444 $\mathscr
                {G}$ usando DFS. Observe que en el network auxiliar no se us...
The control sequence at the end of the top line
of your error message was never \def'ed. If you have
misspelled it (e.g., `\hobx'), type `I' and the correct
spelling (e.g., `I\hbox'). Otherwise just continue,
and I'll forget about whatever was undefined.

./Discrete.tex:1488: Undefined control sequence.
<recently read> \mathscr 
                         
l.1488 en $0$. M√°s a√∫n, como se usa $\mathscr
                                               {G}$, los lados no se desatur...
The control sequence at the end of the top line
of your error message was never \def'ed. If you have
misspelled it (e.g., `\hobx'), type `I' and the correct
spelling (e.g., `I\hbox'). Otherwise just continue,
and I'll forget about whatever was undefined.

[22]
./Discrete.tex:1495: Undefined control sequence.
<recently read> \mathscr 
                         
l.1495 ...a $sBHt : 70$, tambi√©n usando $\mathscr
                                                  {G}$. Una vez se hace esto...
The control sequence at the end of the top line
of your error message was never \def'ed. If you have
misspelled it (e.g., `\hobx'), type `I' and the correct
spelling (e.g., `I\hbox'). Otherwise just continue,
and I'll forget about whatever was undefined.


Overfull \hbox (0.43633pt too wide) in paragraph at lines 1499--1500
[]\T1/cmr/m/n/9 Se hace $[] \OML/cmm/m/it/9 ; [] ; [] ; [] ; []$ 
 []

[23] [24]
Overfull \hbox (0.55078pt too wide) in paragraph at lines 1634--1640
[]\T1/cmr/bx/n/9 Caso 2.2.2 $\OML/cmm/m/it/9 d\OT1/cmr/m/n/9 (\OML/cmm/m/it/9 x[]\OT1/cmr/m/n/9 ) \OML/cmm/m/it/9 < i \OT1/cmr/m/n/9 + 1$\T1/cmr/m/n/9 . Como $\OML/cmm/m/it/9 x[] \OMS/cmsy/m/n/9 2
 []


Overfull \hbox (10.63261pt too wide) in paragraph at lines 1634--1640
\T1/cmr/m/n/9 Pero con-sid-er-e-mos que $\OML/cmm/m/it/9 b\OT1/cmr/m/n/9 (\OML/cmm/m/it/9 x[]\OT1/cmr/m/n/9 ) \OMS/cmsy/m/n/9 ^^T \OML/cmm/m/it/9 b[]\OT1/cmr/m/n/9 (\OML/cmm/m/it/9 x[]\OT1/cmr/m/n/9 ) \OML/cmm/m/it/9 <
 []


Overfull \hbox (0.6333pt too wide) in paragraph at lines 1634--1640
\OMS/cmsy/m/n/9 N[]$\T1/cmr/m/n/9 . En-tonces, ex-iste un camino $\OML/cmm/m/it/9 x[] [] t$
 []


Overfull \hbox (27.34917pt too wide) in paragraph at lines 1634--1640
\T1/cmr/m/n/9 en $\OMS/cmsy/m/n/9 N[]$\T1/cmr/m/n/9 . En-tonces ex-iste un camino $\OML/cmm/m/it/9 s [] x[] [] t$
 []


Overfull \hbox (0.10028pt too wide) in paragraph at lines 1641--1644
[]\T1/cmr/m/n/9 Esto im-plica que $\OML/cmm/m/it/9 d\OT1/cmr/m/n/9 (\OML/cmm/m/it/9 t\OT1/cmr/m/n/9 ) = \OML/cmm/m/it/9 d\OT1/cmr/m/n/9 (\OML/cmm/m/it/9 x[]\OT1/cmr/m/n/9 ) + \OML/cmm/m/it/9 b\OT1/cmr/m/n/9 (\OML/cmm/m/it/9 x[]\OT1/cmr/m/n/9 )$\T1/cmr/m/n/9 .
 []

[25]
Overfull \hbox (133.22818pt too wide) detected at line 1746
[]
 []

[26]
Overfull \hbox (26.32509pt too wide) in paragraph at lines 1751--1756
[]\T1/cmr/m/n/10 Entonces, una cor-rida de Dinitz oc-ci-den-tal es una pal-abra $\OML/cmm/m/it/10 AAAIAAARAARRA []$
 []


Overfull \hbox (6.26582pt too wide) in paragraph at lines 1760--1761
[]$\U/msa/m/n/10 ) \OML/cmm/m/it/10 O\OT1/cmr/m/n/10 (\OML/cmm/m/it/10 A [] AR\OT1/cmr/m/n/10 ) = \OML/cmm/m/it/10 O\OT1/cmr/m/n/10 (\OML/cmm/m/it/10 n\OT1/cmr/m/n/10 ) + \OML/cmm/m/it/10 O\OT1/cmr/m/n/10 (1) + \OML/cmm/m/it/10 O\OT1/cmr/m/n/10 (\OML/cmm/m/it/10 n\OT1/cmr/m/n/10 )$ \T1/cmr/m/n/10 y $\OML/cmm/m/it/10 O\OT1/cmr/m/n/10 (\OML/cmm/m/it/10 A [] AI\OT1/cmr/m/n/10 ) = \OML/cmm/m/it/10 O\OT1/cmr/m/n/10 (\OML/cmm/m/it/10 n\OT1/cmr/m/n/10 )(#\OML/cmm/m/it/10 A\OT1/cmr/m/n/10 ) + \OML/cmm/m/it/10 O\OT1/cmr/m/n/10 (\OML/cmm/m/it/10 n\OT1/cmr/m/n/10 )(#\OML/cmm/m/it/10 I\OT1/cmr/m/n/10 ) =
 []

[27] [28] [29] [30] [31]
./Discrete.tex:1966: Undefined control sequence.
<recently read> \mcd 
                     
l.1966 ...$\left\{ i, j \right\} $ tales que $\mcd
                                                  (i, j) = 1$ (coprimos).
The control sequence at the end of the top line
of your error message was never \def'ed. If you have
misspelled it (e.g., `\hobx'), type `I' and the correct
spelling (e.g., `I\hbox'). Otherwise just continue,
and I'll forget about whatever was undefined.

[32] [33]
./Discrete.tex:2041: Undefined control sequence.
<recently read> \mathscr 
                         
l.2041 ...V, E) $ un grafo coloreado por $\mathscr
                                                  {G}$ con $t$ colores y $V_...
The control sequence at the end of the top line
of your error message was never \def'ed. If you have
misspelled it (e.g., `\hobx'), type `I' and the correct
spelling (e.g., `I\hbox'). Otherwise just continue,
and I'll forget about whatever was undefined.

./Discrete.tex:2050: Undefined control sequence.
<recently read> \mathscr 
                         
l.2050 ...unas mejoran el rendimiento de $\mathscr
                                                  {G}$
The control sequence at the end of the top line
of your error message was never \def'ed. If you have
misspelled it (e.g., `\hobx'), type `I' and the correct
spelling (e.g., `I\hbox'). Otherwise just continue,
and I'll forget about whatever was undefined.

./Discrete.tex:2058: Undefined control sequence.
<recently read> \mathscr 
                         
l.2058 ...as√≠ hasta $V_{t-1}$, entonces $\mathscr
                                                  {G}$ con ese orden colorea...
The control sequence at the end of the top line
of your error message was never \def'ed. If you have
misspelled it (e.g., `\hobx'), type `I' and the correct
spelling (e.g., `I\hbox'). Otherwise just continue,
and I'll forget about whatever was undefined.

./Discrete.tex:2063: Undefined control sequence.
<recently read> \mathscr 
                         
l.2063     Pues $\mathscr
                         {G}$ asigna un color m√≠nimo a cada v√©rtice, s√≥lo...
The control sequence at the end of the top line
of your error message was never \def'ed. If you have
misspelled it (e.g., `\hobx'), type `I' and the correct
spelling (e.g., `I\hbox'). Otherwise just continue,
and I'll forget about whatever was undefined.

./Discrete.tex:2073: Undefined control sequence.
<recently read> \mathscr 
                         
l.2073 ... 1}, V_{t-2}$. Entonces correr $\mathscr
                                                  {G}$ con este nuevo orden ...
The control sequence at the end of the top line
of your error message was never \def'ed. If you have
misspelled it (e.g., `\hobx'), type `I' and the correct
spelling (e.g., `I\hbox'). Otherwise just continue,
and I'll forget about whatever was undefined.

./Discrete.tex:2087: Undefined control sequence.
<recently read> \mathscr 
                         
l.2087 ...les. Se usa el color $t - 1$ y $\mathscr
                                                  {G}$ colorea
The control sequence at the end of the top line
of your error message was never \def'ed. If you have
misspelled it (e.g., `\hobx'), type `I' and the correct
spelling (e.g., `I\hbox'). Otherwise just continue,
and I'll forget about whatever was undefined.

./Discrete.tex:2096: Undefined control sequence.
<recently read> \mathscr 
                         
l.2096 $\mathscr
                {G}$ con este nuevo orden colorea $G$ con exactamente $t$ co...
The control sequence at the end of the top line
of your error message was never \def'ed. If you have
misspelled it (e.g., `\hobx'), type `I' and the correct
spelling (e.g., `I\hbox'). Otherwise just continue,
and I'll forget about whatever was undefined.

./Discrete.tex:2121: Undefined control sequence.
<recently read> \mathscr 
                         
l.2121 ...Pues en el mejor de los casos, $\mathscr
                                                  {G}$ usa $t - 1$ colores, ...
The control sequence at the end of the top line
of your error message was never \def'ed. If you have
misspelled it (e.g., `\hobx'), type `I' and the correct
spelling (e.g., `I\hbox'). Otherwise just continue,
and I'll forget about whatever was undefined.

./Discrete.tex:2122: Undefined control sequence.
<recently read> \mathscr 
                         
l.2122     este orden $\mathscr
                               {G}$ usa exactamente $t$ colores.
The control sequence at the end of the top line
of your error message was never \def'ed. If you have
misspelled it (e.g., `\hobx'), type `I' and the correct
spelling (e.g., `I\hbox'). Otherwise just continue,
and I'll forget about whatever was undefined.

[34]
<../Images//Grafo10.png, id=148, 425.59pt x 455.7025pt>
File: ../Images//Grafo10.png Graphic file (type png)
<use ../Images//Grafo10.png>
Package pdftex.def Info: ../Images//Grafo10.png  used on input line 2139.
(pdftex.def)             Requested size: 127.67798pt x 136.71179pt.
<../Images//Subgrafo10.png, id=149, 361.35pt x 363.3575pt>
File: ../Images//Subgrafo10.png Graphic file (type png)
<use ../Images//Subgrafo10.png>
Package pdftex.def Info: ../Images//Subgrafo10.png  used on input line 2145.
(pdftex.def)             Requested size: 108.40584pt x 109.00809pt.
 [35 <../Images//Grafo10.png> <../Images//Subgrafo10.png>]
./Discrete.tex:2166: Undefined control sequence.
<recently read> \mathscr 
                         
l.2166 Es f√°cil notar que $\mathscr
                                    {G}$ da un coloreo propio de $4$ colores...
The control sequence at the end of the top line
of your error message was never \def'ed. If you have
misspelled it (e.g., `\hobx'), type `I' and the correct
spelling (e.g., `I\hbox'). Otherwise just continue,
and I'll forget about whatever was undefined.

[36] [37]
Overfull \hbox (40.46513pt too wide) detected at line 2267
[]
 []

[38]
./Discrete.tex:2292: Undefined control sequence.
<recently read> \mathscr 
                         
l.2292 ...unda cuesti√≥n obvia es que si $\mathscr
                                                  {I}$ es la cantidad total ...
The control sequence at the end of the top line
of your error message was never \def'ed. If you have
misspelled it (e.g., `\hobx'), type `I' and the correct
spelling (e.g., `I\hbox'). Otherwise just continue,
and I'll forget about whatever was undefined.

./Discrete.tex:2294: Undefined control sequence.
<recently read> \mathscr 
                         
l.2294 ... poder ser capaz de transferir $\mathscr
                                                  {I}$ a $x$. Es
The control sequence at the end of the top line
of your error message was never \def'ed. If you have
misspelled it (e.g., `\hobx'), type `I' and the correct
spelling (e.g., `I\hbox'). Otherwise just continue,
and I'll forget about whatever was undefined.

[39] [40] (./Discrete.aux) ) 
Here is how much of TeX's memory you used:
 3576 strings out of 476091
 54676 string characters out of 5794081
 1884330 words of memory out of 5000000
 23894 multiletter control sequences out of 15000+600000
 534398 words of font info for 84 fonts, out of 8000000 for 9000
 1141 hyphenation exceptions out of 8191
 62i,26n,67p,378b,453s stack positions out of 10000i,1000n,20000p,200000b,200000s
{/usr/share/texmf/fonts/enc/dvips/cm-super/cm-super-ts1.enc}{/usr/share/texmf/fonts/enc/dvips/cm-super/cm-super-t1.enc}</usr/share/texlive/texmf-dist/fonts/type1/public/amsfonts/cm/cmex10.pfb></usr/share/texlive/texmf-dist/fonts/type1/public/amsfonts/cmextra/cmex9.pfb></usr/share/texlive/texmf-dist/fonts/type1/public/amsfonts/cm/cmmi10.pfb></usr/share/texlive/texmf-dist/fonts/type1/public/amsfonts/cm/cmmi12.pfb></usr/share/texlive/texmf-dist/fonts/type1/public/amsfonts/cm/cmmi5.pfb></usr/share/texlive/texmf-dist/fonts/type1/public/amsfonts/cm/cmmi6.pfb></usr/share/texlive/texmf-dist/fonts/type1/public/amsfonts/cm/cmmi7.pfb></usr/share/texlive/texmf-dist/fonts/type1/public/amsfonts/cm/cmmi8.pfb></usr/share/texlive/texmf-dist/fonts/type1/public/amsfonts/cm/cmmi9.pfb></usr/share/texlive/texmf-dist/fonts/type1/public/amsfonts/cm/cmr10.pfb></usr/share/texlive/texmf-dist/fonts/type1/public/amsfonts/cm/cmr5.pfb></usr/share/texlive/texmf-dist/fonts/type1/public/amsfonts/cm/cmr6.pfb></usr/share/texlive/texmf-dist/fonts/type1/public/amsfonts/cm/cmr7.pfb></usr/share/texlive/texmf-dist/fonts/type1/public/amsfonts/cm/cmr9.pfb></usr/share/texlive/texmf-dist/fonts/type1/public/amsfonts/cm/cmsy10.pfb></usr/share/texlive/texmf-dist/fonts/type1/public/amsfonts/cm/cmsy5.pfb></usr/share/texlive/texmf-dist/fonts/type1/public/amsfonts/cm/cmsy6.pfb></usr/share/texlive/texmf-dist/fonts/type1/public/amsfonts/cm/cmsy7.pfb></usr/share/texlive/texmf-dist/fonts/type1/public/amsfonts/cm/cmsy9.pfb></usr/share/texlive/texmf-dist/fonts/type1/public/amsfonts/symbols/msam10.pfb></usr/share/texlive/texmf-dist/fonts/type1/public/amsfonts/symbols/msbm10.pfb></usr/share/texmf/fonts/type1/public/cm-super/sfbx0900.pfb></usr/share/texmf/fonts/type1/public/cm-super/sfbx1000.pfb></usr/share/texmf/fonts/type1/public/cm-super/sfbx1200.pfb></usr/share/texmf/fonts/type1/public/cm-super/sfbx1440.pfb></usr/share/texmf/fonts/type1/public/cm-super/sfrm0700.pfb></usr/share/texmf/fonts/type1
/public/cm-super/sfrm0900.pfb></usr/share/texmf/fonts/type1/public/cm-super/sfrm1000.pfb></usr/share/texmf/fonts/type1/public/cm-super/sfti0700.pfb></usr/share/texmf/fonts/type1/public/cm-super/sfti0900.pfb></usr/share/texmf/fonts/type1/public/cm-super/sfti1000.pfb>
Output written on Discrete.pdf (40 pages, 774247 bytes).
PDF statistics:
 309 PDF objects out of 1000 (max. 8388607)
 191 compressed objects within 2 object streams
 0 named destinations out of 1000 (max. 500000)
 26 words of extra memory for PDF output out of 10000 (max. 10000000)

