This is pdfTeX, Version 3.141592653-2.6-1.40.24 (TeX Live 2022/Debian) (preloaded format=pdflatex 2023.9.22)  30 JUL 2024 14:20
entering extended mode
 restricted \write18 enabled.
 file:line:error style messages enabled.
 %&-line parsing enabled.
**Logics.tex
(./Logics.tex
LaTeX2e <2022-11-01> patch level 1
L3 programming layer <2023-01-16> (/usr/share/texlive/texmf-dist/tex/latex/base/article.cls
Document Class: article 2022/07/02 v1.4n Standard LaTeX document class
(/usr/share/texlive/texmf-dist/tex/latex/base/size12.clo
File: size12.clo 2022/07/02 v1.4n Standard LaTeX file (size option)
)
\c@part=\count185
\c@section=\count186
\c@subsection=\count187
\c@subsubsection=\count188
\c@paragraph=\count189
\c@subparagraph=\count190
\c@figure=\count191
\c@table=\count192
\abovecaptionskip=\skip48
\belowcaptionskip=\skip49
\bibindent=\dimen140
) (/usr/share/texlive/texmf-dist/tex/latex/geometry/geometry.sty
Package: geometry 2020/01/02 v5.9 Page Geometry
 (/usr/share/texlive/texmf-dist/tex/latex/graphics/keyval.sty
Package: keyval 2022/05/29 v1.15 key=value parser (DPC)
\KV@toks@=\toks16
) (/usr/share/texlive/texmf-dist/tex/generic/iftex/ifvtex.sty
Package: ifvtex 2019/10/25 v1.7 ifvtex legacy package. Use iftex instead.
 (/usr/share/texlive/texmf-dist/tex/generic/iftex/iftex.sty
Package: iftex 2022/02/03 v1.0f TeX engine tests
))
\Gm@cnth=\count193
\Gm@cntv=\count194
\c@Gm@tempcnt=\count195
\Gm@bindingoffset=\dimen141
\Gm@wd@mp=\dimen142
\Gm@odd@mp=\dimen143
\Gm@even@mp=\dimen144
\Gm@layoutwidth=\dimen145
\Gm@layoutheight=\dimen146
\Gm@layouthoffset=\dimen147
\Gm@layoutvoffset=\dimen148
\Gm@dimlist=\toks17
) (/usr/share/texlive/texmf-dist/tex/latex/mathtools/mathtools.sty
Package: mathtools 2022/06/29 v1.29 mathematical typesetting tools
 (/usr/share/texlive/texmf-dist/tex/latex/tools/calc.sty
Package: calc 2017/05/25 v4.3 Infix arithmetic (KKT,FJ)
\calc@Acount=\count196
\calc@Bcount=\count197
\calc@Adimen=\dimen149
\calc@Bdimen=\dimen150
\calc@Askip=\skip50
\calc@Bskip=\skip51
LaTeX Info: Redefining \setlength on input line 80.
LaTeX Info: Redefining \addtolength on input line 81.
\calc@Ccount=\count198
\calc@Cskip=\skip52
) (/usr/share/texlive/texmf-dist/tex/latex/mathtools/mhsetup.sty
Package: mhsetup 2021/03/18 v1.4 programming setup (MH)
) (/usr/share/texlive/texmf-dist/tex/latex/amsmath/amsmath.sty
Package: amsmath 2022/04/08 v2.17n AMS math features
\@mathmargin=\skip53

For additional information on amsmath, use the `?' option.
(/usr/share/texlive/texmf-dist/tex/latex/amsmath/amstext.sty
Package: amstext 2021/08/26 v2.01 AMS text
 (/usr/share/texlive/texmf-dist/tex/latex/amsmath/amsgen.sty
File: amsgen.sty 1999/11/30 v2.0 generic functions
\@emptytoks=\toks18
\ex@=\dimen151
)) (/usr/share/texlive/texmf-dist/tex/latex/amsmath/amsbsy.sty
Package: amsbsy 1999/11/29 v1.2d Bold Symbols
\pmbraise@=\dimen152
) (/usr/share/texlive/texmf-dist/tex/latex/amsmath/amsopn.sty
Package: amsopn 2022/04/08 v2.04 operator names
)
\inf@bad=\count199
LaTeX Info: Redefining \frac on input line 234.
\uproot@=\count266
\leftroot@=\count267
LaTeX Info: Redefining \overline on input line 399.
LaTeX Info: Redefining \colon on input line 410.
\classnum@=\count268
\DOTSCASE@=\count269
LaTeX Info: Redefining \ldots on input line 496.
LaTeX Info: Redefining \dots on input line 499.
LaTeX Info: Redefining \cdots on input line 620.
\Mathstrutbox@=\box51
\strutbox@=\box52
LaTeX Info: Redefining \big on input line 722.
LaTeX Info: Redefining \Big on input line 723.
LaTeX Info: Redefining \bigg on input line 724.
LaTeX Info: Redefining \Bigg on input line 725.
\big@size=\dimen153
LaTeX Font Info:    Redeclaring font encoding OML on input line 743.
LaTeX Font Info:    Redeclaring font encoding OMS on input line 744.
\macc@depth=\count270
LaTeX Info: Redefining \bmod on input line 905.
LaTeX Info: Redefining \pmod on input line 910.
LaTeX Info: Redefining \smash on input line 940.
LaTeX Info: Redefining \relbar on input line 970.
LaTeX Info: Redefining \Relbar on input line 971.
\c@MaxMatrixCols=\count271
\dotsspace@=\muskip16
\c@parentequation=\count272
\dspbrk@lvl=\count273
\tag@help=\toks19
\row@=\count274
\column@=\count275
\maxfields@=\count276
\andhelp@=\toks20
\eqnshift@=\dimen154
\alignsep@=\dimen155
\tagshift@=\dimen156
\tagwidth@=\dimen157
\totwidth@=\dimen158
\lineht@=\dimen159
\@envbody=\toks21
\multlinegap=\skip54
\multlinetaggap=\skip55
\mathdisplay@stack=\toks22
LaTeX Info: Redefining \[ on input line 2953.
LaTeX Info: Redefining \] on input line 2954.
)
\g_MT_multlinerow_int=\count277
\l_MT_multwidth_dim=\dimen160
\origjot=\skip56
\l_MT_shortvdotswithinadjustabove_dim=\dimen161
\l_MT_shortvdotswithinadjustbelow_dim=\dimen162
\l_MT_above_intertext_sep=\dimen163
\l_MT_below_intertext_sep=\dimen164
\l_MT_above_shortintertext_sep=\dimen165
\l_MT_below_shortintertext_sep=\dimen166
\xmathstrut@box=\box53
\xmathstrut@dim=\dimen167
) (/usr/share/texlive/texmf-dist/tex/latex/graphics/graphicx.sty
Package: graphicx 2021/09/16 v1.2d Enhanced LaTeX Graphics (DPC,SPQR)
 (/usr/share/texlive/texmf-dist/tex/latex/graphics/graphics.sty
Package: graphics 2022/03/10 v1.4e Standard LaTeX Graphics (DPC,SPQR)
 (/usr/share/texlive/texmf-dist/tex/latex/graphics/trig.sty
Package: trig 2021/08/11 v1.11 sin cos tan (DPC)
) (/usr/share/texlive/texmf-dist/tex/latex/graphics-cfg/graphics.cfg
File: graphics.cfg 2016/06/04 v1.11 sample graphics configuration
)
Package graphics Info: Driver file: pdftex.def on input line 107.
 (/usr/share/texlive/texmf-dist/tex/latex/graphics-def/pdftex.def
File: pdftex.def 2022/09/22 v1.2b Graphics/color driver for pdftex
))
\Gin@req@height=\dimen168
\Gin@req@width=\dimen169
) (/usr/share/texlive/texmf-dist/tex/latex/base/inputenc.sty
Package: inputenc 2021/02/14 v1.3d Input encoding file
\inpenc@prehook=\toks23
\inpenc@posthook=\toks24
) (/usr/share/texlive/texmf-dist/tex/latex/base/fontenc.sty
Package: fontenc 2021/04/29 v2.0v Standard LaTeX package
) (/usr/share/texlive/texmf-dist/tex/latex/base/textcomp.sty
Package: textcomp 2020/02/02 v2.0n Standard LaTeX package
) (/usr/share/texlive/texmf-dist/tex/latex/amsfonts/amssymb.sty
Package: amssymb 2013/01/14 v3.01 AMS font symbols
 (/usr/share/texlive/texmf-dist/tex/latex/amsfonts/amsfonts.sty
Package: amsfonts 2013/01/14 v3.01 Basic AMSFonts support
\symAMSa=\mathgroup4
\symAMSb=\mathgroup5
LaTeX Font Info:    Redeclaring math symbol \hbar on input line 98.
LaTeX Font Info:    Overwriting math alphabet `\mathfrak' in version `bold'
(Font)                  U/euf/m/n --> U/euf/b/n on input line 106.
))
LaTeX Font Info:    Redeclaring symbol font `letters' on input line 11.
LaTeX Font Info:    Overwriting symbol font `letters' in version `normal'
(Font)                  OML/cmm/m/it --> OML/ztmcm/m/it on input line 11.
LaTeX Font Info:    Overwriting symbol font `letters' in version `bold'
(Font)                  OML/cmm/b/it --> OML/ztmcm/m/it on input line 11.
 (/usr/share/texlive/texmf-dist/tex/latex/ebgaramond/ebgaramond.sty
Package: ebgaramond 2022/09/10 (Bob Tennent and autoinst) Style file for EB Garamond fonts.
 (/usr/share/texlive/texmf-dist/tex/generic/iftex/ifxetex.sty
Package: ifxetex 2019/10/25 v0.7 ifxetex legacy package. Use iftex instead.
) (/usr/share/texlive/texmf-dist/tex/generic/iftex/ifluatex.sty
Package: ifluatex 2019/10/25 v1.5 ifluatex legacy package. Use iftex instead.
) (/usr/share/texlive/texmf-dist/tex/latex/xkeyval/xkeyval.sty
Package: xkeyval 2022/06/16 v2.9 package option processing (HA)
 (/usr/share/texlive/texmf-dist/tex/generic/xkeyval/xkeyval.tex (/usr/share/texlive/texmf-dist/tex/generic/xkeyval/xkvutils.tex
\XKV@toks=\toks25
\XKV@tempa@toks=\toks26
)
\XKV@depth=\count278
File: xkeyval.tex 2014/12/03 v2.7a key=value parser (HA)
)) (/usr/share/texlive/texmf-dist/tex/latex/base/fontenc.sty
Package: fontenc 2021/04/29 v2.0v Standard LaTeX package
) (/usr/share/texlive/texmf-dist/tex/latex/fontaxes/fontaxes.sty
Package: fontaxes 2020/07/21 v1.0e Font selection axes
LaTeX Info: Redefining \upshape on input line 29.
LaTeX Info: Redefining \itshape on input line 31.
LaTeX Info: Redefining \slshape on input line 33.
LaTeX Info: Redefining \swshape on input line 35.
LaTeX Info: Redefining \scshape on input line 37.
LaTeX Info: Redefining \sscshape on input line 39.
LaTeX Info: Redefining \ulcshape on input line 41.
LaTeX Info: Redefining \textsw on input line 47.
LaTeX Info: Redefining \textssc on input line 48.
LaTeX Info: Redefining \textulc on input line 49.
)
LaTeX Info: Redefining \oldstylenums on input line 161.
LaTeX Info: Redefining \textsw on input line 169.
) (/usr/share/texlive/texmf-dist/tex/latex/amscls/amsthm.sty
Package: amsthm 2020/05/29 v2.20.6
\thm@style=\toks27
\thm@bodyfont=\toks28
\thm@headfont=\toks29
\thm@notefont=\toks30
\thm@headpunct=\toks31
\thm@preskip=\skip57
\thm@postskip=\skip58
\thm@headsep=\skip59
\dth@everypar=\toks32
) (/usr/share/texlive/texmf-dist/tex/latex/mathalpha/mathalpha.sty
Package: mathalpha 2021/11/18 - 1.143mathalpha (License LPPL) Michael Sharpe
 `mathalpha' v1.143, 2021/11/18, a renaming of mathalfa (msharpe)
LaTeX Font Info:    Redeclaring math alphabet \mathcal on input line 554.
LaTeX Font Info:    Overwriting math alphabet `\mathcal' in version `bold'
(Font)                  U/BOONDOX-calo/m/n --> U/BOONDOX-calo/b/n on input line 556.
)
\c@theorem=\count279
\c@problem=\count280
\c@example=\count281
\c@definition=\count282
\c@lemma=\count283
\c@pro=\count284


./Logics.tex:32: LaTeX Error: Command \ker already defined.
               Or name \end... illegal, see p.192 of the manual.

See the LaTeX manual or LaTeX Companion for explanation.
Type  H <return>  for immediate help.
 ...                                              
                                                  
l.32 \DeclareMathOperator{\ker}{ker}
                                    
Your command was ignored.
Type  I <command> <return>  to replace it with another command,
or  <return>  to continue without it.

(/usr/share/texlive/texmf-dist/tex/latex/graphics/color.sty
Package: color 2022/01/06 v1.3d Standard LaTeX Color (DPC)
 (/usr/share/texlive/texmf-dist/tex/latex/graphics-cfg/color.cfg
File: color.cfg 2016/01/02 v1.6 sample color configuration
)
Package color Info: Driver file: pdftex.def on input line 149.
 (/usr/share/texlive/texmf-dist/tex/latex/graphics/mathcolor.ltx)) (/usr/share/texlive/texmf-dist/tex/latex/pgfornament/pgfornament.sty (/usr/share/texlive/texmf-dist/tex/latex/pgf/frontendlayer/tikz.sty (/usr/share/texlive/texmf-dist/tex/latex/pgf/basiclayer/pgf.sty (/usr/share/texlive/texmf-dist/tex/latex/pgf/utilities/pgfrcs.sty (/usr/share/texlive/texmf-dist/tex/generic/pgf/utilities/pgfutil-common.tex
\pgfutil@everybye=\toks33
\pgfutil@tempdima=\dimen170
\pgfutil@tempdimb=\dimen171
) (/usr/share/texlive/texmf-dist/tex/generic/pgf/utilities/pgfutil-latex.def
\pgfutil@abb=\box54
) (/usr/share/texlive/texmf-dist/tex/generic/pgf/utilities/pgfrcs.code.tex (/usr/share/texlive/texmf-dist/tex/generic/pgf/pgf.revision.tex)
Package: pgfrcs 2023-01-15 v3.1.10 (3.1.10)
))
Package: pgf 2023-01-15 v3.1.10 (3.1.10)
 (/usr/share/texlive/texmf-dist/tex/latex/pgf/basiclayer/pgfcore.sty (/usr/share/texlive/texmf-dist/tex/latex/pgf/systemlayer/pgfsys.sty (/usr/share/texlive/texmf-dist/tex/generic/pgf/systemlayer/pgfsys.code.tex
Package: pgfsys 2023-01-15 v3.1.10 (3.1.10)
 (/usr/share/texlive/texmf-dist/tex/generic/pgf/utilities/pgfkeys.code.tex
\pgfkeys@pathtoks=\toks34
\pgfkeys@temptoks=\toks35
 (/usr/share/texlive/texmf-dist/tex/generic/pgf/utilities/pgfkeyslibraryfiltered.code.tex
\pgfkeys@tmptoks=\toks36
))
\pgf@x=\dimen172
\pgf@y=\dimen173
\pgf@xa=\dimen174
\pgf@ya=\dimen175
\pgf@xb=\dimen176
\pgf@yb=\dimen177
\pgf@xc=\dimen178
\pgf@yc=\dimen179
\pgf@xd=\dimen180
\pgf@yd=\dimen181
\w@pgf@writea=\write3
\r@pgf@reada=\read2
\c@pgf@counta=\count285
\c@pgf@countb=\count286
\c@pgf@countc=\count287
\c@pgf@countd=\count288
\t@pgf@toka=\toks37
\t@pgf@tokb=\toks38
\t@pgf@tokc=\toks39
\pgf@sys@id@count=\count289
 (/usr/share/texlive/texmf-dist/tex/generic/pgf/systemlayer/pgf.cfg
File: pgf.cfg 2023-01-15 v3.1.10 (3.1.10)
)
Driver file for pgf: pgfsys-pdftex.def
 (/usr/share/texlive/texmf-dist/tex/generic/pgf/systemlayer/pgfsys-pdftex.def
File: pgfsys-pdftex.def 2023-01-15 v3.1.10 (3.1.10)
 (/usr/share/texlive/texmf-dist/tex/generic/pgf/systemlayer/pgfsys-common-pdf.def
File: pgfsys-common-pdf.def 2023-01-15 v3.1.10 (3.1.10)
))) (/usr/share/texlive/texmf-dist/tex/generic/pgf/systemlayer/pgfsyssoftpath.code.tex
File: pgfsyssoftpath.code.tex 2023-01-15 v3.1.10 (3.1.10)
\pgfsyssoftpath@smallbuffer@items=\count290
\pgfsyssoftpath@bigbuffer@items=\count291
) (/usr/share/texlive/texmf-dist/tex/generic/pgf/systemlayer/pgfsysprotocol.code.tex
File: pgfsysprotocol.code.tex 2023-01-15 v3.1.10 (3.1.10)
)) (/usr/share/texlive/texmf-dist/tex/latex/xcolor/xcolor.sty
Package: xcolor 2022/06/12 v2.14 LaTeX color extensions (UK)
 (/usr/share/texlive/texmf-dist/tex/latex/graphics-cfg/color.cfg
File: color.cfg 2016/01/02 v1.6 sample color configuration
)
Package xcolor Info: Driver file: pdftex.def on input line 227.
LaTeX Info: Redefining \color on input line 711.
 (/usr/share/texlive/texmf-dist/tex/latex/graphics/mathcolor.ltx)
Package xcolor Info: Model `cmy' substituted by `cmy0' on input line 1353.
Package xcolor Info: Model `hsb' substituted by `rgb' on input line 1357.
Package xcolor Info: Model `RGB' extended on input line 1369.
Package xcolor Info: Model `HTML' substituted by `rgb' on input line 1371.
Package xcolor Info: Model `Hsb' substituted by `hsb' on input line 1372.
Package xcolor Info: Model `tHsb' substituted by `hsb' on input line 1373.
Package xcolor Info: Model `HSB' substituted by `hsb' on input line 1374.
Package xcolor Info: Model `Gray' substituted by `gray' on input line 1375.
Package xcolor Info: Model `wave' substituted by `hsb' on input line 1376.
) (/usr/share/texlive/texmf-dist/tex/generic/pgf/basiclayer/pgfcore.code.tex
Package: pgfcore 2023-01-15 v3.1.10 (3.1.10)
 (/usr/share/texlive/texmf-dist/tex/generic/pgf/math/pgfmath.code.tex (/usr/share/texlive/texmf-dist/tex/generic/pgf/math/pgfmathutil.code.tex)
(/usr/share/texlive/texmf-dist/tex/generic/pgf/math/pgfmathparser.code.tex
\pgfmath@dimen=\dimen182
\pgfmath@count=\count292
\pgfmath@box=\box55
\pgfmath@toks=\toks40
\pgfmath@stack@operand=\toks41
\pgfmath@stack@operation=\toks42
) (/usr/share/texlive/texmf-dist/tex/generic/pgf/math/pgfmathfunctions.code.tex) (/usr/share/texlive/texmf-dist/tex/generic/pgf/math/pgfmathfunctions.basic.code.tex) (/usr/share/texlive/texmf-dist/tex/generic/pgf/math/pgfmathfunctions.trigonometric.code.tex) (/usr/share/texlive/texmf-dist/tex/generic/pgf/math/pgfmathfunctions.random.code.tex) (/usr/share/texlive/texmf-dist/tex/generic/pgf/math/pgfmathfunctions.comparison.code.tex) (/usr/share/texlive/texmf-dist/tex/generic/pgf/math/pgfmathfunctions.base.code.tex) (/usr/share/texlive/texmf-dist/tex/generic/pgf/math/pgfmathfunctions.round.code.tex) (/usr/share/texlive/texmf-dist/tex/generic/pgf/math/pgfmathfunctions.misc.code.tex) (/usr/share/texlive/texmf-dist/tex/generic/pgf/math/pgfmathfunctions.integerarithmetics.code.tex) (/usr/share/texlive/texmf-dist/tex/generic/pgf/math/pgfmathcalc.code.tex) (/usr/share/texlive/texmf-dist/tex/generic/pgf/math/pgfmathfloat.code.tex
\c@pgfmathroundto@lastzeros=\count293
)) (/usr/share/texlive/texmf-dist/tex/generic/pgf/math/pgfint.code.tex) (/usr/share/texlive/texmf-dist/tex/generic/pgf/basiclayer/pgfcorepoints.code.tex
File: pgfcorepoints.code.tex 2023-01-15 v3.1.10 (3.1.10)
\pgf@picminx=\dimen183
\pgf@picmaxx=\dimen184
\pgf@picminy=\dimen185
\pgf@picmaxy=\dimen186
\pgf@pathminx=\dimen187
\pgf@pathmaxx=\dimen188
\pgf@pathminy=\dimen189
\pgf@pathmaxy=\dimen190
\pgf@xx=\dimen191
\pgf@xy=\dimen192
\pgf@yx=\dimen193
\pgf@yy=\dimen194
\pgf@zx=\dimen195
\pgf@zy=\dimen196
) (/usr/share/texlive/texmf-dist/tex/generic/pgf/basiclayer/pgfcorepathconstruct.code.tex
File: pgfcorepathconstruct.code.tex 2023-01-15 v3.1.10 (3.1.10)
\pgf@path@lastx=\dimen197
\pgf@path@lasty=\dimen198
) (/usr/share/texlive/texmf-dist/tex/generic/pgf/basiclayer/pgfcorepathusage.code.tex
File: pgfcorepathusage.code.tex 2023-01-15 v3.1.10 (3.1.10)
\pgf@shorten@end@additional=\dimen199
\pgf@shorten@start@additional=\dimen256
) (/usr/share/texlive/texmf-dist/tex/generic/pgf/basiclayer/pgfcorescopes.code.tex
File: pgfcorescopes.code.tex 2023-01-15 v3.1.10 (3.1.10)
\pgfpic=\box56
\pgf@hbox=\box57
\pgf@layerbox@main=\box58
\pgf@picture@serial@count=\count294
) (/usr/share/texlive/texmf-dist/tex/generic/pgf/basiclayer/pgfcoregraphicstate.code.tex
File: pgfcoregraphicstate.code.tex 2023-01-15 v3.1.10 (3.1.10)
\pgflinewidth=\dimen257
) (/usr/share/texlive/texmf-dist/tex/generic/pgf/basiclayer/pgfcoretransformations.code.tex
File: pgfcoretransformations.code.tex 2023-01-15 v3.1.10 (3.1.10)
\pgf@pt@x=\dimen258
\pgf@pt@y=\dimen259
\pgf@pt@temp=\dimen260
) (/usr/share/texlive/texmf-dist/tex/generic/pgf/basiclayer/pgfcorequick.code.tex
File: pgfcorequick.code.tex 2023-01-15 v3.1.10 (3.1.10)
) (/usr/share/texlive/texmf-dist/tex/generic/pgf/basiclayer/pgfcoreobjects.code.tex
File: pgfcoreobjects.code.tex 2023-01-15 v3.1.10 (3.1.10)
) (/usr/share/texlive/texmf-dist/tex/generic/pgf/basiclayer/pgfcorepathprocessing.code.tex
File: pgfcorepathprocessing.code.tex 2023-01-15 v3.1.10 (3.1.10)
) (/usr/share/texlive/texmf-dist/tex/generic/pgf/basiclayer/pgfcorearrows.code.tex
File: pgfcorearrows.code.tex 2023-01-15 v3.1.10 (3.1.10)
\pgfarrowsep=\dimen261
)
(/usr/share/texlive/texmf-dist/tex/generic/pgf/basiclayer/pgfcoreshade.code.tex
File: pgfcoreshade.code.tex 2023-01-15 v3.1.10 (3.1.10)
\pgf@max=\dimen262
\pgf@sys@shading@range@num=\count295
\pgf@shadingcount=\count296
) (/usr/share/texlive/texmf-dist/tex/generic/pgf/basiclayer/pgfcoreimage.code.tex
File: pgfcoreimage.code.tex 2023-01-15 v3.1.10 (3.1.10)
) (/usr/share/texlive/texmf-dist/tex/generic/pgf/basiclayer/pgfcoreexternal.code.tex
File: pgfcoreexternal.code.tex 2023-01-15 v3.1.10 (3.1.10)
\pgfexternal@startupbox=\box59
) (/usr/share/texlive/texmf-dist/tex/generic/pgf/basiclayer/pgfcorelayers.code.tex
File: pgfcorelayers.code.tex 2023-01-15 v3.1.10 (3.1.10)
) (/usr/share/texlive/texmf-dist/tex/generic/pgf/basiclayer/pgfcoretransparency.code.tex
File: pgfcoretransparency.code.tex 2023-01-15 v3.1.10 (3.1.10)
) (/usr/share/texlive/texmf-dist/tex/generic/pgf/basiclayer/pgfcorepatterns.code.tex
File: pgfcorepatterns.code.tex 2023-01-15 v3.1.10 (3.1.10)
) (/usr/share/texlive/texmf-dist/tex/generic/pgf/basiclayer/pgfcorerdf.code.tex
File: pgfcorerdf.code.tex 2023-01-15 v3.1.10 (3.1.10)
))) (/usr/share/texlive/texmf-dist/tex/generic/pgf/modules/pgfmoduleshapes.code.tex
File: pgfmoduleshapes.code.tex 2023-01-15 v3.1.10 (3.1.10)
\pgfnodeparttextbox=\box60
) (/usr/share/texlive/texmf-dist/tex/generic/pgf/modules/pgfmoduleplot.code.tex
File: pgfmoduleplot.code.tex 2023-01-15 v3.1.10 (3.1.10)
) (/usr/share/texlive/texmf-dist/tex/latex/pgf/compatibility/pgfcomp-version-0-65.sty
Package: pgfcomp-version-0-65 2023-01-15 v3.1.10 (3.1.10)
\pgf@nodesepstart=\dimen263
\pgf@nodesepend=\dimen264
) (/usr/share/texlive/texmf-dist/tex/latex/pgf/compatibility/pgfcomp-version-1-18.sty
Package: pgfcomp-version-1-18 2023-01-15 v3.1.10 (3.1.10)
)) (/usr/share/texlive/texmf-dist/tex/latex/pgf/utilities/pgffor.sty (/usr/share/texlive/texmf-dist/tex/latex/pgf/utilities/pgfkeys.sty (/usr/share/texlive/texmf-dist/tex/generic/pgf/utilities/pgfkeys.code.tex)) (/usr/share/texlive/texmf-dist/tex/latex/pgf/math/pgfmath.sty (/usr/share/texlive/texmf-dist/tex/generic/pgf/math/pgfmath.code.tex)) (/usr/share/texlive/texmf-dist/tex/generic/pgf/utilities/pgffor.code.tex
Package: pgffor 2023-01-15 v3.1.10 (3.1.10)
\pgffor@iter=\dimen265
\pgffor@skip=\dimen266
\pgffor@stack=\toks43
\pgffor@toks=\toks44
)) (/usr/share/texlive/texmf-dist/tex/generic/pgf/frontendlayer/tikz/tikz.code.tex
Package: tikz 2023-01-15 v3.1.10 (3.1.10)
 (/usr/share/texlive/texmf-dist/tex/generic/pgf/libraries/pgflibraryplothandlers.code.tex
File: pgflibraryplothandlers.code.tex 2023-01-15 v3.1.10 (3.1.10)
\pgf@plot@mark@count=\count297
\pgfplotmarksize=\dimen267
)
\tikz@lastx=\dimen268
\tikz@lasty=\dimen269
\tikz@lastxsaved=\dimen270
\tikz@lastysaved=\dimen271
\tikz@lastmovetox=\dimen272
\tikz@lastmovetoy=\dimen273
\tikzleveldistance=\dimen274
\tikzsiblingdistance=\dimen275
\tikz@figbox=\box61
\tikz@figbox@bg=\box62
\tikz@tempbox=\box63
\tikz@tempbox@bg=\box64
\tikztreelevel=\count298
\tikznumberofchildren=\count299
\tikznumberofcurrentchild=\count300
\tikz@fig@count=\count301
 (/usr/share/texlive/texmf-dist/tex/generic/pgf/modules/pgfmodulematrix.code.tex
File: pgfmodulematrix.code.tex 2023-01-15 v3.1.10 (3.1.10)
\pgfmatrixcurrentrow=\count302
\pgfmatrixcurrentcolumn=\count303
\pgf@matrix@numberofcolumns=\count304
)
\tikz@expandcount=\count305
 (/usr/share/texlive/texmf-dist/tex/generic/pgf/frontendlayer/tikz/libraries/tikzlibrarytopaths.code.tex
File: tikzlibrarytopaths.code.tex 2023-01-15 v3.1.10 (3.1.10)
))) (/usr/share/texlive/texmf-dist/tex/latex/pgfopts/pgfopts.sty
Package: pgfopts 2014/07/10 v2.1a LaTeX package options with pgfkeys
\pgfopts@list@add@a@toks=\toks45
\pgfopts@list@add@b@toks=\toks46
)
Package: pgfornament 2020/05/26 v1.2 vector ornaments
 (/usr/share/texlive/texmf-dist/tex/latex/pgfornament/pgflibraryvectorian.code.tex
2020/04/06 1.1 pgflibraryvectorian.code.tex
)) (/usr/share/texlive/texmf-dist/tex/generic/pgf/frontendlayer/tikz/libraries/tikzlibrarychains.code.tex
File: tikzlibrarychains.code.tex 2023-01-15 v3.1.10 (3.1.10)
 (/usr/share/texlive/texmf-dist/tex/generic/pgf/frontendlayer/tikz/libraries/tikzlibrarypositioning.code.tex
File: tikzlibrarypositioning.code.tex 2023-01-15 v3.1.10 (3.1.10)
)) (/usr/share/texlive/texmf-dist/tex/latex/sectsty/sectsty.sty
Package: sectsty 2002/02/25 v2.0.2 Commands to change all sectional heading styles


LaTeX Warning: Command \underbar  has changed.
               Check if current package is valid.


LaTeX Warning: Command \underline  has changed.
               Check if current package is valid.

) (/usr/share/texlive/texmf-dist/tex/latex/lettrine/lettrine.sty
File: lettrine.sty 2022-09-25 v2.30 (Daniel Flipo)
 (/usr/share/texlive/texmf-dist/tex/generic/minifp/minifp.sty
Package: minifp 2013/12/30 v0.96. Macros for real number operations and a stack-based programing language.
\MFP@loopctr=\count306
)
\c@DefaultLines=\count307
\c@DefaultDepth=\count308
\DefaultFindent=\dimen276
\DefaultNindent=\dimen277
\DefaultSlope=\dimen278
\DiscardVskip=\dimen279

Loading lettrine.cfg
(/usr/share/texlive/texmf-dist/tex/latex/lettrine/lettrine.cfg)
\L@lbox=\box65
\L@tbox=\box66
\c@L@lines=\count309
\c@L@depth=\count310
\L@Pindent=\dimen280
\L@Findent=\dimen281
\L@Nindent=\dimen282
\L@lraise=\dimen283
\L@first=\dimen284
\L@next=\dimen285
\L@slope=\dimen286
\L@height=\dimen287
\L@novskip=\dimen288
\L@target@ht=\dimen289
\L@target@dp=\dimen290
\L@target@tht=\dimen291
\LettrineWidth=\dimen292
\LettrineHeight=\dimen293
\LettrineDepth=\dimen294
\Llist@everypar=\toks47
)
LaTeX Font Info:    Trying to load font information for T1+EBGaramond-OsF on input line 81.
 (/usr/share/texlive/texmf-dist/tex/latex/ebgaramond/T1EBGaramond-OsF.fd
File: T1EBGaramond-OsF.fd 2019/10/22 (autoinst) Font definitions for T1/EBGaramond-OsF.
)
LaTeX Font Info:    Font shape `T1/EBGaramond-OsF/m/n' in size <12> not available
(Font)              Font shape `T1/EBGaramond-OsF/regular/n' tried instead on input line 81.
LaTeX Font Info:    Font shape `T1/EBGaramond-OsF/regular/n' will be
(Font)              scaled to size 12.0pt on input line 81.
 (/usr/share/texlive/texmf-dist/tex/latex/l3backend/l3backend-pdftex.def
File: l3backend-pdftex.def 2023-01-16 L3 backend support: PDF output (pdfTeX)
\l__color_backend_stack_int=\count311
\l__pdf_internal_box=\box67
) (./Logics.aux)
\openout1 = `Logics.aux'.

LaTeX Font Info:    Checking defaults for OML/cmm/m/it on input line 81.
LaTeX Font Info:    ... okay on input line 81.
LaTeX Font Info:    Checking defaults for OMS/cmsy/m/n on input line 81.
LaTeX Font Info:    ... okay on input line 81.
LaTeX Font Info:    Checking defaults for OT1/cmr/m/n on input line 81.
LaTeX Font Info:    ... okay on input line 81.
LaTeX Font Info:    Checking defaults for T1/cmr/m/n on input line 81.
LaTeX Font Info:    ... okay on input line 81.
LaTeX Font Info:    Checking defaults for TS1/cmr/m/n on input line 81.
LaTeX Font Info:    ... okay on input line 81.
LaTeX Font Info:    Checking defaults for OMX/cmex/m/n on input line 81.
LaTeX Font Info:    ... okay on input line 81.
LaTeX Font Info:    Checking defaults for U/cmr/m/n on input line 81.
LaTeX Font Info:    ... okay on input line 81.

*geometry* driver: auto-detecting
*geometry* detected driver: pdftex
*geometry* verbose mode - [ preamble ] result:
* driver: pdftex
* paper: a4paper
* layout: <same size as paper>
* layoutoffset:(h,v)=(0.0pt,0.0pt)
* modes: 
* h-part:(L,W,R)=(89.62709pt, 418.25368pt, 89.6271pt)
* v-part:(T,H,B)=(42.67912pt, 700.96107pt, 101.40665pt)
* \paperwidth=597.50787pt
* \paperheight=845.04684pt
* \textwidth=418.25368pt
* \textheight=700.96107pt
* \oddsidemargin=17.3571pt
* \evensidemargin=17.3571pt
* \topmargin=-66.59087pt
* \headheight=12.0pt
* \headsep=25.0pt
* \topskip=12.0pt
* \footskip=30.0pt
* \marginparwidth=35.0pt
* \marginparsep=10.0pt
* \columnsep=10.0pt
* \skip\footins=10.8pt plus 4.0pt minus 2.0pt
* \hoffset=0.0pt
* \voffset=0.0pt
* \mag=1000
* \@twocolumnfalse
* \@twosidefalse
* \@mparswitchfalse
* \@reversemarginfalse
* (1in=72.27pt=25.4mm, 1cm=28.453pt)

(/usr/share/texlive/texmf-dist/tex/context/base/mkii/supp-pdf.mkii
[Loading MPS to PDF converter (version 2006.09.02).]
\scratchcounter=\count312
\scratchdimen=\dimen295
\scratchbox=\box68
\nofMPsegments=\count313
\nofMParguments=\count314
\everyMPshowfont=\toks48
\MPscratchCnt=\count315
\MPscratchDim=\dimen296
\MPnumerator=\count316
\makeMPintoPDFobject=\count317
\everyMPtoPDFconversion=\toks49
) (/usr/share/texlive/texmf-dist/tex/latex/epstopdf-pkg/epstopdf-base.sty
Package: epstopdf-base 2020-01-24 v2.11 Base part for package epstopdf
Package epstopdf-base Info: Redefining graphics rule for `.eps' on input line 485.
 (/usr/share/texlive/texmf-dist/tex/latex/latexconfig/epstopdf-sys.cfg
File: epstopdf-sys.cfg 2010/07/13 v1.3 Configuration of (r)epstopdf for TeX Live
))
\c@mv@tabular=\count318
\c@mv@boldtabular=\count319
 (/usr/share/texlive/texmf-dist/tex/generic/pgfornament/vectorian/vectorian7.pgf) (/usr/share/texlive/texmf-dist/tex/generic/pgfornament/vectorian/vectorian7.pgf) (/usr/share/texlive/texmf-dist/tex/generic/pgfornament/vectorian/vectorian7.pgf) (/usr/share/texlive/texmf-dist/tex/generic/pgfornament/vectorian/vectorian7.pgf) (/usr/share/texlive/texmf-dist/tex/generic/pgfornament/vectorian/vectorian7.pgf) (/usr/share/texlive/texmf-dist/tex/generic/pgfornament/vectorian/vectorian7.pgf) (/usr/share/texlive/texmf-dist/tex/generic/pgfornament/vectorian/vectorian7.pgf) (/usr/share/texlive/texmf-dist/tex/generic/pgfornament/vectorian/vectorian7.pgf) (/usr/share/texlive/texmf-dist/tex/generic/pgfornament/vectorian/vectorian7.pgf) (/usr/share/texlive/texmf-dist/tex/generic/pgfornament/vectorian/vectorian7.pgf) (/usr/share/texlive/texmf-dist/tex/generic/pgfornament/vectorian/vectorian7.pgf) (/usr/share/texlive/texmf-dist/tex/generic/pgfornament/vectorian/vectorian7.pgf) (/usr/share/texlive/texmf-dist/tex/generic/pgfornament/vectorian/vectorian7.pgf) (/usr/share/texlive/texmf-dist/tex/generic/pgfornament/vectorian/vectorian7.pgf) (/usr/share/texlive/texmf-dist/tex/generic/pgfornament/vectorian/vectorian7.pgf) (/usr/share/texlive/texmf-dist/tex/generic/pgfornament/vectorian/vectorian7.pgf) (/usr/share/texlive/texmf-dist/tex/generic/pgfornament/vectorian/vectorian7.pgf) (/usr/share/texlive/texmf-dist/tex/generic/pgfornament/vectorian/vectorian7.pgf) (/usr/share/texlive/texmf-dist/tex/generic/pgfornament/vectorian/vectorian7.pgf) (/usr/share/texlive/texmf-dist/tex/generic/pgfornament/vectorian/vectorian7.pgf) (/usr/share/texlive/texmf-dist/tex/generic/pgfornament/vectorian/vectorian7.pgf) (/usr/share/texlive/texmf-dist/tex/generic/pgfornament/vectorian/vectorian7.pgf)
(/usr/share/texlive/texmf-dist/tex/generic/pgfornament/vectorian/vectorian7.pgf) (/usr/share/texlive/texmf-dist/tex/generic/pgfornament/vectorian/vectorian7.pgf) (/usr/share/texlive/texmf-dist/tex/generic/pgfornament/vectorian/vectorian7.pgf) (/usr/share/texlive/texmf-dist/tex/generic/pgfornament/vectorian/vectorian7.pgf) (/usr/share/texlive/texmf-dist/tex/generic/pgfornament/vectorian/vectorian7.pgf) (/usr/share/texlive/texmf-dist/tex/generic/pgfornament/vectorian/vectorian7.pgf) (/usr/share/texlive/texmf-dist/tex/generic/pgfornament/vectorian/vectorian7.pgf) (/usr/share/texlive/texmf-dist/tex/generic/pgfornament/vectorian/vectorian7.pgf) (/usr/share/texlive/texmf-dist/tex/generic/pgfornament/vectorian/vectorian7.pgf) (/usr/share/texlive/texmf-dist/tex/generic/pgfornament/vectorian/vectorian7.pgf) (/usr/share/texlive/texmf-dist/tex/generic/pgfornament/vectorian/vectorian7.pgf) (/usr/share/texlive/texmf-dist/tex/generic/pgfornament/vectorian/vectorian7.pgf) (/usr/share/texlive/texmf-dist/tex/generic/pgfornament/vectorian/vectorian7.pgf) (/usr/share/texlive/texmf-dist/tex/generic/pgfornament/vectorian/vectorian7.pgf) (/usr/share/texlive/texmf-dist/tex/generic/pgfornament/vectorian/vectorian7.pgf) (/usr/share/texlive/texmf-dist/tex/generic/pgfornament/vectorian/vectorian7.pgf) (/usr/share/texlive/texmf-dist/tex/generic/pgfornament/vectorian/vectorian7.pgf) (/usr/share/texlive/texmf-dist/tex/generic/pgfornament/vectorian/vectorian7.pgf) (/usr/share/texlive/texmf-dist/tex/generic/pgfornament/vectorian/vectorian7.pgf) (/usr/share/texlive/texmf-dist/tex/generic/pgfornament/vectorian/vectorian7.pgf) (/usr/share/texlive/texmf-dist/tex/generic/pgfornament/vectorian/vectorian7.pgf) (/usr/share/texlive/texmf-dist/tex/generic/pgfornament/vectorian/vectorian7.pgf) (/usr/share/texlive/texmf-dist/tex/generic/pgfornament/vectorian/vectorian7.pgf) (/usr/share/texlive/texmf-dist/tex/generic/pgfornament/vectorian/vectorian7.pgf)
(/usr/share/texlive/texmf-dist/tex/generic/pgfornament/vectorian/vectorian7.pgf) (/usr/share/texlive/texmf-dist/tex/generic/pgfornament/vectorian/vectorian7.pgf) (/usr/share/texlive/texmf-dist/tex/generic/pgfornament/vectorian/vectorian7.pgf) (/usr/share/texlive/texmf-dist/tex/generic/pgfornament/vectorian/vectorian7.pgf) (/usr/share/texlive/texmf-dist/tex/generic/pgfornament/vectorian/vectorian7.pgf) (/usr/share/texlive/texmf-dist/tex/generic/pgfornament/vectorian/vectorian7.pgf) (/usr/share/texlive/texmf-dist/tex/generic/pgfornament/vectorian/vectorian7.pgf) (/usr/share/texlive/texmf-dist/tex/generic/pgfornament/vectorian/vectorian7.pgf) (/usr/share/texlive/texmf-dist/tex/generic/pgfornament/vectorian/vectorian7.pgf) (/usr/share/texlive/texmf-dist/tex/generic/pgfornament/vectorian/vectorian7.pgf) (/usr/share/texlive/texmf-dist/tex/generic/pgfornament/vectorian/vectorian7.pgf) (/usr/share/texlive/texmf-dist/tex/generic/pgfornament/vectorian/vectorian7.pgf) (/usr/share/texlive/texmf-dist/tex/generic/pgfornament/vectorian/vectorian7.pgf) (/usr/share/texlive/texmf-dist/tex/generic/pgfornament/vectorian/vectorian7.pgf) (/usr/share/texlive/texmf-dist/tex/generic/pgfornament/vectorian/vectorian7.pgf) (/usr/share/texlive/texmf-dist/tex/generic/pgfornament/vectorian/vectorian7.pgf) (/usr/share/texlive/texmf-dist/tex/generic/pgfornament/vectorian/vectorian7.pgf) (/usr/share/texlive/texmf-dist/tex/generic/pgfornament/vectorian/vectorian7.pgf) (/usr/share/texlive/texmf-dist/tex/generic/pgfornament/vectorian/vectorian7.pgf) (/usr/share/texlive/texmf-dist/tex/generic/pgfornament/vectorian/vectorian7.pgf) (/usr/share/texlive/texmf-dist/tex/generic/pgfornament/vectorian/vectorian7.pgf) (/usr/share/texlive/texmf-dist/tex/generic/pgfornament/vectorian/vectorian7.pgf) (/usr/share/texlive/texmf-dist/tex/generic/pgfornament/vectorian/vectorian7.pgf) (/usr/share/texlive/texmf-dist/tex/generic/pgfornament/vectorian/vectorian7.pgf)
(/usr/share/texlive/texmf-dist/tex/generic/pgfornament/vectorian/vectorian7.pgf) (/usr/share/texlive/texmf-dist/tex/generic/pgfornament/vectorian/vectorian7.pgf) (/usr/share/texlive/texmf-dist/tex/generic/pgfornament/vectorian/vectorian7.pgf) (/usr/share/texlive/texmf-dist/tex/generic/pgfornament/vectorian/vectorian7.pgf) (/usr/share/texlive/texmf-dist/tex/generic/pgfornament/vectorian/vectorian7.pgf) (/usr/share/texlive/texmf-dist/tex/generic/pgfornament/vectorian/vectorian7.pgf) (/usr/share/texlive/texmf-dist/tex/generic/pgfornament/vectorian/vectorian7.pgf) (/usr/share/texlive/texmf-dist/tex/generic/pgfornament/vectorian/vectorian7.pgf) (/usr/share/texlive/texmf-dist/tex/generic/pgfornament/vectorian/vectorian7.pgf) (/usr/share/texlive/texmf-dist/tex/generic/pgfornament/vectorian/vectorian7.pgf) (/usr/share/texlive/texmf-dist/tex/generic/pgfornament/vectorian/vectorian7.pgf) (/usr/share/texlive/texmf-dist/tex/generic/pgfornament/vectorian/vectorian7.pgf) (/usr/share/texlive/texmf-dist/tex/generic/pgfornament/vectorian/vectorian7.pgf) (/usr/share/texlive/texmf-dist/tex/generic/pgfornament/vectorian/vectorian7.pgf) (/usr/share/texlive/texmf-dist/tex/generic/pgfornament/vectorian/vectorian7.pgf) (/usr/share/texlive/texmf-dist/tex/generic/pgfornament/vectorian/vectorian7.pgf) (/usr/share/texlive/texmf-dist/tex/generic/pgfornament/vectorian/vectorian7.pgf) (/usr/share/texlive/texmf-dist/tex/generic/pgfornament/vectorian/vectorian7.pgf)
LaTeX Font Info:    Font shape `T1/EBGaramond-OsF/b/n' in size <12> not available
(Font)              Font shape `T1/EBGaramond-OsF/bold/n' tried instead on input line 102.
LaTeX Font Info:    Font shape `T1/EBGaramond-OsF/bold/n' will be
(Font)              scaled to size 12.0pt on input line 102.
LaTeX Font Info:    Font shape `T1/EBGaramond-OsF/m/n' in size <10.95> not available
(Font)              Font shape `T1/EBGaramond-OsF/regular/n' tried instead on input line 104.
LaTeX Font Info:    Font shape `T1/EBGaramond-OsF/regular/n' will be
(Font)              scaled to size 10.95pt on input line 104.
LaTeX Font Info:    Font shape `T1/EBGaramond-OsF/m/n' in size <10> not available
(Font)              Font shape `T1/EBGaramond-OsF/regular/n' tried instead on input line 109.
LaTeX Font Info:    Font shape `T1/EBGaramond-OsF/regular/n' will be
(Font)              scaled to size 10.0pt on input line 109.
LaTeX Font Info:    Font shape `T1/EBGaramond-OsF/b/n' in size <10> not available
(Font)              Font shape `T1/EBGaramond-OsF/bold/n' tried instead on input line 110.
LaTeX Font Info:    Font shape `T1/EBGaramond-OsF/bold/n' will be
(Font)              scaled to size 10.0pt on input line 110.
 [1

{/var/lib/texmf/fonts/map/pdftex/updmap/pdftex.map}]
LaTeX Font Info:    Font shape `T1/EBGaramond-OsF/m/n' in size <17.28> not available
(Font)              Font shape `T1/EBGaramond-OsF/regular/n' tried instead on input line 121.
LaTeX Font Info:    Font shape `T1/EBGaramond-OsF/regular/n' will be
(Font)              scaled to size 17.28pt on input line 121.
LaTeX Font Info:    Font shape `T1/EBGaramond-OsF/b/n' in size <17.28> not available
(Font)              Font shape `T1/EBGaramond-OsF/bold/n' tried instead on input line 121.
LaTeX Font Info:    Font shape `T1/EBGaramond-OsF/bold/n' will be
(Font)              scaled to size 17.28pt on input line 121.
 (./Logics.toc
LaTeX Font Info:    Trying to load font information for OML+ztmcm on input line 3.
 (/usr/share/texlive/texmf-dist/tex/latex/psnfss/omlztmcm.fd
File: omlztmcm.fd 2000/01/03 Fontinst v1.801 font definitions for OML/ztmcm.
)
LaTeX Font Info:    Trying to load font information for U+msa on input line 3.
 (/usr/share/texlive/texmf-dist/tex/latex/amsfonts/umsa.fd
File: umsa.fd 2013/01/14 v3.01 AMS symbols A
)
LaTeX Font Info:    Trying to load font information for U+msb on input line 3.
 (/usr/share/texlive/texmf-dist/tex/latex/amsfonts/umsb.fd
File: umsb.fd 2013/01/14 v3.01 AMS symbols B
) [1])
\tf@toc=\write4
\openout4 = `Logics.toc'.

 [2] (/usr/share/texlive/texmf-dist/tex/generic/pgfornament/vectorian/vectorian71.pgf) (/usr/share/texlive/texmf-dist/tex/generic/pgfornament/vectorian/vectorian71.pgf) (/usr/share/texlive/texmf-dist/tex/generic/pgfornament/vectorian/vectorian71.pgf)
LaTeX Font Info:    Font shape `T1/EBGaramond-OsF/m/sc' in size <12> not available
(Font)              Font shape `T1/EBGaramond-OsF/regular/sc' tried instead on input line 129.
LaTeX Font Info:    Font shape `T1/EBGaramond-OsF/regular/sc' will be
(Font)              scaled to size 12.0pt on input line 129.
LaTeX Font Info:    Font shape `T1/EBGaramond-OsF/m/n' in size <19.894> not available
(Font)              Font shape `T1/EBGaramond-OsF/regular/n' tried instead on input line 129.
LaTeX Font Info:    Font shape `T1/EBGaramond-OsF/regular/n' will be
(Font)              scaled to size 19.894pt on input line 129.
LaTeX Font Info:    Font shape `T1/EBGaramond-OsF/m/n' in size <28.31894> not available
(Font)              Font shape `T1/EBGaramond-OsF/regular/n' tried instead on input line 129.
LaTeX Font Info:    Font shape `T1/EBGaramond-OsF/regular/n' will be
(Font)              scaled to size 28.31894pt on input line 129.
Package lettrine.sty Info: Targeted height = 19.894pt
(lettrine.sty)             (for loversize=0, accent excluded),
(lettrine.sty)             Lettrine height = 19.04022pt (A);
(lettrine.sty)             reported on input line 129.
LaTeX Font Info:    Font shape `T1/EBGaramond-OsF/m/n' in size <8> not available
(Font)              Font shape `T1/EBGaramond-OsF/regular/n' tried instead on input line 130.
LaTeX Font Info:    Font shape `T1/EBGaramond-OsF/regular/n' will be
(Font)              scaled to size 8.0pt on input line 130.
LaTeX Font Info:    Font shape `T1/EBGaramond-OsF/m/n' in size <6> not available
(Font)              Font shape `T1/EBGaramond-OsF/regular/n' tried instead on input line 130.
LaTeX Font Info:    Font shape `T1/EBGaramond-OsF/regular/n' will be
(Font)              scaled to size 6.0pt on input line 130.
LaTeX Font Info:    Font shape `U/BOONDOX-calo/m/n' will be
(Font)              scaled to size 12.0pt on input line 130.
LaTeX Font Info:    Font shape `U/BOONDOX-calo/m/n' will be
(Font)              scaled to size 8.0pt on input line 130.
LaTeX Font Info:    Font shape `U/BOONDOX-calo/m/n' will be
(Font)              scaled to size 6.0pt on input line 130.
 [3]
(/usr/share/texlive/texmf-dist/tex/generic/pgfornament/vectorian/vectorian71.pgf) (/usr/share/texlive/texmf-dist/tex/generic/pgfornament/vectorian/vectorian71.pgf) (/usr/share/texlive/texmf-dist/tex/generic/pgfornament/vectorian/vectorian71.pgf)
Package lettrine.sty Info: Targeted height = 19.894pt
(lettrine.sty)             (for loversize=0, accent excluded),
(lettrine.sty)             Lettrine height = 18.2232pt (E);
(lettrine.sty)             reported on input line 153.
LaTeX Font Info:    Font shape `T1/EBGaramond-OsF/m/it' in size <12> not available
(Font)              Font shape `T1/EBGaramond-OsF/regular/it' tried instead on input line 169.
LaTeX Font Info:    Font shape `T1/EBGaramond-OsF/regular/it' will be
(Font)              scaled to size 12.0pt on input line 169.
LaTeX Font Info:    Trying to load font information for TS1+EBGaramond-OsF on input line 173.
 (/usr/share/texlive/texmf-dist/tex/latex/ebgaramond/TS1EBGaramond-OsF.fd
File: TS1EBGaramond-OsF.fd 2019/10/22 (autoinst) Font definitions for TS1/EBGaramond-OsF.
)
LaTeX Font Info:    Font shape `TS1/EBGaramond-OsF/m/n' in size <12> not available
(Font)              Font shape `TS1/EBGaramond-OsF/regular/n' tried instead on input line 173.
LaTeX Font Info:    Font shape `TS1/EBGaramond-OsF/regular/n' will be
(Font)              scaled to size 12.0pt on input line 173.
LaTeX Font Info:    Font shape `T1/EBGaramond-OsF/b/n' in size <10.95> not available
(Font)              Font shape `T1/EBGaramond-OsF/bold/n' tried instead on input line 187.
LaTeX Font Info:    Font shape `T1/EBGaramond-OsF/bold/n' will be
(Font)              scaled to size 10.95pt on input line 187.
LaTeX Font Info:    Font shape `U/BOONDOX-calo/m/n' will be
(Font)              scaled to size 10.95pt on input line 187.
LaTeX Font Info:    Font shape `T1/EBGaramond-OsF/m/it' in size <10.95> not available
(Font)              Font shape `T1/EBGaramond-OsF/regular/it' tried instead on input line 210.
LaTeX Font Info:    Font shape `T1/EBGaramond-OsF/regular/it' will be
(Font)              scaled to size 10.95pt on input line 210.
 [4]
Overfull \hbox (39.35088pt too wide) in paragraph at lines 332--334
[]\T1/EBGaramond-OsF/bold/n/12 Theorem 1. []\T1/EBGaramond-OsF/regular/it/12 If $\OML/ztmcm/m/it/12 R [][] []A$\T1/EBGaramond-OsF/regular/it/12 , then $\OML/ztmcm/m/it/12 ker\OT1/cmr/m/n/12 (\OML/ztmcm/m/it/12 ^^Y[]\OT1/cmr/m/n/12 ) = \OML/ztmcm/m/it/12 R$\T1/EBGaramond-OsF/regular/it/12 . This en-tails that $\OML/ztmcm/m/it/12 ^^Y[]$ \T1/EBGaramond-OsF/regular/it/12 is in-jec-tive iff $\OML/ztmcm/m/it/12 R \OT1/cmr/m/n/12 = []$\T1/EBGaramond-OsF/regular/it/12 . 
 []

[5]
Overfull \hbox (17.67937pt too wide) in paragraph at lines 352--356
\T1/EBGaramond-OsF/regular/n/10.95 class. Which en-tails no two dis-tinct el-e-ments are qeuiv-a-lent. $\U/msa/m/n/10.95 )  []\OML/ztmcm/m/it/10.95 R \OT1/cmr/m/n/10.95 = []$\T1/EBGaramond-OsF/regular/n/10.95 .
 []

[6]
Overfull \hbox (7.36995pt too wide) in paragraph at lines 457--461
[]\T1/EBGaramond-OsF/regular/n/10.95 False, but easy to mis-take as true. By def-i-ni-tion of $\OML/ztmcm/m/it/10.95 R \OT1/cmr/m/n/10.95 = []$
 []


Overfull \hbox (23.75175pt too wide) in paragraph at lines 488--492
\T1/EBGaramond-OsF/regular/n/10.95 course $\OML/ztmcm/m/it/10.95 a=R \OT1/cmr/m/n/10.95 = \OML/ztmcm/m/it/10.95 b=R  \OMS/cmsy/m/n/10.95 ([])  \OML/ztmcm/m/it/10.95 aRb$\T1/EBGaramond-OsF/regular/n/10.95 . Then $\OML/ztmcm/m/it/10.95 ker\OT1/cmr/m/n/10.95 (\OML/ztmcm/m/it/10.95 ^^Y[]\OT1/cmr/m/n/10.95 ) = [] = [] =
 []

<../Images//equiv.png, id=44, 542.025pt x 542.025pt>
File: ../Images//equiv.png Graphic file (type png)
<use ../Images//equiv.png>
Package pdftex.def Info: ../Images//equiv.png  used on input line 509.
(pdftex.def)             Requested size: 271.01183pt x 271.01183pt.
[7] (/usr/share/texlive/texmf-dist/tex/generic/pgfornament/vectorian/vectorian158.pgf)
LaTeX Font Info:    Font shape `T1/EBGaramond-OsF/m/n' in size <14.4> not available
(Font)              Font shape `T1/EBGaramond-OsF/regular/n' tried instead on input line 517.
LaTeX Font Info:    Font shape `T1/EBGaramond-OsF/regular/n' will be
(Font)              scaled to size 14.4pt on input line 517.
LaTeX Font Info:    Font shape `T1/EBGaramond-OsF/b/n' in size <14.4> not available
(Font)              Font shape `T1/EBGaramond-OsF/bold/n' tried instead on input line 517.
LaTeX Font Info:    Font shape `T1/EBGaramond-OsF/bold/n' will be
(Font)              scaled to size 14.4pt on input line 517.
Package lettrine.sty Info: Targeted height = 19.894pt
(lettrine.sty)             (for loversize=0, accent excluded),
(lettrine.sty)             Lettrine height = 19.04022pt (A);
(lettrine.sty)             reported on input line 519.

./Logics.tex:546: Undefined control sequence.
<recently read> \mathscr 
                         
l.546     Let $A$ an arbitrary set, $\mathscr
                                             {P}_A$ the set of all partition...
The control sequence at the end of the top line
of your error message was never \def'ed. If you have
misspelled it (e.g., `\hobx'), type `I' and the correct
spelling (e.g., `I\hbox'). Otherwise just continue,
and I'll forget about whatever was undefined.

./Logics.tex:547: Undefined control sequence.
<recently read> \mathscr 
                         
l.547     and $\mathscr
                       {R}_A$ the set of all binary equivalence relations ov...
The control sequence at the end of the top line
of your error message was never \def'ed. If you have
misspelled it (e.g., `\hobx'), type `I' and the correct
spelling (e.g., `I\hbox'). Otherwise just continue,
and I'll forget about whatever was undefined.

./Logics.tex:553: Undefined control sequence.
<argument>  \mathscr 
                     {P}_A &\mapsto \mathscr {R}_A &\mathscr {R}_A &\mapsto ...
l.553     \end{align*}
                      
The control sequence at the end of the top line
of your error message was never \def'ed. If you have
misspelled it (e.g., `\hobx'), type `I' and the correct
spelling (e.g., `I\hbox'). Otherwise just continue,
and I'll forget about whatever was undefined.

./Logics.tex:553: Undefined control sequence.
<argument>  \mathscr {P}_A &\mapsto \mathscr 
                                             {R}_A &\mathscr {R}_A &\mapsto ...
l.553     \end{align*}
                      
The control sequence at the end of the top line
of your error message was never \def'ed. If you have
misspelled it (e.g., `\hobx'), type `I' and the correct
spelling (e.g., `I\hbox'). Otherwise just continue,
and I'll forget about whatever was undefined.

./Logics.tex:553: Undefined control sequence.
<argument> ...A &\mapsto \mathscr {R}_A &\mathscr 
                                                  {R}_A &\mapsto \mathscr {P...
l.553     \end{align*}
                      
The control sequence at the end of the top line
of your error message was never \def'ed. If you have
misspelled it (e.g., `\hobx'), type `I' and the correct
spelling (e.g., `I\hbox'). Otherwise just continue,
and I'll forget about whatever was undefined.

./Logics.tex:553: Undefined control sequence.
<argument> ...A &\mathscr {R}_A &\mapsto \mathscr 
                                                  {P}_A \\ \mathcal {P} &\ma...
l.553     \end{align*}
                      
The control sequence at the end of the top line
of your error message was never \def'ed. If you have
misspelled it (e.g., `\hobx'), type `I' and the correct
spelling (e.g., `I\hbox'). Otherwise just continue,
and I'll forget about whatever was undefined.

./Logics.tex:553: Undefined control sequence.
<argument>  \mathscr 
                     {P}_A &\mapsto \mathscr {R}_A &\mathscr {R}_A &\mapsto ...
l.553     \end{align*}
                      
The control sequence at the end of the top line
of your error message was never \def'ed. If you have
misspelled it (e.g., `\hobx'), type `I' and the correct
spelling (e.g., `I\hbox'). Otherwise just continue,
and I'll forget about whatever was undefined.

./Logics.tex:553: Undefined control sequence.
<argument>  \mathscr {P}_A &\mapsto \mathscr 
                                             {R}_A &\mathscr {R}_A &\mapsto ...
l.553     \end{align*}
                      
The control sequence at the end of the top line
of your error message was never \def'ed. If you have
misspelled it (e.g., `\hobx'), type `I' and the correct
spelling (e.g., `I\hbox'). Otherwise just continue,
and I'll forget about whatever was undefined.

./Logics.tex:553: Undefined control sequence.
<argument> ...A &\mapsto \mathscr {R}_A &\mathscr 
                                                  {R}_A &\mapsto \mathscr {P...
l.553     \end{align*}
                      
The control sequence at the end of the top line
of your error message was never \def'ed. If you have
misspelled it (e.g., `\hobx'), type `I' and the correct
spelling (e.g., `I\hbox'). Otherwise just continue,
and I'll forget about whatever was undefined.

./Logics.tex:553: Undefined control sequence.
<argument> ...A &\mathscr {R}_A &\mapsto \mathscr 
                                                  {P}_A \\ \mathcal {P} &\ma...
l.553     \end{align*}
                      
The control sequence at the end of the top line
of your error message was never \def'ed. If you have
misspelled it (e.g., `\hobx'), type `I' and the correct
spelling (e.g., `I\hbox'). Otherwise just continue,
and I'll forget about whatever was undefined.

[8 <../Images//equiv.png>]
Overfull \hbox (2.16977pt too wide) in paragraph at lines 610--612
[]\T1/EBGaramond-OsF/regular/it/10.95 (5) \T1/EBGaramond-OsF/regular/n/10.95 If $\OML/ztmcm/m/it/10.95 R [][] []A$ \T1/EBGaramond-OsF/regular/n/10.95 and there is a bi-jec-tion be-tween $\OML/ztmcm/m/it/10.95 A$ \T1/EBGaramond-OsF/regular/n/10.95 and $\OML/ztmcm/m/it/10.95 A=R$\T1/EBGaramond-OsF/regular/n/10.95 , then $\OML/ztmcm/m/it/10.95 R \OT1/cmr/m/n/10.95 = []$\T1/EBGaramond-OsF/regular/n/10.95 . 
 []

[9] (/usr/share/texlive/texmf-dist/tex/generic/pgfornament/vectorian/vectorian158.pgf)
LaTeX Font Info:    Font shape `U/BOONDOX-calo/m/n' will be
(Font)              scaled to size 14.4pt on input line 647.
LaTeX Font Info:    Font shape `U/BOONDOX-calo/m/n' will be
(Font)              scaled to size 10.0pt on input line 647.
LaTeX Font Info:    Font shape `U/BOONDOX-calo/m/n' will be
(Font)              scaled to size 7.0pt on input line 647.
Package lettrine.sty Info: Targeted height = 19.894pt
(lettrine.sty)             (for loversize=0, accent excluded),
(lettrine.sty)             Lettrine height = 18.2232pt (H);
(lettrine.sty)             reported on input line 649.
 [10] (/usr/share/texlive/texmf-dist/tex/generic/pgfornament/vectorian/vectorian71.pgf) (/usr/share/texlive/texmf-dist/tex/generic/pgfornament/vectorian/vectorian71.pgf) (/usr/share/texlive/texmf-dist/tex/generic/pgfornament/vectorian/vectorian71.pgf) (/usr/share/texlive/texmf-dist/tex/generic/pgfornament/vectorian/vectorian158.pgf)
<../Images//threemaximals.png, id=61, 234.8775pt x 129.81833pt>
File: ../Images//threemaximals.png Graphic file (type png)
<use ../Images//threemaximals.png>
Package pdftex.def Info: ../Images//threemaximals.png  used on input line 811.
(pdftex.def)             Requested size: 234.87692pt x 129.818pt.
 [11] (/usr/share/texlive/texmf-dist/tex/generic/pgfornament/vectorian/vectorian158.pgf) [12 <../Images//threemaximals.png>]
<../Images//graph.png, id=70, 764.8575pt x 764.8575pt>
File: ../Images//graph.png Graphic file (type png)
<use ../Images//graph.png>
Package pdftex.def Info: ../Images//graph.png  used on input line 946.
(pdftex.def)             Requested size: 229.45901pt x 229.45901pt.
 [13 <../Images//graph.png>] [14]
Overfull \hbox (5.57698pt too wide) in paragraph at lines 1055--1059
[]$\U/BOONDOX-calo/m/n/10.95 D []$ \T1/EBGaramond-OsF/regular/n/10.95 is the set of points within a cir-cum-fer-ence with cen-ter $\OT1/cmr/m/n/10.95 (\OML/ztmcm/m/it/10.95 x[]; y[]\OT1/cmr/m/n/10.95 )$
 []

<../Images//circles.png, id=78, 1249.66875pt x 348.30125pt>
File: ../Images//circles.png Graphic file (type png)
<use ../Images//circles.png>
Package pdftex.def Info: ../Images//circles.png  used on input line 1061.
(pdftex.def)             Requested size: 249.92932pt x 69.65901pt.
LaTeX Font Info:    Font shape `TS1/EBGaramond-OsF/m/n' in size <10.95> not available
(Font)              Font shape `TS1/EBGaramond-OsF/regular/n' tried instead on input line 1068.
LaTeX Font Info:    Font shape `TS1/EBGaramond-OsF/regular/n' will be
(Font)              scaled to size 10.95pt on input line 1068.
(/usr/share/texlive/texmf-dist/tex/generic/pgfornament/vectorian/vectorian158.pgf) [15 <../Images//circles.png>]
LaTeX Font Info:    Font shape `T1/EBGaramond-OsF/m/it' in size <8> not available
(Font)              Font shape `T1/EBGaramond-OsF/regular/it' tried instead on input line 1143.
LaTeX Font Info:    Font shape `T1/EBGaramond-OsF/regular/it' will be
(Font)              scaled to size 8.0pt on input line 1143.
LaTeX Font Info:    Font shape `T1/EBGaramond-OsF/m/it' in size <6> not available
(Font)              Font shape `T1/EBGaramond-OsF/regular/it' tried instead on input line 1143.
LaTeX Font Info:    Font shape `T1/EBGaramond-OsF/regular/it' will be
(Font)              scaled to size 6.0pt on input line 1143.

Overfull \hbox (11.54219pt too wide) in paragraph at lines 1168--1171
\OML/ztmcm/m/it/10.95 F[]\OT1/cmr/m/n/10.95 (\OML/ztmcm/m/it/10.95 F\OT1/cmr/m/n/10.95 (\OML/ztmcm/m/it/10.95 x\OT1/cmr/m/n/10.95 )) = \OML/ztmcm/m/it/10.95 F[]\OT1/cmr/m/n/10.95 (\OML/ztmcm/m/it/10.95 F\OT1/cmr/m/n/10.95 (\OML/ztmcm/m/it/10.95 y\OT1/cmr/m/n/10.95 ))$\T1/EBGaramond-OsF/regular/n/10.95 , which con-tra-dicts the as-sump-tion. Then $\OML/ztmcm/m/it/10.95 F\OT1/cmr/m/n/10.95 (\OML/ztmcm/m/it/10.95 x\OT1/cmr/m/n/10.95 ) \OML/ztmcm/m/it/10.95 <[]
 []

[16] (/usr/share/texlive/texmf-dist/tex/generic/pgfornament/vectorian/vectorian158.pgf)
Overfull \hbox (28.24036pt too wide) in paragraph at lines 1245--1252
[] [] \OT1/cmr/m/n/10.95 = [] \U/BOONDOX-calo/m/n/10.95 D\OT1/cmr/m/n/10.95 (\OML/ztmcm/m/it/10.95 n[]; n[]\OT1/cmr/m/n/10.95 )$ \T1/EBGaramond-OsF/regular/n/10.95 is guar-an-teed to ex-ist. The proof that $[] []$
 []

[17] (/usr/share/texlive/texmf-dist/tex/generic/pgfornament/vectorian/vectorian158.pgf) [18] [19] [20] (/usr/share/texlive/texmf-dist/tex/generic/pgfornament/vectorian/vectorian71.pgf) (/usr/share/texlive/texmf-dist/tex/generic/pgfornament/vectorian/vectorian71.pgf) (/usr/share/texlive/texmf-dist/tex/generic/pgfornament/vectorian/vectorian71.pgf) [21] [22] (/usr/share/texlive/texmf-dist/tex/generic/pgfornament/vectorian/vectorian158.pgf) (/usr/share/texlive/texmf-dist/tex/generic/pgfornament/vectorian/vectorian158.pgf) [23] (/usr/share/texlive/texmf-dist/tex/generic/pgfornament/vectorian/vectorian158.pgf) [24]
./Logics.tex:1904: Misplaced alignment tab character &.
l.1904     F^{-1}\left[ x \circ' y \right] &
                                            = F^{-1} \left[ F \left( F^{-1}(...
I can't figure out why you would want to use a tab mark
here. If you just want an ampersand, the remedy is
simple: Just type `I\&' now. But if some right brace
up above has ended a previous alignment prematurely,
you're probably due for more error messages, and you
might try typing `S' now just to see what is salvageable.

./Logics.tex:1905: Misplaced alignment tab character &.
<recently read> &
                 
l.1905                                     &
                                            =F^{-1}(x) \circ F^{-1}(y)
I can't figure out why you would want to use a tab mark
here. If you just want an ampersand, the remedy is
simple: Just type `I\&' now. But if some right brace
up above has ended a previous alignment prematurely,
you're probably due for more error messages, and you
might try typing `S' now just to see what is salvageable.

(/usr/share/texlive/texmf-dist/tex/generic/pgfornament/vectorian/vectorian158.pgf) [25] [26]
Overfull \hbox (17.63298pt too wide) in paragraph at lines 2200--2203
[]\T1/EBGaramond-OsF/regular/n/10.95 Theorem \T1/EBGaramond-OsF/bold/n/10.95 18 \T1/EBGaramond-OsF/regular/n/10.95 en-sures that $\OML/ztmcm/m/it/10.95 ^^Y[]$ \T1/EBGaramond-OsF/regular/n/10.95 is a ho-mo-mor-phism from $\OT1/cmr/m/n/10.95 (\OML/ztmcm/m/it/10.95 L; \OMS/cmsy/m/n/10.95 _\OML/ztmcm/m/it/10.95 ; \OMS/cmsy/m/n/10.95 ^\OT1/cmr/m/n/10.95 )$ \T1/EBGaramond-OsF/regular/n/10.95 to $\OT1/cmr/m/n/10.95 (\OML/ztmcm/m/it/10.95 L=^^R; []; []\OT1/cmr/m/n/10.95 )$\T1/EBGaramond-OsF/regular/n/10.95 .
 []

[27]
./Logics.tex:2234: Misplaced alignment tab character &.
l.2234         \item $\pi_{\theta}(z) &
                                       = \pi_{\theta}(x) \widetilde{ \lor  }...
I can't figure out why you would want to use a tab mark
here. If you just want an ampersand, the remedy is
simple: Just type `I\&' now. But if some right brace
up above has ended a previous alignment prematurely,
you're probably due for more error messages, and you
might try typing `S' now just to see what is salvageable.

./Logics.tex:2235: Misplaced alignment tab character &.
l.2235         \item $\pi_{\theta}(y) &
                                       = \pi_{\theta}(z) \widetilde{ \lor  }...
I can't figure out why you would want to use a tab mark
here. If you just want an ampersand, the remedy is
simple: Just type `I\&' now. But if some right brace
up above has ended a previous alignment prematurely,
you're probably due for more error messages, and you
might try typing `S' now just to see what is salvageable.


Overfull \hbox (0.48845pt too wide) in paragraph at lines 2256--2259
[]\T1/EBGaramond-OsF/regular/it/10.95 (1) \T1/EBGaramond-OsF/regular/n/10.95 Let $\OML/ztmcm/m/it/10.95 S$ \T1/EBGaramond-OsF/regular/n/10.95 a sub-universe of the lat-tice and $\OML/ztmcm/m/it/10.95 ^^R$ \T1/EBGaramond-OsF/regular/n/10.95 a con-gru-ence of $\OT1/cmr/m/n/10.95 (\OML/ztmcm/m/it/10.95 S; \OMS/cmsy/m/n/10.95 _[]\OML/ztmcm/m/it/10.95 ; \OMS/cmsy/m/n/10.95 ^[]\OT1/cmr/m/n/10.95 )$\T1/EBGaramond-OsF/regular/n/10.95 .
 []

[28] [29] (/usr/share/texlive/texmf-dist/tex/generic/pgfornament/vectorian/vectorian71.pgf) (/usr/share/texlive/texmf-dist/tex/generic/pgfornament/vectorian/vectorian71.pgf) (/usr/share/texlive/texmf-dist/tex/generic/pgfornament/vectorian/vectorian71.pgf) (/usr/share/texlive/texmf-dist/tex/generic/pgfornament/vectorian/vectorian158.pgf)
Overfull \hbox (6.22623pt too wide) in paragraph at lines 2369--2372
[]\T1/EBGaramond-OsF/bold/n/12 Definition 11. []\T1/EBGaramond-OsF/regular/n/12 Let $\OT1/cmr/m/n/12 (\OML/ztmcm/m/it/12 L; \OMS/cmsy/m/n/12 _\OML/ztmcm/m/it/12 ; \OMS/cmsy/m/n/12 ^\OML/ztmcm/m/it/12 ; \OT1/cmr/m/n/12 0\OML/ztmcm/m/it/12 ; \OT1/cmr/m/n/12 1)$ \T1/EBGaramond-OsF/regular/n/12 a bounded lat-tice. A sub-universe $\OML/ztmcm/m/it/12 S$ \T1/EBGaramond-OsF/regular/n/12 of $\OT1/cmr/m/n/12 (\OML/ztmcm/m/it/12 L; \OMS/cmsy/m/n/12 _\OML/ztmcm/m/it/12 ; \OMS/cmsy/m/n/12 ^\OT1/cmr/m/n/12 )$
 []

[30]
Overfull \hbox (18.19585pt too wide) in paragraph at lines 2461--2465
\T1/EBGaramond-OsF/regular/n/12 mo-mor-phisms are iso-mor-phisms. This was also the case for sim-ple lat-tices (\T1/EBGaramond-OsF/bold/n/12 Theorem
 []

[31] (/usr/share/texlive/texmf-dist/tex/generic/pgfornament/vectorian/vectorian158.pgf)
Overfull \hbox (1.79929pt too wide) in paragraph at lines 2514--2518
[]\T1/EBGaramond-OsF/regular/n/12 Recall that we de-fined $\OML/ztmcm/m/it/12 x=^^R[]y=^^R \OT1/cmr/m/n/12 = (\OML/ztmcm/m/it/12 x \OMS/cmsy/m/n/12 ^^N \OML/ztmcm/m/it/12 y\OT1/cmr/m/n/12 )\OML/ztmcm/m/it/12 =^^R$\T1/EBGaramond-OsF/regular/n/12 . The $\OT1/cmr/m/n/12 5$\T1/EBGaramond-OsF/regular/n/12 -uple $\OT1/cmr/m/n/12 (\OML/ztmcm/m/it/12 L=^^R; []; []; \OT1/cmr/m/n/12 0\OML/ztmcm/m/it/12 =^^R; \OT1/cmr/m/n/12 1\OML/ztmcm/m/it/12 =^^R\OT1/cmr/m/n/12 )$
 []


Overfull \hbox (8.37782pt too wide) in paragraph at lines 2514--2518
\T1/EBGaramond-OsF/regular/n/12 is called \T1/EBGaramond-OsF/regular/it/12 the quo-tient \T1/EBGaramond-OsF/regular/n/12 of $\OT1/cmr/m/n/12 (\OML/ztmcm/m/it/12 L; \OMS/cmsy/m/n/12 _\OML/ztmcm/m/it/12 ; \OMS/cmsy/m/n/12 ^\OML/ztmcm/m/it/12 ; \OT1/cmr/m/n/12 0\OML/ztmcm/m/it/12 ; \OT1/cmr/m/n/12 1)$ \T1/EBGaramond-OsF/regular/n/12 over $\OML/ztmcm/m/it/12 ^^R$ \T1/EBGaramond-OsF/regular/n/12 and is de-noted with $\OT1/cmr/m/n/12 (\OML/ztmcm/m/it/12 L; \OMS/cmsy/m/n/12 _\OML/ztmcm/m/it/12 ; \OMS/cmsy/m/n/12 ^\OML/ztmcm/m/it/12 ; \OT1/cmr/m/n/12 0\OML/ztmcm/m/it/12 ; \OT1/cmr/m/n/12 1)\OML/ztmcm/m/it/12 =^^R$\T1/EBGaramond-OsF/regular/n/12 . 
 []


Overfull \hbox (37.24689pt too wide) in paragraph at lines 2521--2523
[]\T1/EBGaramond-OsF/bold/n/12 Theorem 21. []\T1/EBGaramond-OsF/regular/it/12 Let $\OT1/cmr/m/n/12 (\OML/ztmcm/m/it/12 L; \OMS/cmsy/m/n/12 _\OML/ztmcm/m/it/12 ; \OMS/cmsy/m/n/12 ^\OML/ztmcm/m/it/12 ; \OT1/cmr/m/n/12 0\OML/ztmcm/m/it/12 ; \OT1/cmr/m/n/12 1)$ \T1/EBGaramond-OsF/regular/it/12 a bounded lat-tice and $\OML/ztmcm/m/it/12 ^^R$ \T1/EBGaramond-OsF/regular/it/12 a con-gru-ence over $\OT1/cmr/m/n/12 (\OML/ztmcm/m/it/12 L; \OMS/cmsy/m/n/12 _\OML/ztmcm/m/it/12 ; \OMS/cmsy/m/n/12 ^\OML/ztmcm/m/it/12 ; \OT1/cmr/m/n/12 0\OML/ztmcm/m/it/12 ; \OT1/cmr/m/n/12 1)$\T1/EBGaramond-OsF/regular/it/12 . 
 []


Overfull \hbox (3.75836pt too wide) in paragraph at lines 2526--2528
[]$\OML/ztmcm/m/it/12 ^^Y[]$ \T1/EBGaramond-OsF/regular/it/12 is a ho-mo-mor-phism from $\OT1/cmr/m/n/12 (\OML/ztmcm/m/it/12 L; \OMS/cmsy/m/n/12 _\OML/ztmcm/m/it/12 ; \OMS/cmsy/m/n/12 ^\OML/ztmcm/m/it/12 ; \OT1/cmr/m/n/12 0\OML/ztmcm/m/it/12 ; \OT1/cmr/m/n/12 1)$ \T1/EBGaramond-OsF/regular/it/12 to $\OT1/cmr/m/n/12 (\OML/ztmcm/m/it/12 L; \OMS/cmsy/m/n/12 _\OML/ztmcm/m/it/12 ; \OMS/cmsy/m/n/12 ^\OML/ztmcm/m/it/12 ; \OT1/cmr/m/n/12 0\OML/ztmcm/m/it/12 ; \OT1/cmr/m/n/12 1)$ \T1/EBGaramond-OsF/regular/it/12 and $[]\OT1/cmr/m/n/12 (\OML/ztmcm/m/it/12 ^^Y[]\OT1/cmr/m/n/12 ) =
 []

(/usr/share/texlive/texmf-dist/tex/generic/pgfornament/vectorian/vectorian158.pgf)
<../Images//compLattice.png, id=134, 108.73958pt x 134.5025pt>
File: ../Images//compLattice.png Graphic file (type png)
<use ../Images//compLattice.png>
Package pdftex.def Info: ../Images//compLattice.png  used on input line 2561.
(pdftex.def)             Requested size: 108.73929pt x 134.50215pt.
 [32 <../Images//compLattice.png>]
Overfull \hbox (24.51854pt too wide) in paragraph at lines 2574--2577
[]\T1/EBGaramond-OsF/bold/n/12 Definition 16. []\T1/EBGaramond-OsF/regular/n/12 A com-ple-mented lat-tice is a $\OT1/cmr/m/n/12 6$\T1/EBGaramond-OsF/regular/n/12 -upla $\OT1/cmr/m/n/12 (\OML/ztmcm/m/it/12 L; \OMS/cmsy/m/n/12 _\OML/ztmcm/m/it/12 ; \OMS/cmsy/m/n/12 ^\OML/ztmcm/m/it/12 ;  [][]; \OT1/cmr/m/n/12 0\OML/ztmcm/m/it/12 ; \OT1/cmr/m/n/12 1)$ \T1/EBGaramond-OsF/regular/n/12 s.t. $\OT1/cmr/m/n/12 (\OML/ztmcm/m/it/12 L; \OMS/cmsy/m/n/12 _\OML/ztmcm/m/it/12 ; \OMS/cmsy/m/n/12 ^\OML/ztmcm/m/it/12 ; \OT1/cmr/m/n/12 0\OML/ztmcm/m/it/12 ; \OT1/cmr/m/n/12 1)$
 []

<../Images//diamond.png, id=139, 200.75pt x 207.77625pt>
File: ../Images//diamond.png Graphic file (type png)
<use ../Images//diamond.png>
Package pdftex.def Info: ../Images//diamond.png  used on input line 2597.
(pdftex.def)             Requested size: 100.37474pt x 103.88786pt.
(/usr/share/texlive/texmf-dist/tex/generic/pgfornament/vectorian/vectorian158.pgf)
./Logics.tex:2637: Double superscript.
<recently read> ^
                 
l.2637     \lor', \land', ~^c'
                              , 0', 1')$, we say the first is a complemented
I treat `x^1^2' essentially like `x^1{}^2'.


Overfull \hbox (54.99274pt too wide) in paragraph at lines 2636--2639
[]\T1/EBGaramond-OsF/bold/n/12 Definition 17. []\T1/EBGaramond-OsF/regular/n/12 Given two com-ple-mented lat-tices $\OT1/cmr/m/n/12 (\OML/ztmcm/m/it/12 L; \OMS/cmsy/m/n/12 _\OML/ztmcm/m/it/12 ; \OMS/cmsy/m/n/12 ^\OML/ztmcm/m/it/12 ;  [][]; \OT1/cmr/m/n/12 0\OML/ztmcm/m/it/12 ; \OT1/cmr/m/n/12 1)$ \T1/EBGaramond-OsF/regular/n/12 and $\OT1/cmr/m/n/12 (\OML/ztmcm/m/it/12 L[]; \OMS/cmsy/m/n/12 _[]\OML/ztmcm/m/it/12 ; \OMS/cmsy/m/n/12 ^[]\OML/ztmcm/m/it/12 ;  [][][]; \OT1/cmr/m/n/12 0[]\OML/ztmcm/m/it/12 ; \OT1/cmr/m/n/12 1[])$\T1/EBGaramond-OsF/regular/n/12 ,
 []

[33 <../Images//diamond.png>]
Overfull \hbox (41.1525pt too wide) in paragraph at lines 2654--2660
[]\T1/EBGaramond-OsF/regular/n/12 As in pre-vi-ous cases, if $\OML/ztmcm/m/it/12 S$ \T1/EBGaramond-OsF/regular/n/12 is a sub-universe of $\OT1/cmr/m/n/12 (\OML/ztmcm/m/it/12 L; \OMS/cmsy/m/n/12 _\OML/ztmcm/m/it/12 ; \OMS/cmsy/m/n/12 ^\OML/ztmcm/m/it/12 ;  [][]; \OT1/cmr/m/n/12 0\OML/ztmcm/m/it/12 ; \OT1/cmr/m/n/12 1)$\T1/EBGaramond-OsF/regular/n/12 , then $\OT1/cmr/m/n/12 (\OML/ztmcm/m/it/12 S; \OMS/cmsy/m/n/12 _[]\OML/ztmcm/m/it/12 ; \OMS/cmsy/m/n/12 ^[]\OML/ztmcm/m/it/12 ;  [][]; \OT1/cmr/m/n/12 0\OML/ztmcm/m/it/12 ; \OT1/cmr/m/n/12 1)$
 []

(/usr/share/texlive/texmf-dist/tex/generic/pgfornament/vectorian/vectorian158.pgf)
./Logics.tex:2667: Double superscript.
<recently read> ^
                 
l.2667 ...nd, ~^c, 0, 1), (L', \lor', \land', ~^c'
                                                  , 0', 1')$ two
I treat `x^1^2' essentially like `x^1{}^2'.

./Logics.tex:2684: Double superscript.
<recently read> ^
                 
l.2684 ..., 0, 1) \mapsto (L', \lor', \land', ~^c'
                                                  , 0', 1')$
I treat `x^1^2' essentially like `x^1{}^2'.

./Logics.tex:2700: Double superscript.
<recently read> ^
                 
l.2700 ...c, 0, 1)\mapsto (L', \lor', \land', ~^c'
                                                  , 0',
I treat `x^1^2' essentially like `x^1{}^2'.

./Logics.tex:2702: Double superscript.
<recently read> ^
                 
l.2702     \land', ~^c'
                       , 0', 1')$. Which means $F$ is also a homomorphism fr...
I treat `x^1^2' essentially like `x^1{}^2'.

(/usr/share/texlive/texmf-dist/tex/generic/pgfornament/vectorian/vectorian158.pgf) [34]
Overfull \hbox (11.65869pt too wide) in paragraph at lines 2736--2740
[]\T1/EBGaramond-OsF/regular/n/12 The $\OT1/cmr/m/n/12 6$\T1/EBGaramond-OsF/regular/n/12 -uple $\OT1/cmr/m/n/12 (\OML/ztmcm/m/it/12 L=^^R; []; [];  [][]; \OT1/cmr/m/n/12 0\OML/ztmcm/m/it/12 =^^R; \OT1/cmr/m/n/12 1\OML/ztmcm/m/it/12 =^^R\OT1/cmr/m/n/12 )$ \T1/EBGaramond-OsF/regular/n/12 is called the \T1/EBGaramond-OsF/regular/it/12 quo-tient space \T1/EBGaramond-OsF/regular/n/12 of $\OT1/cmr/m/n/12 (\OML/ztmcm/m/it/12 L; \OMS/cmsy/m/n/12 _\OML/ztmcm/m/it/12 ; \OMS/cmsy/m/n/12 ^\OML/ztmcm/m/it/12 ;  [][]; \OT1/cmr/m/n/12 0\OML/ztmcm/m/it/12 ; \OT1/cmr/m/n/12 1)$
 []

./Logics.tex:2758: Missing { inserted.
<to be read again> 
                   \setbox 
l.2758 ...entities hold for the $~^\widetilde{ c }
                                                  
A left brace was mandatory here, so I've put one in.
You might want to delete and/or insert some corrections
so that I will find a matching right brace soon.
(If you're confused by all this, try typing `I}' now.)

./Logics.tex:2759: Missing } inserted.
<inserted text> 
                }
l.2759     $
             operation.
I've inserted something that you may have forgotten.
(See the <inserted text> above.)
With luck, this will get me unwedged. But if you
really didn't forget anything, try typing `2' now; then
my insertion and my current dilemma will both disappear.


Overfull \hbox (3.61531pt too wide) in paragraph at lines 2769--2774
[]\T1/EBGaramond-OsF/regular/n/10.95 (2) A pre-vi-ous the-o-rem en-sures that $\OML/ztmcm/m/it/10.95 ^^Y[]$ \T1/EBGaramond-OsF/regular/n/10.95 is a ho-mor-phism from $\OT1/cmr/m/n/10.95 (\OML/ztmcm/m/it/10.95 L; \OMS/cmsy/m/n/10.95 _\OML/ztmcm/m/it/10.95 ; \OMS/cmsy/m/n/10.95 ^\OML/ztmcm/m/it/10.95 ; \OT1/cmr/m/n/10.95 0\OML/ztmcm/m/it/10.95 ; \OT1/cmr/m/n/10.95 1)$
 []

./Logics.tex:2790: Double superscript.
<recently read> ^
                 
l.2790 ..., 0, 1) \mapsto (L', \lor', \land', ~^c'
                                                  , 0',
I treat `x^1^2' essentially like `x^1{}^2'.


Overfull \hbox (21.54875pt too wide) in paragraph at lines 2805--2808
[]\T1/EBGaramond-OsF/bold/n/10.95 Proof 25. []\T1/EBGaramond-OsF/regular/n/10.95 Let $\OML/ztmcm/m/it/10.95 ^^U \OT1/cmr/m/n/10.95 = [](\OML/ztmcm/m/it/10.95 F\OT1/cmr/m/n/10.95 )$\T1/EBGaramond-OsF/regular/n/10.95 . By def-i-ni-tion, $\OML/ztmcm/m/it/10.95 ^^U$ \T1/EBGaramond-OsF/regular/n/10.95 is a con-gru-ence over $\OT1/cmr/m/n/10.95 (\OML/ztmcm/m/it/10.95 L; \OMS/cmsy/m/n/10.95 _\OML/ztmcm/m/it/10.95 ; \OMS/cmsy/m/n/10.95 ^\OML/ztmcm/m/it/10.95 ; \OT1/cmr/m/n/10.95 0\OML/ztmcm/m/it/10.95 ; \OT1/cmr/m/n/10.95 1)$\T1/EBGaramond-OsF/regular/n/10.95 .
 []

[35] (/usr/share/texlive/texmf-dist/tex/generic/pgfornament/vectorian/vectorian158.pgf) [36] (/usr/share/texlive/texmf-dist/tex/generic/pgfornament/vectorian/vectorian71.pgf) (/usr/share/texlive/texmf-dist/tex/generic/pgfornament/vectorian/vectorian71.pgf) (/usr/share/texlive/texmf-dist/tex/generic/pgfornament/vectorian/vectorian71.pgf)
LaTeX Font Info:    Font shape `T1/EBGaramond-OsF/b/it' in size <12> not available
(Font)              Font shape `T1/EBGaramond-OsF/bold/it' tried instead on input line 2925.
LaTeX Font Info:    Font shape `T1/EBGaramond-OsF/bold/it' will be
(Font)              scaled to size 12.0pt on input line 2925.
 [37]
Overfull \hbox (33.78447pt too wide) detected at line 2969
[]
 []

[38] (/usr/share/texlive/texmf-dist/tex/generic/pgfornament/vectorian/vectorian158.pgf)
./Logics.tex:3060: Undefined control sequence.
l.3060 ...tem $x \in F$ and $x \leq y \Rightarrowy
                                                   \in F$
The control sequence at the end of the top line
of your error message was never \def'ed. If you have
misspelled it (e.g., `\hobx'), type `I' and the correct
spelling (e.g., `I\hbox'). Otherwise just continue,
and I'll forget about whatever was undefined.

[39] [40] [41] [42] (/usr/share/texlive/texmf-dist/tex/generic/pgfornament/vectorian/vectorian71.pgf) (/usr/share/texlive/texmf-dist/tex/generic/pgfornament/vectorian/vectorian71.pgf) (/usr/share/texlive/texmf-dist/tex/generic/pgfornament/vectorian/vectorian71.pgf)
<../Images//latticeRings.png, id=176, 1445.4pt x 813.0375pt>
File: ../Images//latticeRings.png Graphic file (type png)
<use ../Images//latticeRings.png>
Package pdftex.def Info: ../Images//latticeRings.png  used on input line 3375.
(pdftex.def)             Requested size: 505.89758pt x 284.56738pt.

Overfull \hbox (146.3933pt too wide) in paragraph at lines 3375--3376
[][] 
 []

./Logics.tex:3404: Undefined control sequence.
l.3404 ...ll x \forall y\left( x \leq y \lor y \eq
                                                   x \right) $ is false.
The control sequence at the end of the top line
of your error message was never \def'ed. If you have
misspelled it (e.g., `\hobx'), type `I' and the correct
spelling (e.g., `I\hbox'). Otherwise just continue,
and I'll forget about whatever was undefined.

[43 <../Images//latticeRings.png (PNG copy)>] (/usr/share/texlive/texmf-dist/tex/generic/pgfornament/vectorian/vectorian158.pgf) (/usr/share/texlive/texmf-dist/tex/generic/pgfornament/vectorian/vectorian158.pgf) (/usr/share/texlive/texmf-dist/tex/generic/pgfornament/vectorian/vectorian158.pgf) [44]
./Logics.tex:3520: Undefined control sequence.
l.3520     = b \Rightarrowa
                            ~\mathcal{i}~b = a)$. Since $a, b$ were arbitrar...
The control sequence at the end of the top line
of your error message was never \def'ed. If you have
misspelled it (e.g., `\hobx'), type `I' and the correct
spelling (e.g., `I\hbox'). Otherwise just continue,
and I'll forget about whatever was undefined.

(/usr/share/texlive/texmf-dist/tex/generic/pgfornament/vectorian/vectorian158.pgf)
Overfull \hbox (3.67003pt too wide) in paragraph at lines 3532--3536
\T1/EBGaramond-OsF/regular/n/12 The in-ex-is-tence of the $\OMS/cmsy/m/n/12 ^^T$ \T1/EBGaramond-OsF/regular/n/12 sym-bol in ternary lat-tices $\OT1/cmr/m/n/12 (\OML/ztmcm/m/it/12 L; \OMS/cmsy/m/n/12 _\OML/ztmcm/m/it/12 ; \OMS/cmsy/m/n/12 ^\OT1/cmr/m/n/12 )$ \T1/EBGaramond-OsF/regular/n/12 makes prov-ing things
 []

./Logics.tex:3547: Undefined control sequence.
l.3547         \item $A_{s\leqC
                               } := \forall x \forall y \forall z \left( (x ...
The control sequence at the end of the top line
of your error message was never \def'ed. If you have
misspelled it (e.g., `\hobx'), type `I' and the correct
spelling (e.g., `I\hbox'). Otherwise just continue,
and I'll forget about whatever was undefined.

./Logics.tex:3549: Undefined control sequence.
l.3549 ...orall y \forall z \left( (z \leq x \lnad
                                                   z \leq y) \Rightarrow z \...
The control sequence at the end of the top line
of your error message was never \def'ed. If you have
misspelled it (e.g., `\hobx'), type `I' and the correct
spelling (e.g., `I\hbox'). Otherwise just continue,
and I'll forget about whatever was undefined.

[45]
Overfull \hbox (6.14432pt too wide) in paragraph at lines 3553--3557
\T1/EBGaramond-OsF/regular/n/12 of Dedek-ing's the-o-rem, the $\OT1/cmr/m/n/12 4$\T1/EBGaramond-OsF/regular/n/12 -uple $\OT1/cmr/m/n/12 (\OML/ztmcm/m/it/12 L;  []\U/BOONDOX-calo/m/n/12 s []\OML/ztmcm/m/it/12 ;  []\U/BOONDOX-calo/m/n/12 i []\OML/ztmcm/m/it/12 ; \OMS/cmsy/m/n/12 ^^T\OT1/cmr/m/n/12 )$ \T1/EBGaramond-OsF/regular/n/12 is a qua-ter-nary lat-tice iff $\OT1/cmr/m/n/12 (\OML/ztmcm/m/it/12 L;  []\U/BOONDOX-calo/m/n/12 s []\OML/ztmcm/m/it/12 ;  []\U/BOONDOX-calo/m/n/12 i []\OT1/cmr/m/n/12 )$
 []

(/usr/share/texlive/texmf-dist/tex/generic/pgfornament/vectorian/vectorian158.pgf) (/usr/share/texlive/texmf-dist/tex/generic/pgfornament/vectorian/vectorian158.pgf) [46]
./Logics.tex:3621: Undefined control sequence.
l.3621 ...y \in G \left( (x, y) \in r \Rightarrowx
                                                  \in R \iff y \not\in R \ri...
The control sequence at the end of the top line
of your error message was never \def'ed. If you have
misspelled it (e.g., `\hobx'), type `I' and the correct
spelling (e.g., `I\hbox'). Otherwise just continue,
and I'll forget about whatever was undefined.

[47] (/usr/share/texlive/texmf-dist/tex/generic/pgfornament/vectorian/vectorian71.pgf) (/usr/share/texlive/texmf-dist/tex/generic/pgfornament/vectorian/vectorian71.pgf) (/usr/share/texlive/texmf-dist/tex/generic/pgfornament/vectorian/vectorian71.pgf) (/usr/share/texlive/texmf-dist/tex/generic/pgfornament/vectorian/vectorian158.pgf)
Overfull \hbox (2.60568pt too wide) in paragraph at lines 3698--3700
[]\T1/EBGaramond-OsF/bold/n/12 Definition 32 \T1/EBGaramond-OsF/regular/n/12 (First or-der type)\T1/EBGaramond-OsF/bold/n/12 . []\T1/EBGaramond-OsF/regular/n/12 A first-order type is a $\OT1/cmr/m/n/12 4$\T1/EBGaramond-OsF/regular/n/12 -uple $\OML/ztmcm/m/it/12 ^^\ \OT1/cmr/m/n/12 = []$
 []

[48]
LaTeX Font Info:    Font shape `T1/EBGaramond-OsF/b/it' in size <10.95> not available
(Font)              Font shape `T1/EBGaramond-OsF/bold/it' tried instead on input line 3748.
LaTeX Font Info:    Font shape `T1/EBGaramond-OsF/bold/it' will be
(Font)              scaled to size 10.95pt on input line 3748.

Overfull \hbox (14.36864pt too wide) in paragraph at lines 3774--3775
[]\T1/EBGaramond-OsF/bold/n/12 Definition 35 \T1/EBGaramond-OsF/regular/n/12 (Bounded poset type)\T1/EBGaramond-OsF/bold/n/12 . []\T1/EBGaramond-OsF/regular/n/12 The type $[]$
 []

(/usr/share/texlive/texmf-dist/tex/generic/pgfornament/vectorian/vectorian158.pgf)
Overfull \hbox (20.25778pt too wide) in paragraph at lines 3790--3796
[]\T1/EBGaramond-OsF/regular/n/12 For in-stance, if $\OML/ztmcm/m/it/12 ^^\$ \T1/EBGaramond-OsF/regular/n/12 is un-der-stood to be the poset type; i.e. if $\OML/ztmcm/m/it/12 ^^\ \OT1/cmr/m/n/12 = []$\T1/EBGaramond-OsF/regular/n/12 ,
 []

[49]
Overfull \hbox (66.53606pt too wide) in paragraph at lines 3825--3828
[]\T1/EBGaramond-OsF/bold/n/10.95 Example 8. []\T1/EBGaramond-OsF/regular/n/10.95 Let $\OML/ztmcm/m/it/10.95 ^^\ \OT1/cmr/m/n/10.95 = []$\T1/EBGaramond-OsF/regular/n/10.95 . 
 []


Overfull \hbox (64.17284pt too wide) in paragraph at lines 3885--3888
[]\T1/EBGaramond-OsF/bold/n/10.95 Proof 34. []\T1/EBGaramond-OsF/regular/n/10.95 (1) As-sume $\OML/ztmcm/m/it/10.95 A \OT1/cmr/m/n/10.95 = []$ \T1/EBGaramond-OsF/regular/n/10.95 with $\OML/ztmcm/m/it/10.95 n \OT1/cmr/m/n/10.95 = \OMS/cmsy/m/n/10.95 j\OML/ztmcm/m/it/10.95 A\OMS/cmsy/m/n/10.95 j$\T1/EBGaramond-OsF/regular/n/10.95 . Let $\U/msb/m/n/10.95 F \OT1/cmr/m/n/10.95 = []$\T1/EBGaramond-OsF/regular/n/10.95 .
 []

[50] [51] (/usr/share/texlive/texmf-dist/tex/generic/pgfornament/vectorian/vectorian158.pgf)
Overfull \hbox (10.9302pt too wide) detected at line 4069
[]
 []

[52] [53] (/usr/share/texlive/texmf-dist/tex/generic/pgfornament/vectorian/vectorian158.pgf) [54] (/usr/share/texlive/texmf-dist/tex/generic/pgfornament/vectorian/vectorian71.pgf) (/usr/share/texlive/texmf-dist/tex/generic/pgfornament/vectorian/vectorian71.pgf) (/usr/share/texlive/texmf-dist/tex/generic/pgfornament/vectorian/vectorian71.pgf)
Overfull \hbox (7.07018pt too wide) in paragraph at lines 4282--4285
[]\T1/EBGaramond-OsF/regular/n/10.95 The words $\OML/ztmcm/m/it/10.95 Doe []$ \T1/EBGaramond-OsF/regular/n/10.95 and $\OML/ztmcm/m/it/10.95 John\OT1/cmr/m/n/10.95 (\OML/ztmcm/m/it/10.95 Doe\OT1/cmr/m/n/10.95 ([])\OML/ztmcm/m/it/10.95 ; Kafka; Kipling;$\T1/EBGaramond-OsF/bold/n/10.95 X5$\OT1/cmr/m/n/10.95 )$
 []

[55] (/usr/share/texlive/texmf-dist/tex/generic/pgfornament/vectorian/vectorian158.pgf) [56] (/usr/share/texlive/texmf-dist/tex/generic/pgfornament/vectorian/vectorian158.pgf) [57]
Overfull \hbox (26.13004pt too wide) in paragraph at lines 4506--4509
[]\T1/EBGaramond-OsF/bold/n/10.95 Proof 40. []\T1/EBGaramond-OsF/regular/n/10.95 If $\OML/ztmcm/m/it/10.95 '$ \T1/EBGaramond-OsF/regular/n/10.95 is of the first form, it can-not con-tain sym-bols in $[]$
 []

(/usr/share/texlive/texmf-dist/tex/generic/pgfornament/vectorian/vectorian158.pgf) [58] [59] (/usr/share/texlive/texmf-dist/tex/generic/pgfornament/vectorian/vectorian71.pgf) (/usr/share/texlive/texmf-dist/tex/generic/pgfornament/vectorian/vectorian71.pgf) (/usr/share/texlive/texmf-dist/tex/generic/pgfornament/vectorian/vectorian71.pgf)
Overfull \hbox (31.87094pt too wide) detected at line 4628
[]
 []

(/usr/share/texlive/texmf-dist/tex/generic/pgfornament/vectorian/vectorian158.pgf) [60]
<../Images//vDash.png, id=235, 479.7925pt x 523.9575pt>
File: ../Images//vDash.png Graphic file (type png)
<use ../Images//vDash.png>
Package pdftex.def Info: ../Images//vDash.png  used on input line 4684.
(pdftex.def)             Requested size: 335.85245pt x 366.76775pt.
 [61 <../Images//vDash.png>] (/usr/share/texlive/texmf-dist/tex/generic/pgfornament/vectorian/vectorian158.pgf)
Overfull \hbox (10.85959pt too wide) in paragraph at lines 4750--4753
[]\T1/EBGaramond-OsF/regular/n/12 We write $\OML/ztmcm/m/it/12 ' \OMS/cmsy/m/n/12 ^^X \OML/ztmcm/m/it/12  $ \T1/EBGaramond-OsF/regular/n/12 when these are equiv-a-lent. Ob-serve that $[]$
 []

(/usr/share/texlive/texmf-dist/tex/generic/pgfornament/vectorian/vectorian158.pgf)
Overfull \hbox (22.75934pt too wide) in paragraph at lines 4807--4810
[]$\OML/ztmcm/m/it/12 F [] \OT1/cmr/m/n/12 = \OML/ztmcm/m/it/12 f[] []$ \T1/EBGaramond-OsF/regular/n/12 for ev-ery $\OML/ztmcm/m/it/12 f \OMS/cmsy/m/n/12 2 \U/BOONDOX-calo/m/n/12 F[]\OML/ztmcm/m/it/12 ; a[]; [] ; a[] \OMS/cmsy/m/n/12 2
 []


Overfull \hbox (43.41444pt too wide) in paragraph at lines 4810--4813
[]$\OT1/cmr/m/n/12 (\OML/ztmcm/m/it/12 a[]; [] ; a[]\OT1/cmr/m/n/12 ) \OMS/cmsy/m/n/12 2 \OML/ztmcm/m/it/12 r[]$ \T1/EBGaramond-OsF/regular/n/12 im-plies $[] \OMS/cmsy/m/n/12 2 \OML/ztmcm/m/it/12 r[]$ \T1/EBGaramond-OsF/regular/n/12 for ev-ery $\OML/ztmcm/m/it/12 r \OMS/cmsy/m/n/12 2 \U/BOONDOX-calo/m/n/12 R[]\OML/ztmcm/m/it/12 ; a[]; [] ; a[] \OMS/cmsy/m/n/12 2
 []

[62] (/usr/share/texlive/texmf-dist/tex/generic/pgfornament/vectorian/vectorian158.pgf)
Overfull \hbox (11.05411pt too wide) in paragraph at lines 4886--4891
\T1/EBGaramond-OsF/regular/n/12 der of $\OML/ztmcm/m/it/12 []; [] ; []$ \T1/EBGaramond-OsF/regular/n/12 will yield dif-fer-ent words. In other words, if $\OML/ztmcm/m/it/12 P \OT1/cmr/m/n/12 : [] \OMS/cmsy/m/n/12 !
 []

[63]
Overfull \hbox (1.95941pt too wide) in paragraph at lines 4915--4918
[]\T1/EBGaramond-OsF/regular/n/12 If $\OML/ztmcm/m/it/12 '$ \T1/EBGaramond-OsF/regular/n/12 is a for-mula of type $\OML/ztmcm/m/it/12 ^^\$\T1/EBGaramond-OsF/regular/n/12 , we write $\OML/ztmcm/m/it/12 ' \OT1/cmr/m/n/12 =[] \OML/ztmcm/m/it/12 '\OT1/cmr/m/n/12 (\OML/ztmcm/m/it/12 v[]; [] ; v[]\OT1/cmr/m/n/12 )$ \T1/EBGaramond-OsF/regular/n/12 to de-clare that $\OML/ztmcm/m/it/12 v[]; [] ; v[]$
 []

(/usr/share/texlive/texmf-dist/tex/generic/pgfornament/vectorian/vectorian158.pgf) [64]
Overfull \hbox (27.87009pt too wide) in paragraph at lines 4985--4986
[]$\OML/ztmcm/m/it/12 t \OT1/cmr/m/n/12 = \OML/ztmcm/m/it/12 f\OT1/cmr/m/n/12 (\OML/ztmcm/m/it/12 t[]; [] ; t[]\OT1/cmr/m/n/12 ) \OMS/cmsy/m/n/12 ) \OML/ztmcm/m/it/12 t[]\OT1/cmr/m/n/12 [\OML/ztmcm/m/it/12 a[]; [] ; a[]\OT1/cmr/m/n/12 ] = \OML/ztmcm/m/it/12 f[]\OT1/cmr/m/n/12 (\OML/ztmcm/m/it/12 t[]\OT1/cmr/m/n/12 [\OML/ztmcm/m/it/12 a[]; [] ; a[]\OT1/cmr/m/n/12 ]\OML/ztmcm/m/it/12 ; [] ; t[]\OT1/cmr/m/n/12 [\OML/ztmcm/m/it/12 a[]; [] ; a[]\OT1/cmr/m/n/12 ])$\T1/EBGaramond-OsF/regular/it/12 . 
 []

(/usr/share/texlive/texmf-dist/tex/generic/pgfornament/vectorian/vectorian158.pgf)
Overfull \hbox (30.55125pt too wide) in paragraph at lines 5006--5010
\OML/ztmcm/m/it/12 t\OT1/cmr/m/n/12 (\OML/ztmcm/m/it/12 s[]; [] ; s[]\OT1/cmr/m/n/12 ) =[] \OML/ztmcm/m/it/12 t\OT1/cmr/m/n/12 (\OML/ztmcm/m/it/12 s[]; [] ; s[]\OT1/cmr/m/n/12 )(\OML/ztmcm/m/it/12 v[]; [] ; v[]\OT1/cmr/m/n/12 )$\T1/EBGaramond-OsF/regular/it/12 , then for any $\OML/ztmcm/m/it/12 ^^\$\T1/EBGaramond-OsF/regular/it/12 -structure $[]$ and $\OML/ztmcm/m/it/12 a[]; [] ; a[] \OMS/cmsy/m/n/12 2
 []

./Logics.tex:5057: Double subscript.
l.5057 ...} \vDash \varphi\left[ t_1^{\textbf{A}}_
                                                  1[\overrightarrow{a}], \ld...
I treat `x_1_2' essentially like `x_1{}_2'.

[65]

./Logics.tex:5091: LaTeX Error: \begin{quote} on input line 898 ended by \end{document}.

See the LaTeX manual or LaTeX Companion for explanation.
Type  H <return>  for immediate help.
 ...                                              
                                                  
l.5091 \end{document}
                     
Your command was ignored.
Type  I <command> <return>  to replace it with another command,
or  <return>  to continue without it.

(./Logics.aux)

LaTeX Warning: Label(s) may have changed. Rerun to get cross-references right.

 )
(\end occurred inside a group at level 1)

### semi simple group (level 1) entered at line 898 (\begingroup)
### bottom level 
Here is how much of TeX's memory you used:
 18757 strings out of 476091
 391507 string characters out of 5794081
 1987330 words of memory out of 5000000
 38452 multiletter control sequences out of 15000+600000
 710594 words of font info for 147 fonts, out of 8000000 for 9000
 1141 hyphenation exceptions out of 8191
 99i,27n,103p,474b,1072s stack positions out of 10000i,1000n,20000p,200000b,200000s
{/usr/share/texlive/texmf-dist/fonts/enc/dvips/ebgaramond/ebgm_ljow5q.enc}{/usr/share/texlive/texmf-dist/fonts/enc/dvips/ebgaramond/ebgm_ld6df2.enc}{/usr/share/texlive/texmf-dist/fonts/enc/dvips/ebgaramond/ebgm_byuyni.enc}{/usr/share/texlive/texmf-dist/fonts/enc/dvips/base/8r.enc}{/usr/share/texlive/texmf-dist/fonts/enc/dvips/ebgaramond/ebgm_tcdnmr.enc}</usr/share/texlive/texmf-dist/fonts/type1/public/ebgaramond/EBGaramond-Bold.pfb></usr/share/texlive/texmf-dist/fonts/type1/public/ebgaramond/EBGaramond-BoldItalic.pfb></usr/share/texlive/texmf-dist/fonts/type1/public/ebgaramond/EBGaramond-Italic.pfb></usr/share/texlive/texmf-dist/fonts/type1/public/ebgaramond/EBGaramond-Regular.pfb></usr/share/texlive/texmf-dist/fonts/type1/public/amsfonts/cm/cmex10.pfb></usr/share/texlive/texmf-dist/fonts/type1/public/amsfonts/cmextra/cmex8.pfb></usr/share/texlive/texmf-dist/fonts/type1/public/amsfonts/cm/cmmi10.pfb></usr/share/texlive/texmf-dist/fonts/type1/public/amsfonts/cm/cmr10.pfb></usr/share/texlive/texmf-dist/fonts/type1/public/amsfonts/cm/cmr12.pfb></usr/share/texlive/texmf-dist/fonts/type1/public/amsfonts/cm/cmr6.pfb></usr/share/texlive/texmf-dist/fonts/type1/public/amsfonts/cm/cmr8.pfb></usr/share/texlive/texmf-dist/fonts/type1/public/amsfonts/cm/cmsy10.pfb></usr/share/texlive/texmf-dist/fonts/type1/public/amsfonts/cm/cmsy6.pfb></usr/share/texlive/texmf-dist/fonts/type1/public/amsfonts/cm/cmsy8.pfb></usr/share/texlive/texmf-dist/fonts/type1/public/amsfonts/symbols/msam10.pfb></usr/share/texlive/texmf-dist/fonts/type1/public/amsfonts/symbols/msbm10.pfb></usr/share/texlive/texmf-dist/fonts/type1/urw/symbol/usyr.pfb></usr/share/texlive/texmf-dist/fonts/type1/urw/times/utmri8a.pfb></usr/share/texlive/texmf-dist/fonts/type1/public/boondox/zxxrw8a.pfb>
Output written on Logics.pdf (66 pages, 1923895 bytes).
PDF statistics:
 343 PDF objects out of 1000 (max. 8388607)
 217 compressed objects within 3 object streams
 0 named destinations out of 1000 (max. 500000)
 53 words of extra memory for PDF output out of 10000 (max. 10000000)

