\BOOKMARK [1][-]{section.1}{\376\377\000T\000a\000y\000l\000o\000r}{}% 1
\BOOKMARK [1][-]{section.2}{\376\377\000A\000l\000g\000.\000\040\000d\000e\000\040\000H\000o\000r\000n\000e\000r\000:\000\040\000P\000o\000l\000y\000n\000o\000m\000i\000a\000l\000\040\000e\000v\000a\000l\000u\000a\000t\000i\000o\000n}{}% 2
\BOOKMARK [1][-]{section.3}{\376\377\000E\000r\000r\000o\000r}{}% 3
\BOOKMARK [1][-]{section.4}{\376\377\000N\000o\000n\000-\000l\000i\000n\000e\000a\000r\000\040\000e\000q\000u\000a\000t\000i\000o\000n\000s}{}% 4
\BOOKMARK [2][-]{subsection.4.1}{\376\377\000B\000i\000s\000e\000c\000t\000i\000o\000n}{section.4}% 5
\BOOKMARK [2][-]{subsection.4.2}{\376\377\000N\000e\000w\000t\000o\000n\000'\000s\000\040\000m\000e\000t\000h\000o\000d}{section.4}% 6
\BOOKMARK [2][-]{subsection.4.3}{\376\377\000S\000e\000c\000a\000n\000t\000\040\000m\000e\000t\000h\000o\000d}{section.4}% 7
\BOOKMARK [2][-]{subsection.4.4}{\376\377\000F\000i\000x\000e\000d\000\040\000p\000o\000i\000n\000t\000\040\000i\000t\000e\000r\000a\000t\000i\000o\000n}{section.4}% 8
\BOOKMARK [2][-]{subsection.4.5}{\376\377\000E\000x\000e\000r\000c\000i\000s\000e\000s}{section.4}% 9
\BOOKMARK [1][-]{section.5}{\376\377\000P\000o\000l\000y\000n\000o\000m\000i\000a\000l\000\040\000i\000n\000t\000e\000r\000p\000o\000l\000a\000t\000i\000o\000n}{}% 10
\BOOKMARK [2][-]{subsection.5.1}{\376\377\000N\000e\000w\000t\000o\000n\000'\000s\000\040\000f\000o\000r\000m}{section.5}% 11
\BOOKMARK [2][-]{subsection.5.2}{\376\377\000L\000a\000g\000r\000a\000n\000g\000e\000'\000s\000\040\000f\000o\000r\000m}{section.5}% 12
\BOOKMARK [2][-]{subsection.5.3}{\376\377\000E\000r\000r\000o\000r\000\040\000o\000f\000\040\000i\000n\000t\000e\000r\000p\000o\000l\000a\000t\000i\000o\000n}{section.5}% 13
\BOOKMARK [2][-]{subsection.5.4}{\376\377\000D\000i\000v\000i\000d\000e\000d\000\040\000d\000i\000f\000f\000e\000r\000e\000n\000c\000e\000s}{section.5}% 14
\BOOKMARK [2][-]{subsection.5.5}{\376\377\000H\000e\000r\000m\000i\000t\000e\000\040\000i\000n\000t\000e\000r\000p\000o\000l\000a\000t\000i\000o\000n}{section.5}% 15
\BOOKMARK [2][-]{subsection.5.6}{\376\377\000S\000p\000l\000i\000n\000e\000s}{section.5}% 16
\BOOKMARK [3][-]{subsubsection.5.6.1}{\376\377\000C\000u\000b\000i\000c\000\040\000s\000p\000l\000i\000n\000e\000s}{subsection.5.6}% 17
\BOOKMARK [2][-]{subsection.5.7}{\376\377\000E\000x\000e\000r\000c\000i\000s\000e\000s}{section.5}% 18
\BOOKMARK [1][-]{section.6}{\376\377\000F\000u\000n\000c\000t\000i\000o\000n\000\040\000a\000p\000p\000r\000o\000x\000i\000m\000a\000t\000i\000o\000n}{}% 19
\BOOKMARK [2][-]{subsection.6.1}{\376\377\000L\000e\000a\000s\000t\000\040\000s\000q\000u\000a\000r\000e\000s\000\040\000m\000e\000t\000h\000o\000d}{section.6}% 20
\BOOKMARK [2][-]{subsection.6.2}{\376\377\000N\000o\000n\000-\000p\000o\000l\000y\000n\000o\000m\000i\000a\000l\000\040\000m\000o\000d\000e\000l\000s}{section.6}% 21
\BOOKMARK [2][-]{subsection.6.3}{\376\377\000E\000r\000r\000o\000r\000\040\000o\000f\000\040\000a\000p\000p\000r\000o\000x\000i\000m\000a\000t\000i\000o\000n}{section.6}% 22
\BOOKMARK [2][-]{subsection.6.4}{\376\377\000A\000\040\000f\000e\000w\000\040\000p\000o\000l\000y\000n\000o\000m\000i\000a\000l\000\040\000t\000h\000e\000o\000r\000e\000m\000s}{section.6}% 23
\BOOKMARK [2][-]{subsection.6.5}{\376\377\000W\000e\000i\000g\000h\000t\000e\000d\000\040\000f\000u\000n\000c\000t\000i\000o\000n\000\040\000a\000p\000p\000r\000o\000x\000i\000m\000a\000t\000i\000o\000n\000:\000\040\000D\000i\000a\000g\000o\000n\000a\000l\000i\000z\000i\000n\000g\000\040\000H\000i\000l\000b\000e\000r\000t\000\040\000m\000a\000t\000r\000i\000x}{section.6}% 24
\BOOKMARK [2][-]{subsection.6.6}{\376\377\000E\000x\000e\000r\000c\000i\000s\000e\000s}{section.6}% 25
\BOOKMARK [1][-]{section.7}{\376\377\000N\000u\000m\000e\000r\000i\000c\000a\000l\000\040\000i\000n\000t\000e\000g\000r\000a\000t\000i\000o\000n}{}% 26
\BOOKMARK [2][-]{subsection.7.1}{\376\377\000T\000r\000a\000p\000e\000z\000e\000\040\000r\000u\000l\000e}{section.7}% 27
