\BOOKMARK [1][-]{section.1}{\376\377\000I\000n\000f\000o}{}% 1
\BOOKMARK [1][-]{section.2}{\376\377\000M\000e\000a\000s\000u\000r\000e\000m\000e\000n\000t\000s\000\040\000a\000n\000d\000\040\000m\000a\000g\000n\000i\000t\000u\000d\000e\000s}{}% 2
\BOOKMARK [1][-]{section.3}{\376\377\000V\000e\000c\000t\000o\000r\000s}{}% 3
\BOOKMARK [2][-]{subsection.3.1}{\376\377\000E\000x\000c\000e\000r\000c\000i\000s\000e\000s}{section.3}% 4
\BOOKMARK [1][-]{section.4}{\376\377\000C\000y\000n\000e\000m\000a\000t\000i\000c\000s}{}% 5
\BOOKMARK [2][-]{subsection.4.1}{\376\377\000U\000n\000i\000d\000i\000m\000e\000n\000s\000i\000o\000n\000a\000l\000\040\000m\000o\000v\000e\000m\000e\000n\000t}{section.4}% 6
\BOOKMARK [2][-]{subsection.4.2}{\376\377\000C\000o\000i\000n\000c\000i\000d\000e\000n\000c\000e\000,\000\040\000d\000i\000s\000p\000l\000a\000c\000e\000m\000e\000n\000t\000,\000\040\000t\000e\000m\000p\000o\000r\000a\000l\000\040\000i\000n\000t\000e\000r\000v\000a\000l\000s}{section.4}% 7
\BOOKMARK [2][-]{subsection.4.3}{\376\377\000V\000e\000l\000o\000c\000i\000t\000y}{section.4}% 8
\BOOKMARK [1][-]{section.5}{\376\377\000D\000e\000\040\000a\000d\000e\000l\000a\000n\000t\000e\000\040\000h\000a\000c\000i\000a\000\040\000a\000t\000r\000\341\000s}{}% 9
\BOOKMARK [1][-]{section.6}{\376\377\000M\000o\000v\000i\000m\000i\000e\000n\000t\000o\000\040\000b\000i\000d\000i\000m\000e\000n\000s\000i\000o\000n\000a\000l\000\040\000\050\000c\000i\000n\000e\000m\000\341\000t\000i\000c\000a\000\040\0002\000D\000\051}{}% 10
\BOOKMARK [2][-]{subsection.6.1}{\376\377\000T\000i\000r\000o\000\040\000d\000e\000\040\000p\000r\000o\000y\000e\000c\000t\000i\000l}{section.6}% 11
\BOOKMARK [1][-]{section.7}{\376\377\000D\000e\000s\000c\000r\000i\000p\000c\000i\000\363\000n\000\040\000v\000e\000c\000t\000o\000r\000i\000a\000l\000\040\000d\000e\000l\000\040\000m\000o\000v\000i\000m\000i\000e\000n\000t\000o}{}% 12
\BOOKMARK [1][-]{section.8}{\376\377\000D\000i\000n\000\341\000m\000i\000c\000a\000\040\000N\000e\000w\000t\000o\000n\000i\000a\000n\000a}{}% 13
\BOOKMARK [2][-]{subsection.8.1}{\376\377\000T\000i\000p\000o\000s\000\040\000d\000e\000\040\000f\000u\000e\000r\000z\000a\000s}{section.8}% 14
\BOOKMARK [2][-]{subsection.8.2}{\376\377\000E\000x\000c\000e\000r\000c\000i\000s\000e\000s}{section.8}% 15
\BOOKMARK [1][-]{section.9}{\376\377\000M\000o\000v\000i\000m\000i\000e\000n\000t\000o\000\040\000c\000i\000r\000c\000u\000l\000a\000r}{}% 16
\BOOKMARK [1][-]{section.10}{\376\377\000D\000i\000r\000e\000c\000c\000i\000\363\000n\000\040\000d\000e\000\040\000f\000u\000e\000r\000z\000a\000s}{}% 17
\BOOKMARK [2][-]{subsection.10.1}{\376\377\000F\000u\000e\000r\000z\000a\000\040\000d\000e\000\040\000r\000o\000c\000e\000\040\000\050\000o\000\040\000f\000r\000i\000c\000c\000i\000\363\000n\000\051}{section.10}% 18
\BOOKMARK [2][-]{subsection.10.2}{\376\377\000M\000o\000v\000i\000m\000i\000e\000n\000t\000o\000\040\000o\000s\000c\000i\000l\000a\000t\000o\000r\000i\000o\000\040\000a\000r\000m\000\363\000n\000i\000c\000o}{section.10}% 19
\BOOKMARK [1][-]{section.11}{\376\377\000E\000n\000e\000r\000g\000\355\000a}{}% 20
\BOOKMARK [2][-]{subsubsection.11.0.1}{\376\377\000E\000l\000\040\000t\000r\000a\000b\000a\000j\000o\000\040\000\050\000i\000n\000v\000e\000r\000t\000i\000d\000o\000/\000r\000e\000a\000l\000i\000z\000a\000d\000o\000\051\000\040\000d\000e\000\040\000u\000n\000a\000\040\000f\000u\000e\000r\000z\000a}{section.11}% 21
\BOOKMARK [2][-]{subsection.11.1}{\376\377\000T\000r\000a\000b\000a\000j\000o\000\040\000y\000\040\000e\000n\000e\000r\000g\000\355\000a\000\040\000c\000i\000n\000\351\000t\000i\000c\000a}{section.11}% 22
\BOOKMARK [2][-]{subsection.11.2}{\376\377\000T\000r\000a\000b\000a\000j\000o\000\040\000d\000e\000\040\000l\000a\000\040\000f\000u\000e\000r\000z\000a\000\040\000d\000e\000l\000\040\000r\000e\000s\000o\000r\000t\000e}{section.11}% 23
\BOOKMARK [2][-]{subsection.11.3}{\376\377\000T\000r\000a\000b\000a\000j\000o\000\040\000d\000e\000\040\000u\000n\000\040\000a\000g\000e\000n\000t\000e\000\040\000e\000x\000t\000e\000r\000n\000o\000\040\000s\000o\000b\000r\000e\000\040\000e\000l\000\040\000r\000e\000s\000o\000r\000t\000e}{section.11}% 24
\BOOKMARK [2][-]{subsection.11.4}{\376\377\000M\000a\000s\000a\000\040\000u\000n\000i\000d\000a\000\040\000a\000\040\000u\000n\000\040\000r\000e\000s\000o\000r\000t\000e\000\040\000e\000n\000\040\000m\000o\000v\000i\000m\000i\000e\000n\000t\000o\000\040\000o\000s\000c\000i\000l\000a\000t\000o\000r\000i\000o\000\040\000a\000r\000m\000\363\000n\000i\000c\000o}{section.11}% 25
\BOOKMARK [1][-]{section.12}{\376\377\000F\000u\000e\000r\000z\000a\000\040\000g\000r\000a\000v\000i\000t\000a\000t\000o\000r\000i\000a}{}% 26
\BOOKMARK [1][-]{section.13}{\376\377\000F\000u\000e\000r\000z\000a\000s\000\040\000c\000o\000n\000s\000e\000r\000v\000a\000t\000i\000v\000a\000s\000\040\000y\000\040\000n\000o\000\040\000c\000o\000n\000s\000e\000r\000v\000a\000t\000i\000v\000a\000s}{}% 27
\BOOKMARK [1][-]{section.14}{\376\377\000P\000r\000o\000b\000l\000e\000m\000s}{}% 28
\BOOKMARK [2][-]{subsection.14.1}{\376\377\000G\000u\000\355\000a\000\040\0002}{section.14}% 29
\BOOKMARK [1][-]{section.15}{\376\377\000P\0003}{}% 30
\BOOKMARK [1][-]{section.16}{\376\377\000E\000l\000e\000c\000t\000r\000o\000e\000s\000t\000\341\000t\000i\000c\000a}{}% 31
\BOOKMARK [2][-]{subsection.16.1}{\376\377\000E\000l\000e\000c\000t\000r\000i\000c\000\040\000c\000h\000a\000r\000g\000e\000s\000\040\000a\000n\000d\000\040\000C\000o\000u\000l\000o\000m\000b\000'\000s\000\040\000l\000a\000w}{section.16}% 32
\BOOKMARK [2][-]{subsection.16.2}{\376\377\000E\000l\000e\000c\000t\000r\000i\000c\000\040\000f\000i\000e\000l\000d\000s}{section.16}% 33
\BOOKMARK [2][-]{subsection.16.3}{\376\377\000E\000l\000e\000c\000t\000r\000i\000c\000\040\000p\000o\000t\000e\000n\000t\000i\000a\000l\000\040\000a\000n\000d\000\040\000e\000l\000e\000c\000t\000r\000i\000c\000\040\000p\000o\000t\000e\000n\000t\000i\000a\000l\000\040\000e\000n\000e\000r\000g\000y}{section.16}% 34
