\BOOKMARK [1][-]{section.1}{\376\377\000I\000n\000t\000r\000o\000d\000u\000c\000c\000i\000\363\000n\000\040\000a\000\040\000l\000o\000s\000\040\000s\000i\000s\000t\000e\000m\000a\000s\000\040\000o\000p\000e\000r\000a\000t\000i\000v\000o\000s}{}% 1
\BOOKMARK [2][-]{subsection.1.1}{\376\377\000V\000i\000r\000t\000u\000a\000l\000i\000z\000a\000c\000i\000\363\000n\000\040\000d\000e\000\040\000l\000a\000\040\000C\000P\000U}{section.1}% 2
\BOOKMARK [2][-]{subsection.1.2}{\376\377\000V\000i\000r\000t\000u\000a\000l\000i\000z\000a\000c\000i\000\363\000n\000\040\000d\000e\000\040\000l\000a\000\040\000m\000e\000m\000o\000r\000i\000a}{section.1}% 3
\BOOKMARK [2][-]{subsection.1.3}{\376\377\000C\000o\000n\000c\000u\000r\000r\000e\000n\000c\000i\000a}{section.1}% 4
\BOOKMARK [1][-]{section.2}{\376\377\000E\000l\000\040\000p\000r\000o\000c\000e\000s\000o\000\040\000\050\000\277\000d\000e\000\040\000K\000a\000f\000k\000a\000?\000\051}{}% 5
\BOOKMARK [2][-]{subsection.2.1}{\376\377\000E\000s\000t\000a\000d\000o\000\040\000d\000e\000\040\000m\000\341\000q\000u\000i\000n\000a\000\040\000\050\000m\000a\000c\000h\000i\000n\000e\000\040\000s\000t\000a\000t\000e\000\051}{section.2}% 6
\BOOKMARK [2][-]{subsection.2.2}{\376\377\000A\000P\000I\000\040\000d\000e\000\040\000p\000r\000o\000c\000e\000s\000o\000s}{section.2}% 7
\BOOKMARK [2][-]{subsection.2.3}{\376\377\000C\000r\000e\000a\000c\000i\000\363\000n\000\040\000d\000e\000\040\000p\000r\000o\000c\000e\000s\000o\000s}{section.2}% 8
\BOOKMARK [2][-]{subsection.2.4}{\376\377\000E\000s\000t\000a\000d\000o\000s\000\040\000d\000e\000\040\000p\000r\000o\000c\000e\000s\000o\000s}{section.2}% 9
\BOOKMARK [2][-]{subsection.2.5}{\376\377\000E\000s\000t\000r\000u\000c\000t\000u\000r\000a\000s\000\040\000d\000e\000\040\000d\000a\000t\000o\000s\000\040\000d\000e\000l\000\040\000S\000O}{section.2}% 10
\BOOKMARK [1][-]{section.3}{\376\377\000A\000P\000I\000\040\000d\000e\000\040\000p\000r\000o\000c\000e\000s\000o\000s}{}% 11
\BOOKMARK [2][-]{subsection.3.1}{\376\377\000L\000a\000\040\000l\000l\000a\000m\000a\000d\000a\000\040\000a\000\040\000s\000i\000s\000t\000e\000m\000a\000\040\000f\000o\000r\000k\000\050\000\051}{section.3}% 12
\BOOKMARK [2][-]{subsection.3.2}{\376\377\000L\000a\000\040\000l\000l\000a\000m\000a\000d\000a\000\040\000a\000\040\000s\000i\000s\000t\000e\000m\000a\000\040\000w\000a\000i\000t\000\050\000\051}{section.3}% 13
\BOOKMARK [2][-]{subsection.3.3}{\376\377\000L\000a\000\040\000l\000l\000a\000m\000a\000d\000a\000\040\000a\000\040\000s\000i\000s\000t\000e\000m\000a\000\040\000e\000x\000e\000c\000\050\000\051}{section.3}% 14
\BOOKMARK [1][-]{section.4}{\376\377\000E\000j\000e\000c\000u\000c\000i\000\363\000n\000\040\000d\000i\000r\000e\000c\000t\000a\000\040\000l\000i\000m\000i\000t\000a\000d\000a}{}% 15
\BOOKMARK [2][-]{subsection.4.1}{\376\377\000P\000r\000o\000b\000l\000e\000m\000a\000\040\0001\000:\000\040\000R\000e\000s\000t\000r\000i\000c\000c\000i\000\363\000n\000\040\000d\000e\000\040\000o\000p\000e\000r\000a\000c\000i\000o\000n\000e\000s}{section.4}% 16
\BOOKMARK [2][-]{subsection.4.2}{\376\377\000P\000r\000o\000b\000l\000e\000m\000a\000\040\0002\000:\000\040\000C\000a\000m\000b\000i\000o\000\040\000e\000n\000t\000r\000e\000\040\000p\000r\000o\000c\000e\000s\000o\000s}{section.4}% 17
\BOOKMARK [3][-]{subsubsection.4.2.1}{\376\377\000A\000p\000p\000r\000o\000a\000c\000h\000\040\000c\000o\000o\000p\000e\000r\000a\000t\000i\000v\000o}{subsection.4.2}% 18
\BOOKMARK [3][-]{subsubsection.4.2.2}{\376\377\000A\000p\000p\000r\000o\000a\000c\000h\000\040\000n\000o\000\040\000c\000o\000o\000p\000e\000r\000a\000t\000i\000v\000o}{subsection.4.2}% 19
\BOOKMARK [2][-]{subsection.4.3}{\376\377\000G\000u\000a\000r\000d\000a\000n\000d\000o\000\040\000y\000\040\000r\000e\000s\000t\000a\000b\000l\000e\000c\000i\000e\000n\000d\000o\000\040\000c\000o\000n\000t\000e\000x\000t\000o\000s}{section.4}% 20
\BOOKMARK [1][-]{section.5}{\376\377\000S\000c\000h\000e\000d\000u\000l\000i\000n\000g}{}% 21
\BOOKMARK [2][-]{subsection.5.1}{\376\377\000S\000u\000p\000u\000e\000s\000t\000o\000s\000\040\000s\000o\000b\000r\000e\000\040\000e\000l\000\040\000w\000o\000r\000k\000l\000o\000a\000d}{section.5}% 22
\BOOKMARK [2][-]{subsection.5.2}{\376\377\000M\000\351\000t\000r\000i\000c\000a\000s}{section.5}% 23
\BOOKMARK [2][-]{subsection.5.3}{\376\377\000P\000o\000l\000\355\000t\000i\000c\000a\000\040\000F\000I\000F\000O}{section.5}% 24
\BOOKMARK [2][-]{subsection.5.4}{\376\377\000S\000h\000o\000r\000t\000e\000s\000t\000\040\000J\000o\000b\000\040\000F\000i\000r\000s\000t\000\040\000\050\000S\000J\000F\000\051}{section.5}% 25
\BOOKMARK [2][-]{subsection.5.5}{\376\377\000S\000h\000o\000r\000t\000e\000s\000t\000\040\000t\000i\000m\000e\000-\000t\000o\000-\000c\000o\000m\000p\000l\000e\000t\000i\000o\000n\000\040\000f\000i\000r\000s\000t\000\040\000\050\000S\000T\000C\000F\000\051}{section.5}% 26
\BOOKMARK [2][-]{subsection.5.6}{\376\377\000R\000o\000u\000n\000d\000\040\000R\000o\000b\000i\000n\000\040\000\050\000R\000R\000\051}{section.5}% 27
\BOOKMARK [2][-]{subsection.5.7}{\376\377\000I\000n\000c\000o\000r\000p\000o\000r\000a\000n\000d\000o\000\040\000I\000/\000O}{section.5}% 28
\BOOKMARK [1][-]{section.6}{\376\377\000M\000u\000l\000t\000i\000-\000l\000e\000v\000e\000l\000\040\000F\000e\000e\000d\000b\000a\000c\000k\000\040\000Q\000u\000e\000u\000e}{}% 29
\BOOKMARK [2][-]{subsection.6.1}{\376\377\000C\000a\000m\000b\000i\000o\000s\000\040\000d\000e\000\040\000p\000r\000i\000o\000r\000i\000d\000a\000d}{section.6}% 30
\BOOKMARK [2][-]{subsection.6.2}{\376\377\000E\000l\000\040\000b\000o\000o\000s\000t\000\040\000d\000e\000\040\000p\000r\000i\000o\000r\000i\000d\000a\000d\000e\000s}{section.6}% 31
\BOOKMARK [2][-]{subsection.6.3}{\376\377\000R\000e\000s\000u\000m\000e\000n\000\040\000d\000e\000\040\000l\000a\000s\000\040\000r\000e\000g\000l\000a\000s}{section.6}% 32
\BOOKMARK [1][-]{section.7}{\376\377\000E\000j\000e\000r\000c\000i\000c\000i\000o\000s\000:\000\040\000V\000i\000r\000t\000u\000a\000l\000i\000z\000a\000c\000i\000\363\000n\000\040\000d\000e\000\040\000l\000a\000\040\000C\000P\000U}{}% 33
