This is pdfTeX, Version 3.141592653-2.6-1.40.25 (TeX Live 2023/Debian) (preloaded format=pdflatex 2025.2.27)  4 OCT 2025 16:42
entering extended mode
 restricted \write18 enabled.
 file:line:error style messages enabled.
 %&-line parsing enabled.
**Poemas.tex
(./Poemas.tex
LaTeX2e <2023-11-01> patch level 1
L3 programming layer <2024-01-22>
(/usr/share/texlive/texmf-dist/tex/latex/base/article.cls
Document Class: article 2023/05/17 v1.4n Standard LaTeX document class
(/usr/share/texlive/texmf-dist/tex/latex/base/size12.clo
File: size12.clo 2023/05/17 v1.4n Standard LaTeX file (size option)
)
\c@part=\count187
\c@section=\count188
\c@subsection=\count189
\c@subsubsection=\count190
\c@paragraph=\count191
\c@subparagraph=\count192
\c@figure=\count193
\c@table=\count194
\abovecaptionskip=\skip48
\belowcaptionskip=\skip49
\bibindent=\dimen140
) (/usr/share/texlive/texmf-dist/tex/latex/verse/verse.sty
Package: verse 2009/09/04 v2.4a verse typesetting
\c@vslineno=\count195
\c@poemline=\count196
\c@fvsline=\count197
\c@modulo@vs=\count198
\c@verse@envctr=\count199
\versewidth=\skip50
\vgap=\skip51
\vindent=\skip52
\stanzaskip=\skip53
\vleftskip=\skip54
\vrightskip=\skip55
\c@chrsinstr=\count266
\beforepoemtitleskip=\skip56
\afterpoemtitleskip=\skip57
) (/usr/share/texlive/texmf-dist/tex/latex/gmverse/gmverse.sty
Package: gmverse 2008/09/04 v0.73 A redefinition of verse env. (GM)
\everyverse=\toks17
\verseleftskip=\dimen141
\versealtleftskip=\skip58
\c@verselinenum=\count267
\verseinstanzaparskip=\skip59
\verseskipbefore=\skip60
\verseskipafter=\skip61
\instanzapenalty=\count268
\betweenstanzaspenalty=\count269
\c@stanzanum=\count270
\versegenericlinewidth=\skip62
\versemaxlinewidth=\skip63
\versepussyhair=\skip64
\re@ltextw=\dimen142
\vocpussyhair=\dimen143
\gmvs@counta=\count271
\voc@scale=\count272
\vocunitlength=\dimen144
\voc@edivs=\count273
\justrskip=\skip65
) (/usr/share/texlive/texmf-dist/tex/latex/base/inputenc.sty
Package: inputenc 2021/02/14 v1.3d Input encoding file
\inpenc@prehook=\toks18
\inpenc@posthook=\toks19
) (/usr/share/texlive/texmf-dist/tex/latex/base/fontenc.sty
Package: fontenc 2021/04/29 v2.0v Standard LaTeX package
) (/usr/share/texlive/texmf-dist/tex/latex/base/textcomp.sty
Package: textcomp 2020/02/02 v2.0n Standard LaTeX package
) (/usr/share/texlive/texmf-dist/tex/latex/titlesec/titlesec.sty
Package: titlesec 2023/10/27 v2.16 Sectioning titles
\ttl@box=\box51
\beforetitleunit=\skip66
\aftertitleunit=\skip67
\ttl@plus=\dimen145
\ttl@minus=\dimen146
\ttl@toksa=\toks20
\titlewidth=\dimen147
\titlewidthlast=\dimen148
\titlewidthfirst=\dimen149
) (/usr/share/texlive/texmf-dist/tex/latex/l3backend/l3backend-pdftex.def
File: l3backend-pdftex.def 2024-01-04 L3 backend support: PDF output (pdfTeX)
\l__color_backend_stack_int=\count274
\l__pdf_internal_box=\box52
) (./Poemas.aux)
\openout1 = `Poemas.aux'.

LaTeX Font Info:    Checking defaults for OML/cmm/m/it on input line 12.
LaTeX Font Info:    ... okay on input line 12.
LaTeX Font Info:    Checking defaults for OMS/cmsy/m/n on input line 12.
LaTeX Font Info:    ... okay on input line 12.
LaTeX Font Info:    Checking defaults for OT1/cmr/m/n on input line 12.
LaTeX Font Info:    ... okay on input line 12.
LaTeX Font Info:    Checking defaults for T1/cmr/m/n on input line 12.
LaTeX Font Info:    ... okay on input line 12.
LaTeX Font Info:    Checking defaults for TS1/cmr/m/n on input line 12.
LaTeX Font Info:    ... okay on input line 12.
LaTeX Font Info:    Checking defaults for OMX/cmex/m/n on input line 12.
LaTeX Font Info:    ... okay on input line 12.
LaTeX Font Info:    Checking defaults for U/cmr/m/n on input line 12.
LaTeX Font Info:    ... okay on input line 12.
 [1

{/var/lib/texmf/fonts/map/pdftex/updmap/pdftex.map}{/usr/share/texmf/fonts/enc/dvips/cm-super/cm-super-t1.enc}] [2] [3] [4] [5]
LaTeX Font Info:    External font `cmex10' loaded for size
(Font)              <12> on input line 163.
LaTeX Font Info:    External font `cmex10' loaded for size
(Font)              <8> on input line 163.
LaTeX Font Info:    External font `cmex10' loaded for size
(Font)              <6> on input line 163.
 [6] [7] [8] [9] (./Poemas.aux)
 ***********
LaTeX2e <2023-11-01> patch level 1
L3 programming layer <2024-01-22>
 ***********
 ) 
Here is how much of TeX's memory you used:
 1292 strings out of 474222
 19404 string characters out of 5748733
 1926975 words of memory out of 5000000
 23596 multiletter control sequences out of 15000+600000
 562253 words of font info for 47 fonts, out of 8000000 for 9000
 1141 hyphenation exceptions out of 8191
 35i,5n,75p,159b,132s stack positions out of 10000i,1000n,20000p,200000b,200000s
</usr/share/texmf/fonts/type1/public/cm-super/sfrm1200.pfb></usr/share/texmf/fonts/type1/public/cm-super/sfti1200.pfb>
Output written on Poemas.pdf (9 pages, 34940 bytes).
PDF statistics:
 45 PDF objects out of 1000 (max. 8388607)
 29 compressed objects within 1 object stream
 0 named destinations out of 1000 (max. 500000)
 1 words of extra memory for PDF output out of 10000 (max. 10000000)

