This is pdfTeX, Version 3.141592653-2.6-1.40.25 (TeX Live 2023/Debian) (preloaded format=pdflatex 2025.2.27)  5 JAN 2026 19:41
entering extended mode
 restricted \write18 enabled.
 file:line:error style messages enabled.
 %&-line parsing enabled.
**vene.tex
(./vene.tex
LaTeX2e <2023-11-01> patch level 1
L3 programming layer <2024-01-22>
(/usr/share/texlive/texmf-dist/tex/latex/base/article.cls
Document Class: article 2023/05/17 v1.4n Standard LaTeX document class
(/usr/share/texlive/texmf-dist/tex/latex/base/size12.clo
File: size12.clo 2023/05/17 v1.4n Standard LaTeX file (size option)
)
\c@part=\count187
\c@section=\count188
\c@subsection=\count189
\c@subsubsection=\count190
\c@paragraph=\count191
\c@subparagraph=\count192
\c@figure=\count193
\c@table=\count194
\abovecaptionskip=\skip48
\belowcaptionskip=\skip49
\bibindent=\dimen140
) (/usr/share/texlive/texmf-dist/tex/latex/base/inputenc.sty
Package: inputenc 2021/02/14 v1.3d Input encoding file
\inpenc@prehook=\toks17
\inpenc@posthook=\toks18
) (/usr/share/texlive/texmf-dist/tex/latex/base/fontenc.sty
Package: fontenc 2021/04/29 v2.0v Standard LaTeX package
) (/usr/share/texlive/texmf-dist/tex/latex/base/textcomp.sty
Package: textcomp 2020/02/02 v2.0n Standard LaTeX package
) (/usr/share/texlive/texmf-dist/tex/latex/amsfonts/amssymb.sty
Package: amssymb 2013/01/14 v3.01 AMS font symbols
 (/usr/share/texlive/texmf-dist/tex/latex/amsfonts/amsfonts.sty
Package: amsfonts 2013/01/14 v3.01 Basic AMSFonts support
\@emptytoks=\toks19
\symAMSa=\mathgroup4
\symAMSb=\mathgroup5
LaTeX Font Info:    Redeclaring math symbol \hbar on input line 98.
LaTeX Font Info:    Overwriting math alphabet `\mathfrak' in version `bold'
(Font)                  U/euf/m/n --> U/euf/b/n on input line 106.
)) (/usr/share/texlive/texmf-dist/tex/latex/newtx/newtxtext.sty
Package: newtxtext 2024/01/11 v1.737(Michael Sharpe) latex and unicode latex support for TeXGyreTermesX
 `newtxtext' v1.737, 2024/01/11 Text macros taking advantage of TeXGyre Termes and its extensions (msharpe) (/usr/share/texlive/texmf-dist/tex/latex/xpatch/xpatch.sty (/usr/share/texlive/texmf-dist/tex/latex/l3kernel/expl3.sty
Package: expl3 2024-01-22 L3 programming layer (loader) 
 (/usr/share/texlive/texmf-dist/tex/latex/l3backend/l3backend-pdftex.def
File: l3backend-pdftex.def 2024-01-04 L3 backend support: PDF output (pdfTeX)
\l__color_backend_stack_int=\count195
\l__pdf_internal_box=\box51
))
Package: xpatch 2020/03/25 v0.3a Extending etoolbox patching commands
 (/usr/share/texlive/texmf-dist/tex/latex/l3packages/xparse/xparse.sty
Package: xparse 2023-10-10 L3 Experimental document command parser
) (/usr/share/texlive/texmf-dist/tex/latex/etoolbox/etoolbox.sty
Package: etoolbox 2020/10/05 v2.5k e-TeX tools for LaTeX (JAW)
\etb@tempcnta=\count196
)) (/usr/share/texlive/texmf-dist/tex/latex/xcolor/xcolor.sty
Package: xcolor 2023/11/15 v3.01 LaTeX color extensions (UK)
 (/usr/share/texlive/texmf-dist/tex/latex/graphics-cfg/color.cfg
File: color.cfg 2016/01/02 v1.6 sample color configuration
)
Package xcolor Info: Driver file: pdftex.def on input line 274.
 (/usr/share/texlive/texmf-dist/tex/latex/graphics-def/pdftex.def
File: pdftex.def 2022/09/22 v1.2b Graphics/color driver for pdftex
) (/usr/share/texlive/texmf-dist/tex/latex/graphics/mathcolor.ltx)
Package xcolor Info: Model `cmy' substituted by `cmy0' on input line 1350.
Package xcolor Info: Model `hsb' substituted by `rgb' on input line 1354.
Package xcolor Info: Model `RGB' extended on input line 1366.
Package xcolor Info: Model `HTML' substituted by `rgb' on input line 1368.
Package xcolor Info: Model `Hsb' substituted by `hsb' on input line 1369.
Package xcolor Info: Model `tHsb' substituted by `hsb' on input line 1370.
Package xcolor Info: Model `HSB' substituted by `hsb' on input line 1371.
Package xcolor Info: Model `Gray' substituted by `gray' on input line 1372.
Package xcolor Info: Model `wave' substituted by `hsb' on input line 1373.
) (/usr/share/texlive/texmf-dist/tex/generic/iftex/iftex.sty
Package: iftex 2022/02/03 v1.0f TeX engine tests
) (/usr/share/texlive/texmf-dist/tex/latex/xkeyval/xkeyval.sty
Package: xkeyval 2022/06/16 v2.9 package option processing (HA)
 (/usr/share/texlive/texmf-dist/tex/generic/xkeyval/xkeyval.tex (/usr/share/texlive/texmf-dist/tex/generic/xkeyval/xkvutils.tex
\XKV@toks=\toks20
\XKV@tempa@toks=\toks21
 (/usr/share/texlive/texmf-dist/tex/generic/xkeyval/keyval.tex))
\XKV@depth=\count197
File: xkeyval.tex 2014/12/03 v2.7a key=value parser (HA)
)) (/usr/share/texlive/texmf-dist/tex/generic/xstring/xstring.sty (/usr/share/texlive/texmf-dist/tex/generic/xstring/xstring.tex
\xs_counta=\count198
\xs_countb=\count199
)
Package: xstring 2023/08/22 v1.86 String manipulations (CT)
) (/usr/share/texlive/texmf-dist/tex/latex/base/ifthen.sty
Package: ifthen 2022/04/13 v1.1d Standard LaTeX ifthen package (DPC)
) (/usr/share/texlive/texmf-dist/tex/latex/carlisle/scalefnt.sty)
LaTeX Font Info:    Setting ntxLF sub-encoding to TS1/0 on input line 24.
LaTeX Font Info:    Setting ntxTLF sub-encoding to TS1/0 on input line 24.
LaTeX Font Info:    Setting ntxOsF sub-encoding to TS1/0 on input line 24.
LaTeX Font Info:    Setting ntxTOsF sub-encoding to TS1/0 on input line 24.
 (/usr/share/texlive/texmf-dist/tex/generic/kastrup/binhex.tex)
\ntx@tmpcnta=\count266
\ntx@cnt=\count267
 (/usr/share/texlive/texmf-dist/tex/latex/fontaxes/fontaxes.sty
Package: fontaxes 2020/07/21 v1.0e Font selection axes
LaTeX Info: Redefining \upshape on input line 29.
LaTeX Info: Redefining \itshape on input line 31.
LaTeX Info: Redefining \slshape on input line 33.
LaTeX Info: Redefining \swshape on input line 35.
LaTeX Info: Redefining \scshape on input line 37.
LaTeX Info: Redefining \sscshape on input line 39.
LaTeX Info: Redefining \ulcshape on input line 41.
LaTeX Info: Redefining \textsw on input line 47.
LaTeX Info: Redefining \textssc on input line 48.
LaTeX Info: Redefining \textulc on input line 49.
)
\tx@sixem=\dimen141
\tx@y=\dimen142
\tx@x=\dimen143
\tx@tmpdima=\dimen144
\tx@tmpdimb=\dimen145
\tx@tmpdimc=\dimen146
\tx@tmpdimd=\dimen147
\tx@tmpdime=\dimen148
\tx@tmpdimf=\dimen149
\tx@dimA=\dimen150
\tx@dimAA=\dimen151
\tx@dimB=\dimen152
\tx@dimBB=\dimen153
\tx@dimC=\dimen154
LaTeX Info: Redefining \oldstylenums on input line 893.
) (/usr/share/texlive/texmf-dist/tex/latex/newtx/newtxmath.sty
Package: newtxmath 2023/11/05 v1.732
 `newtxmath' v1.732, 2023/11/05 Math macros based originally on txfonts (msharpe)
(/usr/share/texlive/texmf-dist/tex/latex/amsmath/amsmath.sty
Package: amsmath 2023/05/13 v2.17o AMS math features
\@mathmargin=\skip50

For additional information on amsmath, use the `?' option.
(/usr/share/texlive/texmf-dist/tex/latex/amsmath/amstext.sty
Package: amstext 2021/08/26 v2.01 AMS text
 (/usr/share/texlive/texmf-dist/tex/latex/amsmath/amsgen.sty
File: amsgen.sty 1999/11/30 v2.0 generic functions
\@emptytoks=\toks22
\ex@=\dimen155
)) (/usr/share/texlive/texmf-dist/tex/latex/amsmath/amsbsy.sty
Package: amsbsy 1999/11/29 v1.2d Bold Symbols
\pmbraise@=\dimen156
) (/usr/share/texlive/texmf-dist/tex/latex/amsmath/amsopn.sty
Package: amsopn 2022/04/08 v2.04 operator names
)
\inf@bad=\count268
LaTeX Info: Redefining \frac on input line 234.
\uproot@=\count269
\leftroot@=\count270
LaTeX Info: Redefining \overline on input line 399.
LaTeX Info: Redefining \colon on input line 410.
\classnum@=\count271
\DOTSCASE@=\count272
LaTeX Info: Redefining \ldots on input line 496.
LaTeX Info: Redefining \dots on input line 499.
LaTeX Info: Redefining \cdots on input line 620.
\Mathstrutbox@=\box52
\strutbox@=\box53
LaTeX Info: Redefining \big on input line 722.
LaTeX Info: Redefining \Big on input line 723.
LaTeX Info: Redefining \bigg on input line 724.
LaTeX Info: Redefining \Bigg on input line 725.
\big@size=\dimen157
LaTeX Font Info:    Redeclaring font encoding OML on input line 743.
LaTeX Font Info:    Redeclaring font encoding OMS on input line 744.
\macc@depth=\count273
LaTeX Info: Redefining \bmod on input line 905.
LaTeX Info: Redefining \pmod on input line 910.
LaTeX Info: Redefining \smash on input line 940.
LaTeX Info: Redefining \relbar on input line 970.
LaTeX Info: Redefining \Relbar on input line 971.
\c@MaxMatrixCols=\count274
\dotsspace@=\muskip16
\c@parentequation=\count275
\dspbrk@lvl=\count276
\tag@help=\toks23
\row@=\count277
\column@=\count278
\maxfields@=\count279
\andhelp@=\toks24
\eqnshift@=\dimen158
\alignsep@=\dimen159
\tagshift@=\dimen160
\tagwidth@=\dimen161
\totwidth@=\dimen162
\lineht@=\dimen163
\@envbody=\toks25
\multlinegap=\skip51
\multlinetaggap=\skip52
\mathdisplay@stack=\toks26
LaTeX Info: Redefining \[ on input line 2953.
LaTeX Info: Redefining \] on input line 2954.
) (/usr/share/texlive/texmf-dist/tex/latex/oberdiek/centernot.sty
Package: centernot 2016/05/16 v1.4 Centers the not symbol horizontally (HO)
)
\tx@cntz=\count280
 (/usr/share/texlive/texmf-dist/tex/generic/kastrup/binhex.tex)
\tx@Isdigit=\count281
\tx@IsAlNum=\count282
\tx@tA=\toks27
\tx@tB=\toks28
\tx@su=\read2

amsthm NOT loaded
LaTeX Font Info:    Redeclaring symbol font `operators' on input line 390.
LaTeX Font Info:    Overwriting symbol font `operators' in version `normal'
(Font)                  OT1/cmr/m/n --> OT1/minntx/m/n on input line 390.
LaTeX Font Info:    Overwriting symbol font `operators' in version `bold'
(Font)                  OT1/cmr/bx/n --> OT1/minntx/m/n on input line 390.
LaTeX Font Info:    Overwriting symbol font `operators' in version `bold'
(Font)                  OT1/minntx/m/n --> OT1/minntx/b/n on input line 391.
LaTeX Font Info:    Redeclaring math alphabet \mathsf on input line 397.
LaTeX Font Info:    Overwriting math alphabet `\mathsf' in version `normal'
(Font)                  OT1/cmss/m/n --> T1/qhv/m/n on input line 397.
LaTeX Font Info:    Overwriting math alphabet `\mathsf' in version `bold'
(Font)                  OT1/cmss/bx/n --> T1/qhv/m/n on input line 397.
LaTeX Font Info:    Redeclaring math alphabet \mathit on input line 398.
LaTeX Font Info:    Overwriting math alphabet `\mathit' in version `normal'
(Font)                  OT1/cmr/m/it --> OT1/minntx/m/it on input line 398.
LaTeX Font Info:    Overwriting math alphabet `\mathit' in version `bold'
(Font)                  OT1/cmr/bx/it --> OT1/minntx/m/it on input line 398.
LaTeX Font Info:    Redeclaring math alphabet \mathtt on input line 399.
LaTeX Font Info:    Overwriting math alphabet `\mathtt' in version `normal'
(Font)                  OT1/cmtt/m/n --> T1/ntxtt/m/n on input line 399.
LaTeX Font Info:    Overwriting math alphabet `\mathtt' in version `bold'
(Font)                  OT1/cmtt/m/n --> T1/ntxtt/m/n on input line 399.
LaTeX Font Info:    Redeclaring math alphabet \mathbf on input line 401.
LaTeX Font Info:    Overwriting math alphabet `\mathbf' in version `normal'
(Font)                  OT1/cmr/bx/n --> OT1/minntx/b/n on input line 401.
LaTeX Font Info:    Overwriting math alphabet `\mathbf' in version `bold'
(Font)                  OT1/cmr/bx/n --> OT1/minntx/b/n on input line 401.
LaTeX Font Info:    Overwriting math alphabet `\mathit' in version `bold'
(Font)                  OT1/minntx/m/it --> OT1/minntx/b/it on input line 402.
LaTeX Font Info:    Overwriting math alphabet `\mathsf' in version `bold'
(Font)                  T1/qhv/m/n --> T1/qhv/b/n on input line 403.
LaTeX Font Info:    Overwriting math alphabet `\mathtt' in version `bold'
(Font)                  T1/ntxtt/m/n --> T1/ntxtt/b/n on input line 404.
LaTeX Font Info:    Redeclaring symbol font `letters' on input line 506.
LaTeX Font Info:    Overwriting symbol font `letters' in version `normal'
(Font)                  OML/cmm/m/it --> OML/ntxmi/m/it on input line 506.
LaTeX Font Info:    Overwriting symbol font `letters' in version `bold'
(Font)                  OML/cmm/b/it --> OML/ntxmi/m/it on input line 506.
LaTeX Font Info:    Overwriting symbol font `letters' in version `bold'
(Font)                  OML/ntxmi/m/it --> OML/ntxmi/b/it on input line 507.
\symlettersA=\mathgroup6
LaTeX Font Info:    Overwriting symbol font `lettersA' in version `bold'
(Font)                  U/ntxmia/m/it --> U/ntxmia/b/it on input line 562.
LaTeX Font Info:    Redeclaring math alphabet \mathfrak on input line 564.
Now handling font encoding LMS ...
... no UTF-8 mapping file for font encoding LMS
LaTeX Font Info:    Redeclaring symbol font `symbols' on input line 583.
LaTeX Font Info:    Encoding `OMS' has changed to `LMS' for symbol font
(Font)              `symbols' in the math version `normal' on input line 583.
LaTeX Font Info:    Overwriting symbol font `symbols' in version `normal'
(Font)                  OMS/cmsy/m/n --> LMS/ntxsy/m/n on input line 583.
LaTeX Font Info:    Encoding `OMS' has changed to `LMS' for symbol font
(Font)              `symbols' in the math version `bold' on input line 583.
LaTeX Font Info:    Overwriting symbol font `symbols' in version `bold'
(Font)                  OMS/cmsy/b/n --> LMS/ntxsy/m/n on input line 583.
LaTeX Font Info:    Overwriting symbol font `symbols' in version `bold'
(Font)                  LMS/ntxsy/m/n --> LMS/ntxsy/b/n on input line 584.
\symAMSm=\mathgroup7
LaTeX Font Info:    Overwriting symbol font `AMSm' in version `bold'
(Font)                  U/ntxsym/m/n --> U/ntxsym/b/n on input line 609.
\symsymbolsC=\mathgroup8
LaTeX Font Info:    Overwriting symbol font `symbolsC' in version `bold'
(Font)                  U/ntxsyc/m/n --> U/ntxsyc/b/n on input line 630.
Now handling font encoding LMX ...
... no UTF-8 mapping file for font encoding LMX
LaTeX Font Info:    Redeclaring symbol font `largesymbols' on input line 643.
LaTeX Font Info:    Encoding `OMX' has changed to `LMX' for symbol font
(Font)              `largesymbols' in the math version `normal' on input line 643.
LaTeX Font Info:    Overwriting symbol font `largesymbols' in version `normal'
(Font)                  OMX/cmex/m/n --> LMX/ntxexx/m/n on input line 643.
LaTeX Font Info:    Encoding `OMX' has changed to `LMX' for symbol font
(Font)              `largesymbols' in the math version `bold' on input line 643.
LaTeX Font Info:    Overwriting symbol font `largesymbols' in version `bold'
(Font)                  OMX/cmex/m/n --> LMX/ntxexx/m/n on input line 643.
LaTeX Font Info:    Overwriting symbol font `largesymbols' in version `bold'
(Font)                  LMX/ntxexx/m/n --> LMX/ntxexx/b/n on input line 644.
\symlargesymbolsTXA=\mathgroup9
LaTeX Font Info:    Overwriting symbol font `largesymbolsTXA' in version `bold'
(Font)                  U/ntxexa/m/n --> U/ntxexa/b/n on input line 658.
\tx@sbptoks=\toks29
LaTeX Font Info:    Redeclaring math delimiter \lfloor on input line 881.
LaTeX Font Info:    Redeclaring math delimiter \rfloor on input line 882.
LaTeX Font Info:    Redeclaring math delimiter \lceil on input line 883.
LaTeX Font Info:    Redeclaring math delimiter \rceil on input line 884.
LaTeX Font Info:    Redeclaring math delimiter \lbrace on input line 889.
LaTeX Font Info:    Redeclaring math delimiter \rbrace on input line 890.
LaTeX Font Info:    Redeclaring math delimiter \langle on input line 892.
LaTeX Font Info:    Redeclaring math delimiter \rangle on input line 894.
LaTeX Font Info:    Redeclaring math delimiter \arrowvert on input line 898.
LaTeX Font Info:    Redeclaring math delimiter \vert on input line 899.
LaTeX Font Info:    Redeclaring math accent \dot on input line 970.
LaTeX Font Info:    Redeclaring math accent \ddot on input line 971.
LaTeX Font Info:    Redeclaring math accent \vec on input line 2044.
LaTeX Info: Redefining \Bbbk on input line 2834.
LaTeX Info: Redefining \not on input line 2982.
)
\c@problem=\count283
\c@example=\count284
\c@lemma=\count285
\c@theorem=\count286


./vene.tex:14: LaTeX Error: Command \problem already defined.
               Or name \end... illegal, see p.192 of the manual.

See the LaTeX manual or LaTeX Companion for explanation.
Type  H <return>  for immediate help.
 ...                                              
                                                  
l.14 \newtheorem
                {example}{Example} \newtheorem{definition}{Definition}
Your command was ignored.
Type  I <command> <return>  to replace it with another command,
or  <return>  to continue without it.


./vene.tex:14: LaTeX Error: Command \example already defined.
               Or name \end... illegal, see p.192 of the manual.

See the LaTeX manual or LaTeX Companion for explanation.
Type  H <return>  for immediate help.
 ...                                              
                                                  
l.14 \newtheorem{example}{Example} \newtheorem
                                              {definition}{Definition}
Your command was ignored.
Type  I <command> <return>  to replace it with another command,
or  <return>  to continue without it.

\c@definition=\count287

./vene.tex:16: LaTeX Error: Command \lemma already defined.
               Or name \end... illegal, see p.192 of the manual.

See the LaTeX manual or LaTeX Companion for explanation.
Type  H <return>  for immediate help.
 ...                                              
                                                  
l.16 \newtheorem
                {theorem}{Theorem}
Your command was ignored.
Type  I <command> <return>  to replace it with another command,
or  <return>  to continue without it.


./vene.tex:17: LaTeX Error: Command \theorem already defined.
               Or name \end... illegal, see p.192 of the manual.

See the LaTeX manual or LaTeX Companion for explanation.
Type  H <return>  for immediate help.
 ...                                              
                                                  
l.17 \DeclareMathAlphabet
                         {\mathcal}{OMS}{cmsy}{m}{n}
Your command was ignored.
Type  I <command> <return>  to replace it with another command,
or  <return>  to continue without it.

LaTeX Font Info:    Redeclaring math alphabet \mathcal on input line 17.
(/usr/share/texlive/texmf-dist/tex/latex/parskip/parskip.sty
Package: parskip 2021-03-14 v2.0h non-zero parskip adjustments
 (/usr/share/texlive/texmf-dist/tex/latex/kvoptions/kvoptions.sty
Package: kvoptions 2022-06-15 v3.15 Key value format for package options (HO)
 (/usr/share/texlive/texmf-dist/tex/generic/ltxcmds/ltxcmds.sty
Package: ltxcmds 2023-12-04 v1.26 LaTeX kernel commands for general use (HO)
) (/usr/share/texlive/texmf-dist/tex/latex/kvsetkeys/kvsetkeys.sty
Package: kvsetkeys 2022-10-05 v1.19 Key value parser (HO)
)))
LaTeX Font Info:    Trying to load font information for T1+ntxtlf on input line 20.
 (/usr/share/texlive/texmf-dist/tex/latex/newtx/t1ntxtlf.fd
File: t1ntxtlf.fd 2021/05/24 v1.1 font definition file for T1/ntx/tlf
)
LaTeX Font Info:    Font shape `T1/ntxtlf/m/n' will be
(Font)              scaled to size 12.0pt on input line 20.
 (./vene.aux)
\openout1 = `vene.aux'.

LaTeX Font Info:    Checking defaults for OML/ntxmi/m/it on input line 20.
LaTeX Font Info:    Trying to load font information for OML+ntxmi on input line 20.
 (/usr/share/texlive/texmf-dist/tex/latex/newtx/omlntxmi.fd
File: omlntxmi.fd 2015/08/25 Fontinst v1.933 font definitions for OML/ntxmi.
)
LaTeX Font Info:    ... okay on input line 20.
LaTeX Font Info:    Checking defaults for OMS/cmsy/m/n on input line 20.
LaTeX Font Info:    ... okay on input line 20.
LaTeX Font Info:    Checking defaults for OT1/cmr/m/n on input line 20.
LaTeX Font Info:    ... okay on input line 20.
LaTeX Font Info:    Checking defaults for T1/cmr/m/n on input line 20.
LaTeX Font Info:    ... okay on input line 20.
LaTeX Font Info:    Checking defaults for TS1/cmr/m/n on input line 20.
LaTeX Font Info:    ... okay on input line 20.
LaTeX Font Info:    Checking defaults for OMX/cmex/m/n on input line 20.
LaTeX Font Info:    ... okay on input line 20.
LaTeX Font Info:    Checking defaults for U/ntxexa/m/n on input line 20.
LaTeX Font Info:    Trying to load font information for U+ntxexa on input line 20.
 (/usr/share/texlive/texmf-dist/tex/latex/newtx/untxexa.fd
File: untxexa.fd 2012/04/16 Fontinst v1.933 font definitions for U/ntxexa.
)
LaTeX Font Info:    ... okay on input line 20.
LaTeX Font Info:    Checking defaults for LMS/ntxsy/m/n on input line 20.
LaTeX Font Info:    Trying to load font information for LMS+ntxsy on input line 20.
 (/usr/share/texlive/texmf-dist/tex/latex/newtx/lmsntxsy.fd
File: lmsntxsy.fd 2016/07/02 Fontinst v1.933 font definitions for LMS/ntxsy.
)
LaTeX Font Info:    ... okay on input line 20.
LaTeX Font Info:    Checking defaults for LMX/ntxexx/m/n on input line 20.
LaTeX Font Info:    Trying to load font information for LMX+ntxexx on input line 20.
 (/usr/share/texlive/texmf-dist/tex/latex/newtx/lmxntxexx.fd
File: lmxntxexx.fd 2016/07/03 Fontinst v1.933 font definitions for LMX/ntxexx.
)
LaTeX Font Info:    ... okay on input line 20.
 (/usr/share/texlive/texmf-dist/tex/context/base/mkii/supp-pdf.mkii
[Loading MPS to PDF converter (version 2006.09.02).]
\scratchcounter=\count288
\scratchdimen=\dimen164
\scratchbox=\box54
\nofMPsegments=\count289
\nofMParguments=\count290
\everyMPshowfont=\toks30
\MPscratchCnt=\count291
\MPscratchDim=\dimen165
\MPnumerator=\count292
\makeMPintoPDFobject=\count293
\everyMPtoPDFconversion=\toks31
)
\c@mv@tabular=\count294
\c@mv@boldtabular=\count295
LaTeX Info: Command `\dddot' is already robust on input line 20.
LaTeX Info: Command `\ddddot' is already robust on input line 20.
 [1

{/var/lib/texmf/fonts/map/pdftex/updmap/pdftex.map}{/usr/share/texlive/texmf-dist/fonts/enc/dvips/newtx/ntx-ec-tlf.enc}] [2]
./vene.tex:138: Missing $ inserted.
<inserted text> 
                $
l.138 .../legal.un.org/repertory/art2/english/rep_
                                                  supp7_vol1_art2_4.pdf
I've inserted a begin-math/end-math symbol since I think
you left one out. Proceed, with fingers crossed.

LaTeX Font Info:    Trying to load font information for OT1+minntx on input line 138.
(/usr/share/texlive/texmf-dist/tex/latex/newtx/ot1minntx.fd
File: ot1minntx.fd 2023/09/09 v1.1 font definition file for OT1/minntx
)
LaTeX Font Info:    Trying to load font information for U+msa on input line 138.
 (/usr/share/texlive/texmf-dist/tex/latex/amsfonts/umsa.fd
File: umsa.fd 2013/01/14 v3.01 AMS symbols A
)
LaTeX Font Info:    Trying to load font information for U+msb on input line 138.
 (/usr/share/texlive/texmf-dist/tex/latex/amsfonts/umsb.fd
File: umsb.fd 2013/01/14 v3.01 AMS symbols B
)
LaTeX Font Info:    Trying to load font information for U+ntxmia on input line 138.
 (/usr/share/texlive/texmf-dist/tex/latex/newtx/untxmia.fd
File: untxmia.fd 2018/04/14 Fontinst v1.933 font definitions for U/ntxmia.
)
LaTeX Font Info:    Trying to load font information for U+ntxsym on input line 138.
 (/usr/share/texlive/texmf-dist/tex/latex/newtx/untxsym.fd
File: untxsym.fd 2023/08/16 Fontinst v1.933 font definitions for U/ntxsym.
)
LaTeX Font Info:    Trying to load font information for U+ntxsyc on input line 138.
 (/usr/share/texlive/texmf-dist/tex/latex/newtx/untxsyc.fd
File: untxsyc.fd 2012/04/12 Fontinst v1.933 font definitions for U/ntxsyc.
)
./vene.tex:155: Missing $ inserted.
<inserted text> 
                $
l.155 
      
I've inserted a begin-math/end-math symbol since I think
you left one out. Proceed, with fingers crossed.


Overfull \hbox (13.83595pt too wide) in paragraph at lines 126--155
[]\T1/ntxtlf/m/n/12 [1] https://www.theguardian.com/world/2026/jan/04/maduro-indictment-trump-tren-
 []


Overfull \hbox (3.63588pt too wide) in paragraph at lines 126--155
\T1/ntxtlf/m/n/12 de-aragua [2] https://www.whitehouse.gov/presidential-actions/2025/03/imposing-
 []


Overfull \hbox (92.4959pt too wide) in paragraph at lines 126--155
\T1/ntxtlf/m/n/12 tariffs-on-countries-importing-venezuelan-oil/ [3] https://www.aljazeera.com/news/2025/3/24/trump-
 []


Overfull \hbox (216.57591pt too wide) in paragraph at lines 126--155
\T1/ntxtlf/m/n/12 to-impose-25-percent-tariffs-on-countries-that-buy-oil-from-venezuela [4] https://www.bbc.com/mundo/articles/c8r0d6yy058o
 []


Overfull \hbox (18.04796pt too wide) in paragraph at lines 126--155
\T1/ntxtlf/m/n/12 [5] https://www.nytimes.com/2026/01/03/world/americas/cia-venezuela-maduro.html
 []


Overfull \hbox (27.26396pt too wide) in paragraph at lines 126--155
\T1/ntxtlf/m/n/12 [6] https://www.aljazeera.com/news/2025/11/14/us-announces-southern-spear-mission-
 []


Overfull \hbox (31.95587pt too wide) in paragraph at lines 126--155
\T1/ntxtlf/m/n/12 as-forces-deploy-to-south-america [7] https://www.bbc.com/news/articles/cwyr3q3xlqzo
 []


Overfull \hbox (21.63597pt too wide) in paragraph at lines 126--155
\T1/ntxtlf/m/n/12 [8] https://www.hrw.org/news/2025/12/16/qa-us-military-operations-in-the-caribbean-
 []


Overfull \hbox (29.1359pt too wide) in paragraph at lines 126--155
\T1/ntxtlf/m/n/12 pacific [9] https://www.theguardian.com/world/2025/nov/12/trump-caribbean-warships-
 []


Overfull \hbox (11.3519pt too wide) in paragraph at lines 126--155
\T1/ntxtlf/m/n/12 venezuela-conflict [10] https://www.aljazeera.com/news/2025/11/23/airlines-cancel-
 []


Overfull \hbox (30.71988pt too wide) in paragraph at lines 126--155
\T1/ntxtlf/m/n/12 flights-to-venezuela-amid-us-military-buildup [11] https://slopezpereyra.github.io/2024-
 []


Overfull \hbox (3.79192pt too wide) in paragraph at lines 126--155
\T1/ntxtlf/m/n/12 12-07-TorturaNi[12] https://www.amnistia.org/en/news/2024/08/27038/venezuela-
 []


Overfull \hbox (319.51854pt too wide) in paragraph at lines 126--155
\T1/ntxtlf/m/n/12 international-organizations-condemn-the-high-levels-of-violence [13] https://legal.un.org/repertory/art2/english/rep$[]\OML/ntxmi/m/it/12 upp\OT1/minntx/m/n/12 7[]\OML/ntxmi/m/it/12 ol\OT1/minntx/m/n/12 1[]\OML/ntxmi/m/it/12 rt\OT1/minntx/m/n/12 2[]\OML/ntxmi/m/it/12 :pdf\LMS/ntxsy/m/n/12 ª\OT1/minntx/m/n/12 14\LMS/ntxsy/m/n/12 º\OML/ntxmi/m/it/12 https \OT1/minntx/m/n/12 :
 []


Overfull \hbox (50.07866pt too wide) in paragraph at lines 126--155
\LMS/ntxsy/m/n/12 ùù\OML/ntxmi/m/it/12 www:icc \LMS/ntxsy/m/n/12 ^^@ \OML/ntxmi/m/it/12 cpi:int\LMS/ntxsy/m/n/12 ù\OML/ntxmi/m/it/12 sites\LMS/ntxsy/m/n/12 ù\OML/ntxmi/m/it/12 default\LMS/ntxsy/m/n/12 ù\OML/ntxmi/m/it/12 files\LMS/ntxsy/m/n/12 ù\OT1/minntx/m/n/12 2024 \LMS/ntxsy/m/n/12 ^^@ \OT1/minntx/m/n/12 05\LMS/ntxsy/m/n/12 ù\OML/ntxmi/m/it/12 Rome \LMS/ntxsy/m/n/12 ^^@ \OML/ntxmi/m/it/12 Statute \LMS/ntxsy/m/n/12 ^^@ \OML/ntxmi/m/it/12 eng:pdf\LMS/ntxsy/m/n/12 ª\OT1/minntx/m/n/12 15\LMS/ntxsy/m/n/12 º\OML/ntxmi/m/it/12 https \OT1/minntx/m/n/12 :
 []


Overfull \hbox (48.28185pt too wide) in paragraph at lines 126--155
\OML/ntxmi/m/it/12 from \LMS/ntxsy/m/n/12 ^^@ \OML/ntxmi/m/it/12 international \LMS/ntxsy/m/n/12 ^^@ \OML/ntxmi/m/it/12 criminal \LMS/ntxsy/m/n/12 ^^@ \OML/ntxmi/m/it/12 courts \LMS/ntxsy/m/n/12 ^^@ \OML/ntxmi/m/it/12 rome \LMS/ntxsy/m/n/12 ^^@ \OML/ntxmi/m/it/12 statute\LMS/ntxsy/m/n/12 ª\OT1/minntx/m/n/12 16\LMS/ntxsy/m/n/12 º\OML/ntxmi/m/it/12 https \OT1/minntx/m/n/12 : \LMS/ntxsy/m/n/12 ùù\OML/ntxmi/m/it/12 www:icj:org\LMS/ntxsy/m/n/12 ù\OML/ntxmi/m/it/12 us \LMS/ntxsy/m/n/12 ^^@
 []


Overfull \hbox (67.26318pt too wide) in paragraph at lines 126--155
\OML/ntxmi/m/it/12 international \LMS/ntxsy/m/n/12 ^^@ \OML/ntxmi/m/it/12 law\LMS/ntxsy/m/n/12 ùª\OT1/minntx/m/n/12 17\LMS/ntxsy/m/n/12 º\OML/ntxmi/m/it/12 https \OT1/minntx/m/n/12 : \LMS/ntxsy/m/n/12 ùù\OML/ntxmi/m/it/12 www:bbc:com\LMS/ntxsy/m/n/12 ù\OML/ntxmi/m/it/12 news\LMS/ntxsy/m/n/12 ù\OML/ntxmi/m/it/12 articles\LMS/ntxsy/m/n/12 ù\OML/ntxmi/m/it/12 crkr\OT1/minntx/m/n/12 4\OML/ntxmi/m/it/12 y\OT1/minntx/m/n/12 717\OML/ntxmi/m/it/12 k\OT1/minntx/m/n/12 7\OML/ntxmi/m/it/12 o\LMS/ntxsy/m/n/12 ª\OT1/minntx/m/n/12 18\LMS/ntxsy/m/n/12 º\OML/ntxmi/m/it/12 https \OT1/minntx/m/n/12 :
 []


Overfull \hbox (90.22844pt too wide) in paragraph at lines 126--155
\OT1/minntx/m/n/12 05\LMS/ntxsy/m/n/12 ùª\OT1/minntx/m/n/12 19\LMS/ntxsy/m/n/12 º\OML/ntxmi/m/it/12 https \OT1/minntx/m/n/12 : \LMS/ntxsy/m/n/12 ùù\OML/ntxmi/m/it/12 www:bbc:com\LMS/ntxsy/m/n/12 ù\OML/ntxmi/m/it/12 news\LMS/ntxsy/m/n/12 ù\OML/ntxmi/m/it/12 live\LMS/ntxsy/m/n/12 ù\OML/ntxmi/m/it/12 ckgx\OT1/minntx/m/n/12 05\OML/ntxmi/m/it/12 erygvt\LMS/ntxsy/m/n/12 ª\OT1/minntx/m/n/12 20\LMS/ntxsy/m/n/12 º\OML/ntxmi/m/it/12 https \OT1/minntx/m/n/12 : \LMS/ntxsy/m/n/12 ùù\OML/ntxmi/m/it/12 www:vox:com\LMS/ntxsy/m/n/12 ù\OML/ntxmi/m/it/12 today \LMS/ntxsy/m/n/12 ^^@
 []


Overfull \hbox (35.4354pt too wide) in paragraph at lines 126--155
\LMS/ntxsy/m/n/12 ùù\OML/ntxmi/m/it/12 www:theguardian:com\LMS/ntxsy/m/n/12 ù\OML/ntxmi/m/it/12 global \LMS/ntxsy/m/n/12 ^^@ \OML/ntxmi/m/it/12 development\LMS/ntxsy/m/n/12 ù\OT1/minntx/m/n/12 2025\LMS/ntxsy/m/n/12 ù\OML/ntxmi/m/it/12 nov\LMS/ntxsy/m/n/12 ù\OT1/minntx/m/n/12 07\LMS/ntxsy/m/n/12 ù\OML/ntxmi/m/it/12 drug \LMS/ntxsy/m/n/12 ^^@ \OML/ntxmi/m/it/12 trafficking \LMS/ntxsy/m/n/12 ^^@
 []


Overfull \hbox (6.04202pt too wide) in paragraph at lines 126--155
\OML/ntxmi/m/it/12 in \LMS/ntxsy/m/n/12 ^^@ \OML/ntxmi/m/it/12 venezuela\LMS/ntxsy/m/n/12 ª\OT1/minntx/m/n/12 22\LMS/ntxsy/m/n/12 º\OML/ntxmi/m/it/12 https \OT1/minntx/m/n/12 : \LMS/ntxsy/m/n/12 ùù\OML/ntxmi/m/it/12 www:reuters:com\LMS/ntxsy/m/n/12 ù\OML/ntxmi/m/it/12 business\LMS/ntxsy/m/n/12 ù\OML/ntxmi/m/it/12 energy\LMS/ntxsy/m/n/12 ù\OML/ntxmi/m/it/12 venezuelan \LMS/ntxsy/m/n/12 ^^@
 []


Overfull \hbox (11.93999pt too wide) in paragraph at lines 126--155
\OML/ntxmi/m/it/12 gas\LMS/ntxsy/m/n/12 ùª\OT1/minntx/m/n/12 24\LMS/ntxsy/m/n/12 º\OML/ntxmi/m/it/12 https \OT1/minntx/m/n/12 : \LMS/ntxsy/m/n/12 ùù\OML/ntxmi/m/it/12 www:reuters:com\LMS/ntxsy/m/n/12 ù\OML/ntxmi/m/it/12 business\LMS/ntxsy/m/n/12 ù\OML/ntxmi/m/it/12 energy\LMS/ntxsy/m/n/12 ù\OML/ntxmi/m/it/12 venezuela \LMS/ntxsy/m/n/12 ^^@ \OML/ntxmi/m/it/12 approves \LMS/ntxsy/m/n/12 ^^@
 []


Overfull \hbox (188.20174pt too wide) in paragraph at lines 126--155
\OML/ntxmi/m/it/12 trump \LMS/ntxsy/m/n/12 ^^@ \OML/ntxmi/m/it/12 attack \LMS/ntxsy/m/n/12 ^^@ \OML/ntxmi/m/it/12 china \LMS/ntxsy/m/n/12 ^^@ \OML/ntxmi/m/it/12 interests \LMS/ntxsy/m/n/12 ^^@ \OML/ntxmi/m/it/12 analysis\LMS/ntxsy/m/n/12 ª\OT1/minntx/m/n/12 26\LMS/ntxsy/m/n/12 º\OML/ntxmi/m/it/12 https \OT1/minntx/m/n/12 : \LMS/ntxsy/m/n/12 ùù\OML/ntxmi/m/it/12 www:theguardian:com\LMS/ntxsy/m/n/12 ù\OML/ntxmi/m/it/12 world\LMS/ntxsy/m/n/12 ù\OT1/minntx/m/n/12 2026\LMS/ntxsy/m/n/12 ù\OML/ntxmi/m/it/12 jan\LMS/ntxsy/m/n/12 ù\OT1/minntx/m/n/12 04\LMS/ntxsy/m/n/12 ù\OML/ntxmi/m/it/12 venezuela \LMS/ntxsy/m/n/12 ^^@
 []


Overfull \hbox (210.5337pt too wide) in paragraph at lines 126--155
\OML/ntxmi/m/it/12 us \LMS/ntxsy/m/n/12 ^^@ \OML/ntxmi/m/it/12 capture \LMS/ntxsy/m/n/12 ^^@ \OML/ntxmi/m/it/12 nicolas \LMS/ntxsy/m/n/12 ^^@ \OML/ntxmi/m/it/12 maduro \LMS/ntxsy/m/n/12 ^^@ \OML/ntxmi/m/it/12 anxiety \LMS/ntxsy/m/n/12 ^^@ \OML/ntxmi/m/it/12 cuba\LMS/ntxsy/m/n/12 ª\OT1/minntx/m/n/12 27\LMS/ntxsy/m/n/12 º\OML/ntxmi/m/it/12 https \OT1/minntx/m/n/12 : \LMS/ntxsy/m/n/12 ùù\OML/ntxmi/m/it/12 www:nytimes:com\LMS/ntxsy/m/n/12 ù\OT1/minntx/m/n/12 2026\LMS/ntxsy/m/n/12 ù\OT1/minntx/m/n/12 01\LMS/ntxsy/m/n/12 ù\OT1/minntx/m/n/12 05\LMS/ntxsy/m/n/12 ù\OML/ntxmi/m/it/12 world\LMS/ntxsy/m/n/12 ù\OML/ntxmi/m/it/12 americas\LMS/ntxsy/m/n/12 ù\OML/ntxmi/m/it/12 trump \LMS/ntxsy/m/n/12 ^^@
 []


Overfull \hbox (56.31598pt too wide) in paragraph at lines 126--155
\OML/ntxmi/m/it/12 venezuela \LMS/ntxsy/m/n/12 ^^@ \OML/ntxmi/m/it/12 cuba:html\LMS/ntxsy/m/n/12 ª\OT1/minntx/m/n/12 28\LMS/ntxsy/m/n/12 º\OML/ntxmi/m/it/12 https \OT1/minntx/m/n/12 : \LMS/ntxsy/m/n/12 ùù\OML/ntxmi/m/it/12 www:nytimes:com\LMS/ntxsy/m/n/12 ù\OT1/minntx/m/n/12 2026\LMS/ntxsy/m/n/12 ù\OT1/minntx/m/n/12 01\LMS/ntxsy/m/n/12 ù\OT1/minntx/m/n/12 05\LMS/ntxsy/m/n/12 ù\OML/ntxmi/m/it/12 espanol\LMS/ntxsy/m/n/12 ù\OML/ntxmi/m/it/12 america \LMS/ntxsy/m/n/12 ^^@
 []


Overfull \hbox (99.57585pt too wide) in paragraph at lines 126--155
\OML/ntxmi/m/it/12 latina\LMS/ntxsy/m/n/12 ù\OML/ntxmi/m/it/12 petro \LMS/ntxsy/m/n/12 ^^@ \OML/ntxmi/m/it/12 trump \LMS/ntxsy/m/n/12 ^^@ \OML/ntxmi/m/it/12 colombia:html\LMS/ntxsy/m/n/12 ª\OT1/minntx/m/n/12 29\LMS/ntxsy/m/n/12 º\OML/ntxmi/m/it/12 https \OT1/minntx/m/n/12 : \LMS/ntxsy/m/n/12 ùù\OML/ntxmi/m/it/12 www:bbc:com\LMS/ntxsy/m/n/12 ù\OML/ntxmi/m/it/12 news\LMS/ntxsy/m/n/12 ù\OML/ntxmi/m/it/12 articles\LMS/ntxsy/m/n/12 ù\OML/ntxmi/m/it/12 c\OT1/minntx/m/n/12 4\OML/ntxmi/m/it/12 g\OT1/minntx/m/n/12 0\OML/ntxmi/m/it/12 zg\OT1/minntx/m/n/12 974\OML/ntxmi/m/it/12 v\OT1/minntx/m/n/12 1\OML/ntxmi/m/it/12 o$ 
 []

[3{/usr/share/texlive/texmf-dist/fonts/enc/dvips/newtx/ntx-ot1-tlf.enc}] [4] (./vene.aux)
 ***********
LaTeX2e <2023-11-01> patch level 1
L3 programming layer <2020/03/25>
 ***********
 ) 
Here is how much of TeX's memory you used:
 7064 strings out of 474222
 97651 string characters out of 5748733
 1934975 words of memory out of 5000000
 29204 multiletter control sequences out of 15000+600000
 579574 words of font info for 79 fonts, out of 8000000 for 9000
 1141 hyphenation exceptions out of 8191
 80i,6n,93p,497b,112s stack positions out of 10000i,1000n,20000p,200000b,200000s
</usr/share/texlive/texmf-dist/fonts/type1/public/newtx/NewTXMI.pfb></usr/share/texlive/texmf-dist/fonts/type1/public/newtx/txsys.pfb></usr/share/texlive/texmf-dist/fonts/type1/public/newtx/ztmr.pfb>
Output written on vene.pdf (4 pages, 76359 bytes).
PDF statistics:
 37 PDF objects out of 1000 (max. 8388607)
 23 compressed objects within 1 object stream
 0 named destinations out of 1000 (max. 500000)
 1 words of extra memory for PDF output out of 10000 (max. 10000000)

